[INFO 2017-07-31 20:14:47,043 demo.py:182] Namespace(batch_size=64, bg_move=False, bg_noise=0.5, bidirection=False, data='box', display=False, fg_noise=0.1, image_size=32, init_model_path='', learning_rate=0.001, method='unsupervised', motion_range=1, num_frame=3, num_objects=1, save_dir='./', save_display=False, save_display_dir='./', test=False, test_epoch=10, test_gt=False, test_interval=100, train=True, train_epoch=1000)
[INFO 2017-07-31 20:14:49,355 demo.py:71] epoch 0, train loss: 36140.33, average train loss: 36140.33, base loss: 3899.59
[INFO 2017-07-31 20:14:49,819 demo.py:71] epoch 1, train loss: 31886.14, average train loss: 34013.23, base loss: 4241.32
[INFO 2017-07-31 20:14:50,288 demo.py:71] epoch 2, train loss: 29593.55, average train loss: 32540.01, base loss: 4080.23
[INFO 2017-07-31 20:14:50,768 demo.py:71] epoch 3, train loss: 27842.17, average train loss: 31365.55, base loss: 4135.97
[INFO 2017-07-31 20:14:51,249 demo.py:71] epoch 4, train loss: 27192.37, average train loss: 30530.91, base loss: 4169.58
[INFO 2017-07-31 20:14:51,729 demo.py:71] epoch 5, train loss: 26795.22, average train loss: 29908.30, base loss: 4181.11
[INFO 2017-07-31 20:14:52,204 demo.py:71] epoch 6, train loss: 26179.27, average train loss: 29375.58, base loss: 4163.59
[INFO 2017-07-31 20:14:52,681 demo.py:71] epoch 7, train loss: 25204.10, average train loss: 28854.14, base loss: 4138.90
[INFO 2017-07-31 20:14:53,157 demo.py:71] epoch 8, train loss: 25139.75, average train loss: 28441.43, base loss: 4113.36
[INFO 2017-07-31 20:14:53,636 demo.py:71] epoch 9, train loss: 25015.28, average train loss: 28098.82, base loss: 4112.86
[INFO 2017-07-31 20:14:54,115 demo.py:71] epoch 10, train loss: 24521.86, average train loss: 27773.64, base loss: 4125.28
[INFO 2017-07-31 20:14:54,585 demo.py:71] epoch 11, train loss: 24781.51, average train loss: 27524.30, base loss: 4137.98
[INFO 2017-07-31 20:14:55,054 demo.py:71] epoch 12, train loss: 23926.19, average train loss: 27247.52, base loss: 4113.92
[INFO 2017-07-31 20:14:55,522 demo.py:71] epoch 13, train loss: 24083.67, average train loss: 27021.53, base loss: 4156.52
[INFO 2017-07-31 20:14:55,988 demo.py:71] epoch 14, train loss: 23891.25, average train loss: 26812.84, base loss: 4132.94
[INFO 2017-07-31 20:14:56,462 demo.py:71] epoch 15, train loss: 23611.34, average train loss: 26612.75, base loss: 4129.92
[INFO 2017-07-31 20:14:56,934 demo.py:71] epoch 16, train loss: 23735.66, average train loss: 26443.51, base loss: 4130.21
[INFO 2017-07-31 20:14:57,403 demo.py:71] epoch 17, train loss: 23647.71, average train loss: 26288.19, base loss: 4114.95
[INFO 2017-07-31 20:14:57,877 demo.py:71] epoch 18, train loss: 23363.66, average train loss: 26134.27, base loss: 4119.16
[INFO 2017-07-31 20:14:58,348 demo.py:71] epoch 19, train loss: 23224.04, average train loss: 25988.75, base loss: 4108.66
[INFO 2017-07-31 20:14:58,821 demo.py:71] epoch 20, train loss: 22984.90, average train loss: 25845.71, base loss: 4085.60
[INFO 2017-07-31 20:14:59,290 demo.py:71] epoch 21, train loss: 23134.61, average train loss: 25722.48, base loss: 4076.59
[INFO 2017-07-31 20:14:59,765 demo.py:71] epoch 22, train loss: 22568.68, average train loss: 25585.36, base loss: 4083.56
[INFO 2017-07-31 20:15:00,235 demo.py:71] epoch 23, train loss: 22767.50, average train loss: 25467.95, base loss: 4083.28
[INFO 2017-07-31 20:15:00,710 demo.py:71] epoch 24, train loss: 21920.00, average train loss: 25326.03, base loss: 4074.83
[INFO 2017-07-31 20:15:01,181 demo.py:71] epoch 25, train loss: 21686.00, average train loss: 25186.03, base loss: 4064.09
[INFO 2017-07-31 20:15:01,650 demo.py:71] epoch 26, train loss: 21127.11, average train loss: 25035.70, base loss: 4080.85
[INFO 2017-07-31 20:15:02,120 demo.py:71] epoch 27, train loss: 20662.55, average train loss: 24879.52, base loss: 4078.97
[INFO 2017-07-31 20:15:02,589 demo.py:71] epoch 28, train loss: 19493.08, average train loss: 24693.78, base loss: 4078.11
[INFO 2017-07-31 20:15:03,058 demo.py:71] epoch 29, train loss: 18508.69, average train loss: 24487.61, base loss: 4075.15
[INFO 2017-07-31 20:15:03,529 demo.py:71] epoch 30, train loss: 18061.81, average train loss: 24280.32, base loss: 4095.52
[INFO 2017-07-31 20:15:04,005 demo.py:71] epoch 31, train loss: 16694.13, average train loss: 24043.25, base loss: 4097.29
[INFO 2017-07-31 20:15:04,474 demo.py:71] epoch 32, train loss: 15549.19, average train loss: 23785.86, base loss: 4093.16
[INFO 2017-07-31 20:15:04,942 demo.py:71] epoch 33, train loss: 14551.71, average train loss: 23514.27, base loss: 4083.63
[INFO 2017-07-31 20:15:05,414 demo.py:71] epoch 34, train loss: 13790.99, average train loss: 23236.46, base loss: 4084.65
[INFO 2017-07-31 20:15:05,887 demo.py:71] epoch 35, train loss: 13057.45, average train loss: 22953.71, base loss: 4086.36
[INFO 2017-07-31 20:15:06,357 demo.py:71] epoch 36, train loss: 11618.35, average train loss: 22647.35, base loss: 4086.47
[INFO 2017-07-31 20:15:06,826 demo.py:71] epoch 37, train loss: 10836.19, average train loss: 22336.53, base loss: 4088.13
[INFO 2017-07-31 20:15:07,299 demo.py:71] epoch 38, train loss: 9863.38, average train loss: 22016.70, base loss: 4086.58
[INFO 2017-07-31 20:15:07,769 demo.py:71] epoch 39, train loss: 8686.66, average train loss: 21683.45, base loss: 4075.53
[INFO 2017-07-31 20:15:08,244 demo.py:71] epoch 40, train loss: 8104.56, average train loss: 21352.26, base loss: 4074.23
[INFO 2017-07-31 20:15:08,719 demo.py:71] epoch 41, train loss: 7416.06, average train loss: 21020.44, base loss: 4073.46
[INFO 2017-07-31 20:15:09,192 demo.py:71] epoch 42, train loss: 7252.73, average train loss: 20700.27, base loss: 4083.59
[INFO 2017-07-31 20:15:09,668 demo.py:71] epoch 43, train loss: 6563.89, average train loss: 20378.98, base loss: 4087.12
[INFO 2017-07-31 20:15:10,141 demo.py:71] epoch 44, train loss: 5962.34, average train loss: 20058.61, base loss: 4087.50
[INFO 2017-07-31 20:15:10,615 demo.py:71] epoch 45, train loss: 5777.87, average train loss: 19748.16, base loss: 4089.62
[INFO 2017-07-31 20:15:11,089 demo.py:71] epoch 46, train loss: 5035.70, average train loss: 19435.13, base loss: 4074.47
[INFO 2017-07-31 20:15:11,563 demo.py:71] epoch 47, train loss: 4932.15, average train loss: 19132.99, base loss: 4066.52
[INFO 2017-07-31 20:15:12,035 demo.py:71] epoch 48, train loss: 4945.07, average train loss: 18843.44, base loss: 4063.17
[INFO 2017-07-31 20:15:12,507 demo.py:71] epoch 49, train loss: 5055.48, average train loss: 18567.68, base loss: 4068.19
[INFO 2017-07-31 20:15:12,981 demo.py:71] epoch 50, train loss: 4673.19, average train loss: 18295.24, base loss: 4067.21
[INFO 2017-07-31 20:15:13,457 demo.py:71] epoch 51, train loss: 4854.21, average train loss: 18036.76, base loss: 4073.34
[INFO 2017-07-31 20:15:13,929 demo.py:71] epoch 52, train loss: 4389.12, average train loss: 17779.25, base loss: 4071.23
[INFO 2017-07-31 20:15:14,398 demo.py:71] epoch 53, train loss: 4636.98, average train loss: 17535.88, base loss: 4077.01
[INFO 2017-07-31 20:15:14,874 demo.py:71] epoch 54, train loss: 4355.72, average train loss: 17296.24, base loss: 4078.70
[INFO 2017-07-31 20:15:15,344 demo.py:71] epoch 55, train loss: 4273.65, average train loss: 17063.69, base loss: 4079.79
[INFO 2017-07-31 20:15:15,817 demo.py:71] epoch 56, train loss: 4324.58, average train loss: 16840.20, base loss: 4083.50
[INFO 2017-07-31 20:15:16,292 demo.py:71] epoch 57, train loss: 4116.11, average train loss: 16620.82, base loss: 4083.08
[INFO 2017-07-31 20:15:16,767 demo.py:71] epoch 58, train loss: 4294.65, average train loss: 16411.90, base loss: 4087.50
[INFO 2017-07-31 20:15:17,242 demo.py:71] epoch 59, train loss: 4425.93, average train loss: 16212.13, base loss: 4095.07
[INFO 2017-07-31 20:15:17,716 demo.py:71] epoch 60, train loss: 4231.04, average train loss: 16015.72, base loss: 4098.82
[INFO 2017-07-31 20:15:18,190 demo.py:71] epoch 61, train loss: 4431.82, average train loss: 15828.89, base loss: 4106.42
[INFO 2017-07-31 20:15:18,665 demo.py:71] epoch 62, train loss: 3755.59, average train loss: 15637.25, base loss: 4101.76
[INFO 2017-07-31 20:15:19,137 demo.py:71] epoch 63, train loss: 4243.50, average train loss: 15459.22, base loss: 4107.17
[INFO 2017-07-31 20:15:19,610 demo.py:71] epoch 64, train loss: 3340.18, average train loss: 15272.77, base loss: 4096.21
[INFO 2017-07-31 20:15:20,084 demo.py:71] epoch 65, train loss: 4220.39, average train loss: 15105.31, base loss: 4101.21
[INFO 2017-07-31 20:15:20,560 demo.py:71] epoch 66, train loss: 3803.64, average train loss: 14936.63, base loss: 4099.20
[INFO 2017-07-31 20:15:21,034 demo.py:71] epoch 67, train loss: 4055.63, average train loss: 14776.62, base loss: 4101.95
[INFO 2017-07-31 20:15:21,509 demo.py:71] epoch 68, train loss: 4273.52, average train loss: 14624.40, base loss: 4108.72
[INFO 2017-07-31 20:15:21,978 demo.py:71] epoch 69, train loss: 3588.26, average train loss: 14466.74, base loss: 4104.02
[INFO 2017-07-31 20:15:22,454 demo.py:71] epoch 70, train loss: 3650.67, average train loss: 14314.40, base loss: 4101.82
[INFO 2017-07-31 20:15:22,931 demo.py:71] epoch 71, train loss: 3818.80, average train loss: 14168.63, base loss: 4102.10
[INFO 2017-07-31 20:15:23,406 demo.py:71] epoch 72, train loss: 3732.33, average train loss: 14025.66, base loss: 4100.97
[INFO 2017-07-31 20:15:23,882 demo.py:71] epoch 73, train loss: 3816.77, average train loss: 13887.70, base loss: 4101.68
[INFO 2017-07-31 20:15:24,354 demo.py:71] epoch 74, train loss: 4003.51, average train loss: 13755.92, base loss: 4105.83
[INFO 2017-07-31 20:15:24,828 demo.py:71] epoch 75, train loss: 3565.12, average train loss: 13621.83, base loss: 4103.32
[INFO 2017-07-31 20:15:25,303 demo.py:71] epoch 76, train loss: 4125.47, average train loss: 13498.50, base loss: 4110.65
[INFO 2017-07-31 20:15:25,780 demo.py:71] epoch 77, train loss: 3482.93, average train loss: 13370.09, base loss: 4107.79
[INFO 2017-07-31 20:15:26,253 demo.py:71] epoch 78, train loss: 3469.20, average train loss: 13244.76, base loss: 4104.00
[INFO 2017-07-31 20:15:26,728 demo.py:71] epoch 79, train loss: 3284.26, average train loss: 13120.26, base loss: 4097.80
[INFO 2017-07-31 20:15:27,202 demo.py:71] epoch 80, train loss: 3423.27, average train loss: 13000.54, base loss: 4095.17
[INFO 2017-07-31 20:15:27,678 demo.py:71] epoch 81, train loss: 4061.28, average train loss: 12891.53, base loss: 4100.45
[INFO 2017-07-31 20:15:28,154 demo.py:71] epoch 82, train loss: 4290.50, average train loss: 12787.90, base loss: 4110.15
[INFO 2017-07-31 20:15:28,629 demo.py:71] epoch 83, train loss: 3541.71, average train loss: 12677.83, base loss: 4110.35
[INFO 2017-07-31 20:15:29,103 demo.py:71] epoch 84, train loss: 3672.60, average train loss: 12571.88, base loss: 4111.51
[INFO 2017-07-31 20:15:29,579 demo.py:71] epoch 85, train loss: 3452.22, average train loss: 12465.84, base loss: 4109.96
[INFO 2017-07-31 20:15:30,055 demo.py:71] epoch 86, train loss: 3148.43, average train loss: 12358.74, base loss: 4104.82
[INFO 2017-07-31 20:15:30,530 demo.py:71] epoch 87, train loss: 3482.20, average train loss: 12257.87, base loss: 4104.02
[INFO 2017-07-31 20:15:31,006 demo.py:71] epoch 88, train loss: 3496.13, average train loss: 12159.43, base loss: 4104.66
[INFO 2017-07-31 20:15:31,480 demo.py:71] epoch 89, train loss: 3314.81, average train loss: 12061.15, base loss: 4102.20
[INFO 2017-07-31 20:15:31,956 demo.py:71] epoch 90, train loss: 3352.26, average train loss: 11965.45, base loss: 4100.93
[INFO 2017-07-31 20:15:32,433 demo.py:71] epoch 91, train loss: 3139.13, average train loss: 11869.51, base loss: 4098.46
[INFO 2017-07-31 20:15:32,909 demo.py:71] epoch 92, train loss: 3526.33, average train loss: 11779.80, base loss: 4101.48
[INFO 2017-07-31 20:15:33,386 demo.py:71] epoch 93, train loss: 3476.36, average train loss: 11691.47, base loss: 4102.62
[INFO 2017-07-31 20:15:33,860 demo.py:71] epoch 94, train loss: 3574.05, average train loss: 11606.02, base loss: 4106.62
[INFO 2017-07-31 20:15:34,336 demo.py:71] epoch 95, train loss: 3483.90, average train loss: 11521.41, base loss: 4110.24
[INFO 2017-07-31 20:15:34,812 demo.py:71] epoch 96, train loss: 3056.19, average train loss: 11434.14, base loss: 4105.12
[INFO 2017-07-31 20:15:35,291 demo.py:71] epoch 97, train loss: 3469.65, average train loss: 11352.87, base loss: 4109.42
[INFO 2017-07-31 20:15:35,766 demo.py:71] epoch 98, train loss: 3395.38, average train loss: 11272.50, base loss: 4111.48
[INFO 2017-07-31 20:15:36,242 demo.py:71] epoch 99, train loss: 3220.21, average train loss: 11191.97, base loss: 4111.14
[INFO 2017-07-31 20:15:36,242 demo.py:73] epoch 99, testing
[INFO 2017-07-31 20:15:38,341 demo.py:119] average test loss: 3075.01, base loss: 3926.81
[INFO 2017-07-31 20:15:38,341 demo.py:120] improve_loss: 851.80, improve_percent: 0.22
[INFO 2017-07-31 20:15:38,341 demo.py:122] average test endpoint error: 0.15
[INFO 2017-07-31 20:15:38,343 base_demo.py:90] model save to ./model.pth
[INFO 2017-07-31 20:15:38,358 base_demo.py:94] current best improved percent: 0.22
[INFO 2017-07-31 20:15:38,855 demo.py:71] epoch 100, train loss: 3037.31, average train loss: 10860.94, base loss: 4111.05
[INFO 2017-07-31 20:15:39,328 demo.py:71] epoch 101, train loss: 3205.60, average train loss: 10574.14, base loss: 4107.35
[INFO 2017-07-31 20:15:39,806 demo.py:71] epoch 102, train loss: 2716.99, average train loss: 10305.37, base loss: 4103.91
[INFO 2017-07-31 20:15:40,281 demo.py:71] epoch 103, train loss: 3331.90, average train loss: 10060.27, base loss: 4105.21
[INFO 2017-07-31 20:15:40,755 demo.py:71] epoch 104, train loss: 2891.34, average train loss: 9817.26, base loss: 4101.98
[INFO 2017-07-31 20:15:41,231 demo.py:71] epoch 105, train loss: 2975.23, average train loss: 9579.06, base loss: 4099.98
[INFO 2017-07-31 20:15:41,703 demo.py:71] epoch 106, train loss: 3207.01, average train loss: 9349.34, base loss: 4101.60
[INFO 2017-07-31 20:15:42,176 demo.py:71] epoch 107, train loss: 3203.41, average train loss: 9129.33, base loss: 4104.79
[INFO 2017-07-31 20:15:42,649 demo.py:71] epoch 108, train loss: 3153.26, average train loss: 8909.46, base loss: 4107.99
[INFO 2017-07-31 20:15:43,123 demo.py:71] epoch 109, train loss: 3080.19, average train loss: 8690.11, base loss: 4111.37
[INFO 2017-07-31 20:15:43,601 demo.py:71] epoch 110, train loss: 2763.82, average train loss: 8472.53, base loss: 4111.53
[INFO 2017-07-31 20:15:44,077 demo.py:71] epoch 111, train loss: 2393.99, average train loss: 8248.66, base loss: 4106.21
[INFO 2017-07-31 20:15:44,550 demo.py:71] epoch 112, train loss: 2967.06, average train loss: 8039.07, base loss: 4107.99
[INFO 2017-07-31 20:15:45,025 demo.py:71] epoch 113, train loss: 2595.58, average train loss: 7824.19, base loss: 4099.70
[INFO 2017-07-31 20:15:45,503 demo.py:71] epoch 114, train loss: 2816.33, average train loss: 7613.44, base loss: 4104.76
[INFO 2017-07-31 20:15:45,980 demo.py:71] epoch 115, train loss: 2442.07, average train loss: 7401.74, base loss: 4100.14
[INFO 2017-07-31 20:15:46,456 demo.py:71] epoch 116, train loss: 2851.56, average train loss: 7192.90, base loss: 4101.23
[INFO 2017-07-31 20:15:46,931 demo.py:71] epoch 117, train loss: 2578.32, average train loss: 6982.21, base loss: 4100.02
[INFO 2017-07-31 20:15:47,409 demo.py:71] epoch 118, train loss: 2405.93, average train loss: 6772.63, base loss: 4094.34
[INFO 2017-07-31 20:15:47,886 demo.py:71] epoch 119, train loss: 2843.20, average train loss: 6568.82, base loss: 4100.68
[INFO 2017-07-31 20:15:48,361 demo.py:71] epoch 120, train loss: 2396.27, average train loss: 6362.94, base loss: 4103.41
[INFO 2017-07-31 20:15:48,836 demo.py:71] epoch 121, train loss: 2801.18, average train loss: 6159.60, base loss: 4107.15
[INFO 2017-07-31 20:15:49,312 demo.py:71] epoch 122, train loss: 2670.76, average train loss: 5960.62, base loss: 4107.10
[INFO 2017-07-31 20:15:49,785 demo.py:71] epoch 123, train loss: 2411.33, average train loss: 5757.06, base loss: 4106.46
[INFO 2017-07-31 20:15:50,260 demo.py:71] epoch 124, train loss: 2469.76, average train loss: 5562.56, base loss: 4108.58
[INFO 2017-07-31 20:15:50,737 demo.py:71] epoch 125, train loss: 2470.28, average train loss: 5370.40, base loss: 4111.60
[INFO 2017-07-31 20:15:51,214 demo.py:71] epoch 126, train loss: 2375.10, average train loss: 5182.88, base loss: 4106.61
[INFO 2017-07-31 20:15:51,691 demo.py:71] epoch 127, train loss: 2240.77, average train loss: 4998.66, base loss: 4104.35
[INFO 2017-07-31 20:15:52,171 demo.py:71] epoch 128, train loss: 2282.22, average train loss: 4826.55, base loss: 4104.36
[INFO 2017-07-31 20:15:52,650 demo.py:71] epoch 129, train loss: 2367.09, average train loss: 4665.14, base loss: 4105.04
[INFO 2017-07-31 20:15:53,125 demo.py:71] epoch 130, train loss: 2230.12, average train loss: 4506.82, base loss: 4095.05
[INFO 2017-07-31 20:15:53,600 demo.py:71] epoch 131, train loss: 2482.90, average train loss: 4364.71, base loss: 4097.10
[INFO 2017-07-31 20:15:54,075 demo.py:71] epoch 132, train loss: 2614.41, average train loss: 4235.36, base loss: 4104.14
[INFO 2017-07-31 20:15:54,550 demo.py:71] epoch 133, train loss: 2447.78, average train loss: 4114.32, base loss: 4108.00
[INFO 2017-07-31 20:15:55,028 demo.py:71] epoch 134, train loss: 2572.73, average train loss: 4002.14, base loss: 4112.19
[INFO 2017-07-31 20:15:55,504 demo.py:71] epoch 135, train loss: 2339.80, average train loss: 3894.96, base loss: 4111.44
[INFO 2017-07-31 20:15:55,978 demo.py:71] epoch 136, train loss: 2269.16, average train loss: 3801.47, base loss: 4108.90
[INFO 2017-07-31 20:15:56,455 demo.py:71] epoch 137, train loss: 2455.69, average train loss: 3717.67, base loss: 4113.22
[INFO 2017-07-31 20:15:56,932 demo.py:71] epoch 138, train loss: 2258.56, average train loss: 3641.62, base loss: 4112.33
[INFO 2017-07-31 20:15:57,405 demo.py:71] epoch 139, train loss: 2285.01, average train loss: 3577.60, base loss: 4117.47
[INFO 2017-07-31 20:15:57,888 demo.py:71] epoch 140, train loss: 2013.24, average train loss: 3516.69, base loss: 4117.26
[INFO 2017-07-31 20:15:58,378 demo.py:71] epoch 141, train loss: 2126.04, average train loss: 3463.79, base loss: 4118.68
[INFO 2017-07-31 20:15:58,869 demo.py:71] epoch 142, train loss: 2060.22, average train loss: 3411.86, base loss: 4111.18
[INFO 2017-07-31 20:15:59,365 demo.py:71] epoch 143, train loss: 2043.37, average train loss: 3366.66, base loss: 4108.35
[INFO 2017-07-31 20:15:59,860 demo.py:71] epoch 144, train loss: 2110.61, average train loss: 3328.14, base loss: 4107.79
[INFO 2017-07-31 20:16:00,356 demo.py:71] epoch 145, train loss: 2047.26, average train loss: 3290.83, base loss: 4106.61
[INFO 2017-07-31 20:16:00,850 demo.py:71] epoch 146, train loss: 2187.72, average train loss: 3262.36, base loss: 4117.66
[INFO 2017-07-31 20:16:01,345 demo.py:71] epoch 147, train loss: 1858.94, average train loss: 3231.62, base loss: 4117.06
[INFO 2017-07-31 20:16:01,840 demo.py:71] epoch 148, train loss: 1819.24, average train loss: 3200.36, base loss: 4114.85
[INFO 2017-07-31 20:16:02,336 demo.py:71] epoch 149, train loss: 1776.09, average train loss: 3167.57, base loss: 4111.04
[INFO 2017-07-31 20:16:02,830 demo.py:71] epoch 150, train loss: 1871.31, average train loss: 3139.55, base loss: 4106.28
[INFO 2017-07-31 20:16:03,322 demo.py:71] epoch 151, train loss: 2301.09, average train loss: 3114.02, base loss: 4103.51
[INFO 2017-07-31 20:16:03,817 demo.py:71] epoch 152, train loss: 2108.04, average train loss: 3091.21, base loss: 4105.87
[INFO 2017-07-31 20:16:04,309 demo.py:71] epoch 153, train loss: 2047.04, average train loss: 3065.31, base loss: 4104.44
[INFO 2017-07-31 20:16:04,802 demo.py:71] epoch 154, train loss: 1932.34, average train loss: 3041.08, base loss: 4102.03
[INFO 2017-07-31 20:16:05,296 demo.py:71] epoch 155, train loss: 2085.41, average train loss: 3019.19, base loss: 4100.46
[INFO 2017-07-31 20:16:05,791 demo.py:71] epoch 156, train loss: 1990.65, average train loss: 2995.86, base loss: 4095.51
[INFO 2017-07-31 20:16:06,287 demo.py:71] epoch 157, train loss: 2173.13, average train loss: 2976.43, base loss: 4097.69
[INFO 2017-07-31 20:16:06,783 demo.py:71] epoch 158, train loss: 1832.05, average train loss: 2951.80, base loss: 4087.01
[INFO 2017-07-31 20:16:07,275 demo.py:71] epoch 159, train loss: 2211.16, average train loss: 2929.65, base loss: 4085.10
[INFO 2017-07-31 20:16:07,771 demo.py:71] epoch 160, train loss: 2127.62, average train loss: 2908.62, base loss: 4084.70
[INFO 2017-07-31 20:16:08,263 demo.py:71] epoch 161, train loss: 1860.79, average train loss: 2882.91, base loss: 4077.53
[INFO 2017-07-31 20:16:08,761 demo.py:71] epoch 162, train loss: 2058.47, average train loss: 2865.94, base loss: 4079.34
[INFO 2017-07-31 20:16:09,267 demo.py:71] epoch 163, train loss: 1871.15, average train loss: 2842.21, base loss: 4070.44
[INFO 2017-07-31 20:16:09,778 demo.py:71] epoch 164, train loss: 2132.95, average train loss: 2830.14, base loss: 4077.07
[INFO 2017-07-31 20:16:10,288 demo.py:71] epoch 165, train loss: 2214.87, average train loss: 2810.09, base loss: 4080.16
[INFO 2017-07-31 20:16:10,797 demo.py:71] epoch 166, train loss: 1865.62, average train loss: 2790.71, base loss: 4082.53
[INFO 2017-07-31 20:16:11,309 demo.py:71] epoch 167, train loss: 2077.64, average train loss: 2770.93, base loss: 4083.33
[INFO 2017-07-31 20:16:11,822 demo.py:71] epoch 168, train loss: 2430.43, average train loss: 2752.49, base loss: 4088.32
[INFO 2017-07-31 20:16:12,333 demo.py:71] epoch 169, train loss: 2009.98, average train loss: 2736.71, base loss: 4094.70
[INFO 2017-07-31 20:16:12,846 demo.py:71] epoch 170, train loss: 1912.89, average train loss: 2719.33, base loss: 4096.21
[INFO 2017-07-31 20:16:13,358 demo.py:71] epoch 171, train loss: 2164.93, average train loss: 2702.79, base loss: 4102.52
[INFO 2017-07-31 20:16:13,872 demo.py:71] epoch 172, train loss: 2338.11, average train loss: 2688.85, base loss: 4112.59
[INFO 2017-07-31 20:16:14,384 demo.py:71] epoch 173, train loss: 1947.28, average train loss: 2670.16, base loss: 4109.85
[INFO 2017-07-31 20:16:14,897 demo.py:71] epoch 174, train loss: 1679.98, average train loss: 2646.92, base loss: 4101.08
[INFO 2017-07-31 20:16:15,409 demo.py:71] epoch 175, train loss: 1677.16, average train loss: 2628.04, base loss: 4097.88
[INFO 2017-07-31 20:16:15,919 demo.py:71] epoch 176, train loss: 1754.28, average train loss: 2604.33, base loss: 4086.51
[INFO 2017-07-31 20:16:16,427 demo.py:71] epoch 177, train loss: 1737.82, average train loss: 2586.88, base loss: 4085.96
[INFO 2017-07-31 20:16:16,939 demo.py:71] epoch 178, train loss: 1721.68, average train loss: 2569.40, base loss: 4084.99
[INFO 2017-07-31 20:16:17,450 demo.py:71] epoch 179, train loss: 1881.70, average train loss: 2555.38, base loss: 4088.26
[INFO 2017-07-31 20:16:17,964 demo.py:71] epoch 180, train loss: 1998.24, average train loss: 2541.13, base loss: 4091.09
[INFO 2017-07-31 20:16:18,482 demo.py:71] epoch 181, train loss: 1699.12, average train loss: 2517.51, base loss: 4081.35
[INFO 2017-07-31 20:16:19,001 demo.py:71] epoch 182, train loss: 1920.39, average train loss: 2493.81, base loss: 4075.97
[INFO 2017-07-31 20:16:19,521 demo.py:71] epoch 183, train loss: 1866.13, average train loss: 2477.05, base loss: 4077.23
[INFO 2017-07-31 20:16:20,053 demo.py:71] epoch 184, train loss: 1980.12, average train loss: 2460.13, base loss: 4078.43
[INFO 2017-07-31 20:16:20,586 demo.py:71] epoch 185, train loss: 1871.19, average train loss: 2444.32, base loss: 4080.77
[INFO 2017-07-31 20:16:21,118 demo.py:71] epoch 186, train loss: 1757.92, average train loss: 2430.41, base loss: 4084.87
[INFO 2017-07-31 20:16:21,652 demo.py:71] epoch 187, train loss: 1907.48, average train loss: 2414.66, base loss: 4084.97
[INFO 2017-07-31 20:16:22,185 demo.py:71] epoch 188, train loss: 1829.10, average train loss: 2397.99, base loss: 4087.73
[INFO 2017-07-31 20:16:22,721 demo.py:71] epoch 189, train loss: 1746.94, average train loss: 2382.31, base loss: 4085.99
[INFO 2017-07-31 20:16:23,253 demo.py:71] epoch 190, train loss: 1856.90, average train loss: 2367.36, base loss: 4086.42
[INFO 2017-07-31 20:16:23,788 demo.py:71] epoch 191, train loss: 2188.10, average train loss: 2357.85, base loss: 4096.50
[INFO 2017-07-31 20:16:24,324 demo.py:71] epoch 192, train loss: 1950.86, average train loss: 2342.10, base loss: 4098.50
[INFO 2017-07-31 20:16:24,859 demo.py:71] epoch 193, train loss: 1911.34, average train loss: 2326.45, base loss: 4101.07
[INFO 2017-07-31 20:16:25,394 demo.py:71] epoch 194, train loss: 1988.20, average train loss: 2310.59, base loss: 4096.17
[INFO 2017-07-31 20:16:25,929 demo.py:71] epoch 195, train loss: 1831.63, average train loss: 2294.06, base loss: 4092.49
[INFO 2017-07-31 20:16:26,463 demo.py:71] epoch 196, train loss: 1665.90, average train loss: 2280.16, base loss: 4092.54
[INFO 2017-07-31 20:16:26,999 demo.py:71] epoch 197, train loss: 2022.90, average train loss: 2265.69, base loss: 4093.51
[INFO 2017-07-31 20:16:27,534 demo.py:71] epoch 198, train loss: 1791.94, average train loss: 2249.66, base loss: 4089.48
[INFO 2017-07-31 20:16:28,065 demo.py:71] epoch 199, train loss: 1678.99, average train loss: 2234.25, base loss: 4086.13
[INFO 2017-07-31 20:16:28,065 demo.py:73] epoch 199, testing
[INFO 2017-07-31 20:16:30,361 demo.py:119] average test loss: 1759.92, base loss: 4047.90
[INFO 2017-07-31 20:16:30,361 demo.py:120] improve_loss: 2287.98, improve_percent: 0.57
[INFO 2017-07-31 20:16:30,361 demo.py:122] average test endpoint error: 0.07
[INFO 2017-07-31 20:16:30,363 base_demo.py:90] model save to ./model.pth
[INFO 2017-07-31 20:16:30,379 base_demo.py:94] current best improved percent: 0.57
[INFO 2017-07-31 20:16:30,913 demo.py:71] epoch 200, train loss: 1732.44, average train loss: 2221.20, base loss: 4090.10
[INFO 2017-07-31 20:16:31,425 demo.py:71] epoch 201, train loss: 1976.80, average train loss: 2208.91, base loss: 4094.19
[INFO 2017-07-31 20:16:31,934 demo.py:71] epoch 202, train loss: 1622.03, average train loss: 2197.96, base loss: 4098.15
[INFO 2017-07-31 20:16:32,448 demo.py:71] epoch 203, train loss: 1846.80, average train loss: 2183.11, base loss: 4101.25
[INFO 2017-07-31 20:16:32,960 demo.py:71] epoch 204, train loss: 1765.91, average train loss: 2171.86, base loss: 4102.43
[INFO 2017-07-31 20:16:33,472 demo.py:71] epoch 205, train loss: 1907.39, average train loss: 2161.18, base loss: 4106.55
[INFO 2017-07-31 20:16:33,985 demo.py:71] epoch 206, train loss: 1800.58, average train loss: 2147.11, base loss: 4108.03
[INFO 2017-07-31 20:16:34,510 demo.py:71] epoch 207, train loss: 1780.25, average train loss: 2132.88, base loss: 4105.62
[INFO 2017-07-31 20:16:35,037 demo.py:71] epoch 208, train loss: 1470.67, average train loss: 2116.06, base loss: 4094.46
[INFO 2017-07-31 20:16:35,566 demo.py:71] epoch 209, train loss: 1574.13, average train loss: 2100.99, base loss: 4088.01
[INFO 2017-07-31 20:16:36,094 demo.py:71] epoch 210, train loss: 1712.33, average train loss: 2090.48, base loss: 4084.89
[INFO 2017-07-31 20:16:36,622 demo.py:71] epoch 211, train loss: 1851.36, average train loss: 2085.05, base loss: 4089.54
[INFO 2017-07-31 20:16:37,149 demo.py:71] epoch 212, train loss: 1643.45, average train loss: 2071.82, base loss: 4088.19
[INFO 2017-07-31 20:16:37,680 demo.py:71] epoch 213, train loss: 1844.08, average train loss: 2064.30, base loss: 4093.64
[INFO 2017-07-31 20:16:38,214 demo.py:71] epoch 214, train loss: 1682.32, average train loss: 2052.96, base loss: 4094.35
[INFO 2017-07-31 20:16:38,748 demo.py:71] epoch 215, train loss: 2026.86, average train loss: 2048.81, base loss: 4106.63
[INFO 2017-07-31 20:16:39,282 demo.py:71] epoch 216, train loss: 1689.09, average train loss: 2037.19, base loss: 4103.14
[INFO 2017-07-31 20:16:39,824 demo.py:71] epoch 217, train loss: 1712.06, average train loss: 2028.52, base loss: 4108.39
[INFO 2017-07-31 20:16:40,365 demo.py:71] epoch 218, train loss: 1924.26, average train loss: 2023.71, base loss: 4116.25
[INFO 2017-07-31 20:16:40,909 demo.py:71] epoch 219, train loss: 1677.15, average train loss: 2012.05, base loss: 4113.71
[INFO 2017-07-31 20:16:41,458 demo.py:71] epoch 220, train loss: 1665.13, average train loss: 2004.73, base loss: 4113.60
[INFO 2017-07-31 20:16:42,010 demo.py:71] epoch 221, train loss: 1641.61, average train loss: 1993.14, base loss: 4111.95
[INFO 2017-07-31 20:16:42,560 demo.py:71] epoch 222, train loss: 1764.61, average train loss: 1984.08, base loss: 4112.02
[INFO 2017-07-31 20:16:43,111 demo.py:71] epoch 223, train loss: 1442.87, average train loss: 1974.39, base loss: 4110.86
[INFO 2017-07-31 20:16:43,663 demo.py:71] epoch 224, train loss: 1764.29, average train loss: 1967.34, base loss: 4113.62
[INFO 2017-07-31 20:16:44,212 demo.py:71] epoch 225, train loss: 1726.40, average train loss: 1959.90, base loss: 4115.80
[INFO 2017-07-31 20:16:44,759 demo.py:71] epoch 226, train loss: 1573.78, average train loss: 1951.89, base loss: 4113.04
[INFO 2017-07-31 20:16:45,309 demo.py:71] epoch 227, train loss: 1605.19, average train loss: 1945.53, base loss: 4118.56
[INFO 2017-07-31 20:16:45,860 demo.py:71] epoch 228, train loss: 1647.01, average train loss: 1939.18, base loss: 4119.29
[INFO 2017-07-31 20:16:46,412 demo.py:71] epoch 229, train loss: 1722.27, average train loss: 1932.73, base loss: 4121.60
[INFO 2017-07-31 20:16:46,963 demo.py:71] epoch 230, train loss: 1679.30, average train loss: 1927.22, base loss: 4128.33
[INFO 2017-07-31 20:16:47,514 demo.py:71] epoch 231, train loss: 1890.20, average train loss: 1921.29, base loss: 4127.46
[INFO 2017-07-31 20:16:48,065 demo.py:71] epoch 232, train loss: 1505.26, average train loss: 1910.20, base loss: 4117.07
[INFO 2017-07-31 20:16:48,616 demo.py:71] epoch 233, train loss: 1660.00, average train loss: 1902.33, base loss: 4118.90
[INFO 2017-07-31 20:16:49,167 demo.py:71] epoch 234, train loss: 1556.11, average train loss: 1892.16, base loss: 4111.30
[INFO 2017-07-31 20:16:49,722 demo.py:71] epoch 235, train loss: 1645.46, average train loss: 1885.22, base loss: 4109.84
[INFO 2017-07-31 20:16:50,279 demo.py:71] epoch 236, train loss: 1642.15, average train loss: 1878.95, base loss: 4107.80
[INFO 2017-07-31 20:16:50,850 demo.py:71] epoch 237, train loss: 1749.82, average train loss: 1871.89, base loss: 4108.90
[INFO 2017-07-31 20:16:51,424 demo.py:71] epoch 238, train loss: 1417.39, average train loss: 1863.48, base loss: 4105.28
[INFO 2017-07-31 20:16:51,999 demo.py:71] epoch 239, train loss: 1694.66, average train loss: 1857.57, base loss: 4106.65
[INFO 2017-07-31 20:16:52,575 demo.py:71] epoch 240, train loss: 1519.21, average train loss: 1852.63, base loss: 4104.54
[INFO 2017-07-31 20:16:53,148 demo.py:71] epoch 241, train loss: 1516.42, average train loss: 1846.54, base loss: 4099.65
[INFO 2017-07-31 20:16:53,723 demo.py:71] epoch 242, train loss: 1703.31, average train loss: 1842.97, base loss: 4104.80
[INFO 2017-07-31 20:16:54,299 demo.py:71] epoch 243, train loss: 1750.89, average train loss: 1840.04, base loss: 4110.04
[INFO 2017-07-31 20:16:54,883 demo.py:71] epoch 244, train loss: 1681.61, average train loss: 1835.75, base loss: 4114.88
[INFO 2017-07-31 20:16:55,464 demo.py:71] epoch 245, train loss: 1635.46, average train loss: 1831.63, base loss: 4117.02
[INFO 2017-07-31 20:16:56,048 demo.py:71] epoch 246, train loss: 1680.58, average train loss: 1826.56, base loss: 4112.07
[INFO 2017-07-31 20:16:56,632 demo.py:71] epoch 247, train loss: 1687.28, average train loss: 1824.85, base loss: 4121.41
[INFO 2017-07-31 20:16:57,213 demo.py:71] epoch 248, train loss: 1592.06, average train loss: 1822.57, base loss: 4129.24
[INFO 2017-07-31 20:16:57,797 demo.py:71] epoch 249, train loss: 1464.43, average train loss: 1819.46, base loss: 4129.64
[INFO 2017-07-31 20:16:58,382 demo.py:71] epoch 250, train loss: 1662.29, average train loss: 1817.37, base loss: 4138.04
[INFO 2017-07-31 20:16:58,967 demo.py:71] epoch 251, train loss: 1471.14, average train loss: 1809.07, base loss: 4137.44
[INFO 2017-07-31 20:16:59,552 demo.py:71] epoch 252, train loss: 1290.08, average train loss: 1800.89, base loss: 4129.00
[INFO 2017-07-31 20:17:00,138 demo.py:71] epoch 253, train loss: 1655.58, average train loss: 1796.97, base loss: 4133.01
[INFO 2017-07-31 20:17:00,722 demo.py:71] epoch 254, train loss: 1353.04, average train loss: 1791.18, base loss: 4130.60
[INFO 2017-07-31 20:17:01,305 demo.py:71] epoch 255, train loss: 1501.67, average train loss: 1785.34, base loss: 4131.06
[INFO 2017-07-31 20:17:01,890 demo.py:71] epoch 256, train loss: 1525.59, average train loss: 1780.69, base loss: 4136.59
[INFO 2017-07-31 20:17:02,476 demo.py:71] epoch 257, train loss: 1501.40, average train loss: 1773.97, base loss: 4135.13
[INFO 2017-07-31 20:17:03,060 demo.py:71] epoch 258, train loss: 1578.02, average train loss: 1771.43, base loss: 4143.68
[INFO 2017-07-31 20:17:03,645 demo.py:71] epoch 259, train loss: 1375.12, average train loss: 1763.07, base loss: 4136.78
[INFO 2017-07-31 20:17:04,227 demo.py:71] epoch 260, train loss: 1569.23, average train loss: 1757.49, base loss: 4134.25
[INFO 2017-07-31 20:17:04,813 demo.py:71] epoch 261, train loss: 1242.72, average train loss: 1751.31, base loss: 4129.47
[INFO 2017-07-31 20:17:05,398 demo.py:71] epoch 262, train loss: 1504.48, average train loss: 1745.77, base loss: 4128.70
[INFO 2017-07-31 20:17:05,983 demo.py:71] epoch 263, train loss: 1779.20, average train loss: 1744.85, base loss: 4139.71
[INFO 2017-07-31 20:17:06,564 demo.py:71] epoch 264, train loss: 1503.07, average train loss: 1738.55, base loss: 4140.67
[INFO 2017-07-31 20:17:07,150 demo.py:71] epoch 265, train loss: 1199.93, average train loss: 1728.40, base loss: 4127.29
[INFO 2017-07-31 20:17:07,735 demo.py:71] epoch 266, train loss: 1689.37, average train loss: 1726.64, base loss: 4131.43
[INFO 2017-07-31 20:17:08,319 demo.py:71] epoch 267, train loss: 1425.62, average train loss: 1720.12, base loss: 4128.37
[INFO 2017-07-31 20:17:08,905 demo.py:71] epoch 268, train loss: 1586.29, average train loss: 1711.68, base loss: 4119.15
[INFO 2017-07-31 20:17:09,489 demo.py:71] epoch 269, train loss: 1573.84, average train loss: 1707.32, base loss: 4116.52
[INFO 2017-07-31 20:17:10,074 demo.py:71] epoch 270, train loss: 1514.39, average train loss: 1703.33, base loss: 4119.95
[INFO 2017-07-31 20:17:10,658 demo.py:71] epoch 271, train loss: 1382.00, average train loss: 1695.50, base loss: 4109.82
[INFO 2017-07-31 20:17:11,244 demo.py:71] epoch 272, train loss: 1557.77, average train loss: 1687.70, base loss: 4100.58
[INFO 2017-07-31 20:17:11,829 demo.py:71] epoch 273, train loss: 1737.95, average train loss: 1685.60, base loss: 4108.76
[INFO 2017-07-31 20:17:12,414 demo.py:71] epoch 274, train loss: 1370.57, average train loss: 1682.51, base loss: 4110.62
[INFO 2017-07-31 20:17:12,998 demo.py:71] epoch 275, train loss: 1396.08, average train loss: 1679.70, base loss: 4111.80
[INFO 2017-07-31 20:17:13,583 demo.py:71] epoch 276, train loss: 1395.92, average train loss: 1676.12, base loss: 4115.82
[INFO 2017-07-31 20:17:14,168 demo.py:71] epoch 277, train loss: 1440.93, average train loss: 1673.15, base loss: 4117.03
[INFO 2017-07-31 20:17:14,749 demo.py:71] epoch 278, train loss: 1606.39, average train loss: 1671.99, base loss: 4128.37
[INFO 2017-07-31 20:17:15,333 demo.py:71] epoch 279, train loss: 1418.28, average train loss: 1667.36, base loss: 4131.13
[INFO 2017-07-31 20:17:15,919 demo.py:71] epoch 280, train loss: 1459.98, average train loss: 1661.98, base loss: 4133.86
[INFO 2017-07-31 20:17:16,504 demo.py:71] epoch 281, train loss: 1446.25, average train loss: 1659.45, base loss: 4139.56
[INFO 2017-07-31 20:17:17,089 demo.py:71] epoch 282, train loss: 1422.57, average train loss: 1654.47, base loss: 4139.79
[INFO 2017-07-31 20:17:17,674 demo.py:71] epoch 283, train loss: 1366.60, average train loss: 1649.48, base loss: 4136.60
[INFO 2017-07-31 20:17:18,258 demo.py:71] epoch 284, train loss: 1341.71, average train loss: 1643.09, base loss: 4133.45
[INFO 2017-07-31 20:17:18,844 demo.py:71] epoch 285, train loss: 1430.96, average train loss: 1638.69, base loss: 4131.21
[INFO 2017-07-31 20:17:19,429 demo.py:71] epoch 286, train loss: 1565.06, average train loss: 1636.76, base loss: 4139.51
[INFO 2017-07-31 20:17:20,013 demo.py:71] epoch 287, train loss: 1647.80, average train loss: 1634.16, base loss: 4146.98
[INFO 2017-07-31 20:17:20,598 demo.py:71] epoch 288, train loss: 1350.19, average train loss: 1629.37, base loss: 4142.40
[INFO 2017-07-31 20:17:21,182 demo.py:71] epoch 289, train loss: 1164.88, average train loss: 1623.55, base loss: 4138.74
[INFO 2017-07-31 20:17:21,768 demo.py:71] epoch 290, train loss: 1423.16, average train loss: 1619.22, base loss: 4140.98
[INFO 2017-07-31 20:17:22,354 demo.py:71] epoch 291, train loss: 1390.30, average train loss: 1611.24, base loss: 4134.85
[INFO 2017-07-31 20:17:22,937 demo.py:71] epoch 292, train loss: 1405.59, average train loss: 1605.79, base loss: 4131.09
[INFO 2017-07-31 20:17:23,521 demo.py:71] epoch 293, train loss: 1355.21, average train loss: 1600.22, base loss: 4127.21
[INFO 2017-07-31 20:17:24,106 demo.py:71] epoch 294, train loss: 1477.01, average train loss: 1595.11, base loss: 4133.05
[INFO 2017-07-31 20:17:24,689 demo.py:71] epoch 295, train loss: 1383.01, average train loss: 1590.63, base loss: 4133.31
[INFO 2017-07-31 20:17:25,272 demo.py:71] epoch 296, train loss: 1128.93, average train loss: 1585.26, base loss: 4129.33
[INFO 2017-07-31 20:17:25,858 demo.py:71] epoch 297, train loss: 1496.55, average train loss: 1579.99, base loss: 4132.35
[INFO 2017-07-31 20:17:26,443 demo.py:71] epoch 298, train loss: 1222.60, average train loss: 1574.30, base loss: 4130.65
[INFO 2017-07-31 20:17:27,028 demo.py:71] epoch 299, train loss: 1153.42, average train loss: 1569.04, base loss: 4128.58
[INFO 2017-07-31 20:17:27,028 demo.py:73] epoch 299, testing
[INFO 2017-07-31 20:17:29,460 demo.py:119] average test loss: 1295.23, base loss: 4078.84
[INFO 2017-07-31 20:17:29,461 demo.py:120] improve_loss: 2783.61, improve_percent: 0.68
[INFO 2017-07-31 20:17:29,461 demo.py:122] average test endpoint error: 0.03
[INFO 2017-07-31 20:17:29,463 base_demo.py:90] model save to ./model.pth
[INFO 2017-07-31 20:17:29,479 base_demo.py:94] current best improved percent: 0.68
[INFO 2017-07-31 20:17:30,084 demo.py:71] epoch 300, train loss: 1272.47, average train loss: 1564.44, base loss: 4125.64
[INFO 2017-07-31 20:17:30,663 demo.py:71] epoch 301, train loss: 1269.37, average train loss: 1557.37, base loss: 4118.01
[INFO 2017-07-31 20:17:31,248 demo.py:71] epoch 302, train loss: 1246.97, average train loss: 1553.62, base loss: 4119.15
[INFO 2017-07-31 20:17:31,829 demo.py:71] epoch 303, train loss: 1411.21, average train loss: 1549.26, base loss: 4116.75
[INFO 2017-07-31 20:17:32,411 demo.py:71] epoch 304, train loss: 1044.63, average train loss: 1542.05, base loss: 4108.35
[INFO 2017-07-31 20:17:32,994 demo.py:71] epoch 305, train loss: 1311.94, average train loss: 1536.10, base loss: 4103.81
[INFO 2017-07-31 20:17:33,576 demo.py:71] epoch 306, train loss: 1299.28, average train loss: 1531.08, base loss: 4099.33
[INFO 2017-07-31 20:17:34,161 demo.py:71] epoch 307, train loss: 1302.31, average train loss: 1526.30, base loss: 4100.52
[INFO 2017-07-31 20:17:34,745 demo.py:71] epoch 308, train loss: 1386.80, average train loss: 1525.47, base loss: 4114.74
[INFO 2017-07-31 20:17:35,326 demo.py:71] epoch 309, train loss: 1254.59, average train loss: 1522.27, base loss: 4115.98
[INFO 2017-07-31 20:17:35,907 demo.py:71] epoch 310, train loss: 1401.03, average train loss: 1519.16, base loss: 4119.76
[INFO 2017-07-31 20:17:36,492 demo.py:71] epoch 311, train loss: 1320.35, average train loss: 1513.85, base loss: 4118.71
[INFO 2017-07-31 20:17:37,072 demo.py:71] epoch 312, train loss: 1305.78, average train loss: 1510.47, base loss: 4118.96
[INFO 2017-07-31 20:17:37,656 demo.py:71] epoch 313, train loss: 1677.07, average train loss: 1508.80, base loss: 4126.00
[INFO 2017-07-31 20:17:38,237 demo.py:71] epoch 314, train loss: 1351.55, average train loss: 1505.49, base loss: 4118.73
[INFO 2017-07-31 20:17:38,823 demo.py:71] epoch 315, train loss: 1581.23, average train loss: 1501.04, base loss: 4120.94
[INFO 2017-07-31 20:17:39,404 demo.py:71] epoch 316, train loss: 1396.56, average train loss: 1498.11, base loss: 4125.74
[INFO 2017-07-31 20:17:39,988 demo.py:71] epoch 317, train loss: 1440.73, average train loss: 1495.40, base loss: 4125.29
[INFO 2017-07-31 20:17:40,569 demo.py:71] epoch 318, train loss: 1336.48, average train loss: 1489.52, base loss: 4122.35
[INFO 2017-07-31 20:17:41,153 demo.py:71] epoch 319, train loss: 1272.72, average train loss: 1485.48, base loss: 4118.09
[INFO 2017-07-31 20:17:41,735 demo.py:71] epoch 320, train loss: 1293.14, average train loss: 1481.76, base loss: 4121.23
[INFO 2017-07-31 20:17:42,320 demo.py:71] epoch 321, train loss: 1435.05, average train loss: 1479.69, base loss: 4124.63
[INFO 2017-07-31 20:17:42,906 demo.py:71] epoch 322, train loss: 1234.25, average train loss: 1474.39, base loss: 4122.80
[INFO 2017-07-31 20:17:43,489 demo.py:71] epoch 323, train loss: 1306.78, average train loss: 1473.03, base loss: 4122.08
[INFO 2017-07-31 20:17:44,072 demo.py:71] epoch 324, train loss: 1281.14, average train loss: 1468.19, base loss: 4119.55
[INFO 2017-07-31 20:17:44,657 demo.py:71] epoch 325, train loss: 1225.30, average train loss: 1463.18, base loss: 4115.65
[INFO 2017-07-31 20:17:45,238 demo.py:71] epoch 326, train loss: 1274.43, average train loss: 1460.19, base loss: 4120.85
[INFO 2017-07-31 20:17:45,821 demo.py:71] epoch 327, train loss: 1425.68, average train loss: 1458.39, base loss: 4123.48
[INFO 2017-07-31 20:17:46,405 demo.py:71] epoch 328, train loss: 1279.06, average train loss: 1454.71, base loss: 4125.03
[INFO 2017-07-31 20:17:46,991 demo.py:71] epoch 329, train loss: 1284.07, average train loss: 1450.33, base loss: 4122.88
[INFO 2017-07-31 20:17:47,575 demo.py:71] epoch 330, train loss: 1237.66, average train loss: 1445.92, base loss: 4120.06
[INFO 2017-07-31 20:17:48,156 demo.py:71] epoch 331, train loss: 1204.24, average train loss: 1439.06, base loss: 4120.89
[INFO 2017-07-31 20:17:48,741 demo.py:71] epoch 332, train loss: 1228.89, average train loss: 1436.29, base loss: 4127.65
[INFO 2017-07-31 20:17:49,322 demo.py:71] epoch 333, train loss: 1132.57, average train loss: 1431.02, base loss: 4124.97
[INFO 2017-07-31 20:17:49,903 demo.py:71] epoch 334, train loss: 1182.71, average train loss: 1427.28, base loss: 4128.12
[INFO 2017-07-31 20:17:50,488 demo.py:71] epoch 335, train loss: 1138.60, average train loss: 1422.22, base loss: 4129.70
[INFO 2017-07-31 20:17:51,073 demo.py:71] epoch 336, train loss: 1217.74, average train loss: 1417.97, base loss: 4137.38
[INFO 2017-07-31 20:17:51,658 demo.py:71] epoch 337, train loss: 1158.36, average train loss: 1412.06, base loss: 4132.92
[INFO 2017-07-31 20:17:52,243 demo.py:71] epoch 338, train loss: 1005.95, average train loss: 1407.94, base loss: 4134.36
[INFO 2017-07-31 20:17:52,827 demo.py:71] epoch 339, train loss: 1166.34, average train loss: 1402.66, base loss: 4133.62
[INFO 2017-07-31 20:17:53,412 demo.py:71] epoch 340, train loss: 1091.45, average train loss: 1398.38, base loss: 4137.70
[INFO 2017-07-31 20:17:53,994 demo.py:71] epoch 341, train loss: 918.71, average train loss: 1392.40, base loss: 4133.12
[INFO 2017-07-31 20:17:54,578 demo.py:71] epoch 342, train loss: 1151.17, average train loss: 1386.88, base loss: 4136.07
[INFO 2017-07-31 20:17:55,163 demo.py:71] epoch 343, train loss: 1044.88, average train loss: 1379.82, base loss: 4133.76
[INFO 2017-07-31 20:17:55,747 demo.py:71] epoch 344, train loss: 1034.95, average train loss: 1373.36, base loss: 4130.57
[INFO 2017-07-31 20:17:56,329 demo.py:71] epoch 345, train loss: 945.68, average train loss: 1366.46, base loss: 4125.27
[INFO 2017-07-31 20:17:56,912 demo.py:71] epoch 346, train loss: 975.86, average train loss: 1359.41, base loss: 4127.57
[INFO 2017-07-31 20:17:57,494 demo.py:71] epoch 347, train loss: 786.17, average train loss: 1350.40, base loss: 4120.75
[INFO 2017-07-31 20:17:58,079 demo.py:71] epoch 348, train loss: 989.59, average train loss: 1344.38, base loss: 4120.08
[INFO 2017-07-31 20:17:58,662 demo.py:71] epoch 349, train loss: 813.92, average train loss: 1337.87, base loss: 4121.48
[INFO 2017-07-31 20:17:59,246 demo.py:71] epoch 350, train loss: 797.10, average train loss: 1329.22, base loss: 4120.98
[INFO 2017-07-31 20:17:59,830 demo.py:71] epoch 351, train loss: 750.47, average train loss: 1322.01, base loss: 4116.60
[INFO 2017-07-31 20:18:00,411 demo.py:71] epoch 352, train loss: 767.03, average train loss: 1316.78, base loss: 4125.07
[INFO 2017-07-31 20:18:00,996 demo.py:71] epoch 353, train loss: 744.48, average train loss: 1307.67, base loss: 4118.28
[INFO 2017-07-31 20:18:01,579 demo.py:71] epoch 354, train loss: 758.31, average train loss: 1301.72, base loss: 4128.00
[INFO 2017-07-31 20:18:02,165 demo.py:71] epoch 355, train loss: 713.24, average train loss: 1293.84, base loss: 4127.48
[INFO 2017-07-31 20:18:02,747 demo.py:71] epoch 356, train loss: 609.57, average train loss: 1284.68, base loss: 4120.96
[INFO 2017-07-31 20:18:03,330 demo.py:71] epoch 357, train loss: 575.78, average train loss: 1275.42, base loss: 4117.18
[INFO 2017-07-31 20:18:03,914 demo.py:71] epoch 358, train loss: 616.58, average train loss: 1265.81, base loss: 4115.81
[INFO 2017-07-31 20:18:04,498 demo.py:71] epoch 359, train loss: 683.37, average train loss: 1258.89, base loss: 4120.92
[INFO 2017-07-31 20:18:05,084 demo.py:71] epoch 360, train loss: 749.52, average train loss: 1250.69, base loss: 4127.89
[INFO 2017-07-31 20:18:05,668 demo.py:71] epoch 361, train loss: 659.04, average train loss: 1244.86, base loss: 4138.22
[INFO 2017-07-31 20:18:06,254 demo.py:71] epoch 362, train loss: 722.66, average train loss: 1237.04, base loss: 4136.50
[INFO 2017-07-31 20:18:06,838 demo.py:71] epoch 363, train loss: 624.10, average train loss: 1225.49, base loss: 4128.90
[INFO 2017-07-31 20:18:07,423 demo.py:71] epoch 364, train loss: 583.17, average train loss: 1216.29, base loss: 4133.73
[INFO 2017-07-31 20:18:08,010 demo.py:71] epoch 365, train loss: 538.09, average train loss: 1209.67, base loss: 4140.76
[INFO 2017-07-31 20:18:08,592 demo.py:71] epoch 366, train loss: 712.51, average train loss: 1199.90, base loss: 4140.17
[INFO 2017-07-31 20:18:09,174 demo.py:71] epoch 367, train loss: 454.28, average train loss: 1190.19, base loss: 4138.80
[INFO 2017-07-31 20:18:09,757 demo.py:71] epoch 368, train loss: 395.23, average train loss: 1178.28, base loss: 4138.35
[INFO 2017-07-31 20:18:10,338 demo.py:71] epoch 369, train loss: 506.12, average train loss: 1167.60, base loss: 4142.24
[INFO 2017-07-31 20:18:10,922 demo.py:71] epoch 370, train loss: 507.50, average train loss: 1157.53, base loss: 4130.52
[INFO 2017-07-31 20:18:11,508 demo.py:71] epoch 371, train loss: 512.30, average train loss: 1148.83, base loss: 4127.19
[INFO 2017-07-31 20:18:12,095 demo.py:71] epoch 372, train loss: 586.66, average train loss: 1139.12, base loss: 4130.16
[INFO 2017-07-31 20:18:12,681 demo.py:71] epoch 373, train loss: 423.91, average train loss: 1125.98, base loss: 4119.92
[INFO 2017-07-31 20:18:13,265 demo.py:71] epoch 374, train loss: 1173.67, average train loss: 1124.01, base loss: 4134.56
[INFO 2017-07-31 20:18:13,848 demo.py:71] epoch 375, train loss: 534.06, average train loss: 1115.39, base loss: 4139.78
[INFO 2017-07-31 20:18:14,437 demo.py:71] epoch 376, train loss: 561.96, average train loss: 1107.05, base loss: 4143.73
[INFO 2017-07-31 20:18:15,027 demo.py:71] epoch 377, train loss: 509.48, average train loss: 1097.74, base loss: 4144.28
[INFO 2017-07-31 20:18:15,617 demo.py:71] epoch 378, train loss: 547.89, average train loss: 1087.16, base loss: 4136.82
[INFO 2017-07-31 20:18:16,202 demo.py:71] epoch 379, train loss: 1008.33, average train loss: 1083.06, base loss: 4131.10
[INFO 2017-07-31 20:18:16,785 demo.py:71] epoch 380, train loss: 591.90, average train loss: 1074.37, base loss: 4128.34
[INFO 2017-07-31 20:18:17,373 demo.py:71] epoch 381, train loss: 983.20, average train loss: 1069.74, base loss: 4131.98
[INFO 2017-07-31 20:18:17,955 demo.py:71] epoch 382, train loss: 525.74, average train loss: 1060.78, base loss: 4126.94
[INFO 2017-07-31 20:18:18,539 demo.py:71] epoch 383, train loss: 447.86, average train loss: 1051.59, base loss: 4130.78
[INFO 2017-07-31 20:18:19,125 demo.py:71] epoch 384, train loss: 428.58, average train loss: 1042.46, base loss: 4129.74
[INFO 2017-07-31 20:18:19,705 demo.py:71] epoch 385, train loss: 506.41, average train loss: 1033.21, base loss: 4130.70
[INFO 2017-07-31 20:18:20,287 demo.py:71] epoch 386, train loss: 433.07, average train loss: 1021.89, base loss: 4121.77
[INFO 2017-07-31 20:18:20,872 demo.py:71] epoch 387, train loss: 489.65, average train loss: 1010.31, base loss: 4113.65
[INFO 2017-07-31 20:18:21,454 demo.py:71] epoch 388, train loss: 328.03, average train loss: 1000.09, base loss: 4110.83
[INFO 2017-07-31 20:18:22,039 demo.py:71] epoch 389, train loss: 578.84, average train loss: 994.23, base loss: 4124.35
[INFO 2017-07-31 20:18:22,625 demo.py:71] epoch 390, train loss: 504.93, average train loss: 985.05, base loss: 4120.73
[INFO 2017-07-31 20:18:23,209 demo.py:71] epoch 391, train loss: 429.33, average train loss: 975.44, base loss: 4119.87
[INFO 2017-07-31 20:18:23,793 demo.py:71] epoch 392, train loss: 369.48, average train loss: 965.08, base loss: 4118.36
[INFO 2017-07-31 20:18:24,375 demo.py:71] epoch 393, train loss: 497.50, average train loss: 956.50, base loss: 4119.42
[INFO 2017-07-31 20:18:24,958 demo.py:71] epoch 394, train loss: 425.60, average train loss: 945.98, base loss: 4110.52
[INFO 2017-07-31 20:18:25,542 demo.py:71] epoch 395, train loss: 338.67, average train loss: 935.54, base loss: 4110.10
[INFO 2017-07-31 20:18:26,127 demo.py:71] epoch 396, train loss: 553.67, average train loss: 929.79, base loss: 4123.22
[INFO 2017-07-31 20:18:26,710 demo.py:71] epoch 397, train loss: 397.46, average train loss: 918.80, base loss: 4117.24
[INFO 2017-07-31 20:18:27,291 demo.py:71] epoch 398, train loss: 324.49, average train loss: 909.82, base loss: 4115.71
[INFO 2017-07-31 20:18:27,878 demo.py:71] epoch 399, train loss: 254.90, average train loss: 900.83, base loss: 4119.20
[INFO 2017-07-31 20:18:27,878 demo.py:73] epoch 399, testing
[INFO 2017-07-31 20:18:30,325 demo.py:119] average test loss: 395.42, base loss: 4010.09
[INFO 2017-07-31 20:18:30,325 demo.py:120] improve_loss: 3614.67, improve_percent: 0.90
[INFO 2017-07-31 20:18:30,325 demo.py:122] average test endpoint error: 0.00
[INFO 2017-07-31 20:18:30,326 base_demo.py:90] model save to ./model.pth
[INFO 2017-07-31 20:18:30,343 base_demo.py:94] current best improved percent: 0.90
[INFO 2017-07-31 20:18:30,951 demo.py:71] epoch 400, train loss: 480.18, average train loss: 892.91, base loss: 4115.26
[INFO 2017-07-31 20:18:31,534 demo.py:71] epoch 401, train loss: 311.76, average train loss: 883.33, base loss: 4119.72
[INFO 2017-07-31 20:18:32,117 demo.py:71] epoch 402, train loss: 333.99, average train loss: 874.20, base loss: 4117.05
[INFO 2017-07-31 20:18:32,700 demo.py:71] epoch 403, train loss: 394.98, average train loss: 864.04, base loss: 4112.15
[INFO 2017-07-31 20:18:33,280 demo.py:71] epoch 404, train loss: 351.29, average train loss: 857.11, base loss: 4122.17
[INFO 2017-07-31 20:18:33,863 demo.py:71] epoch 405, train loss: 342.74, average train loss: 847.41, base loss: 4126.07
[INFO 2017-07-31 20:18:34,446 demo.py:71] epoch 406, train loss: 290.63, average train loss: 837.33, base loss: 4129.29
[INFO 2017-07-31 20:18:35,029 demo.py:71] epoch 407, train loss: 358.30, average train loss: 827.89, base loss: 4136.87
[INFO 2017-07-31 20:18:35,612 demo.py:71] epoch 408, train loss: 248.45, average train loss: 816.50, base loss: 4127.66
[INFO 2017-07-31 20:18:36,194 demo.py:71] epoch 409, train loss: 334.79, average train loss: 807.31, base loss: 4136.10
[INFO 2017-07-31 20:18:36,777 demo.py:71] epoch 410, train loss: 260.42, average train loss: 795.90, base loss: 4130.32
[INFO 2017-07-31 20:18:37,360 demo.py:71] epoch 411, train loss: 203.24, average train loss: 784.73, base loss: 4132.69
[INFO 2017-07-31 20:18:37,942 demo.py:71] epoch 412, train loss: 294.45, average train loss: 774.62, base loss: 4133.86
[INFO 2017-07-31 20:18:38,526 demo.py:71] epoch 413, train loss: 320.06, average train loss: 761.05, base loss: 4127.28
[INFO 2017-07-31 20:18:39,109 demo.py:71] epoch 414, train loss: 386.28, average train loss: 751.39, base loss: 4139.76
