[INFO 2017-07-10 16:44:38,309 demo.py:152] Namespace(batch_size=64, bg_move=False, bg_noise=0.5, bidirection=False, data='box', display=False, fg_noise=0.1, image_size=32, init_model_path='', learning_rate=0.001, method='unsupervised', motion_range=1, num_frame=3, num_objects=1, save_dir='./', save_display=False, save_display_dir='./', test=False, test_epoch=10, test_gt=False, test_interval=100, train=True, train_epoch=2000)
[INFO 2017-07-10 16:44:40,336 demo.py:65] epoch 0, train loss: 23298.45, average train loss: 23298.45, base loss: 4354.88
[INFO 2017-07-10 16:44:40,598 demo.py:65] epoch 1, train loss: 22036.53, average train loss: 22667.49, base loss: 4623.40
[INFO 2017-07-10 16:44:40,844 demo.py:65] epoch 2, train loss: 20650.55, average train loss: 21995.18, base loss: 4440.38
[INFO 2017-07-10 16:44:41,076 demo.py:65] epoch 3, train loss: 18786.85, average train loss: 21193.09, base loss: 4326.58
[INFO 2017-07-10 16:44:41,321 demo.py:65] epoch 4, train loss: 17538.44, average train loss: 20462.16, base loss: 4370.12
[INFO 2017-07-10 16:44:41,586 demo.py:65] epoch 5, train loss: 16295.01, average train loss: 19767.64, base loss: 4304.04
[INFO 2017-07-10 16:44:41,866 demo.py:65] epoch 6, train loss: 15265.48, average train loss: 19124.47, base loss: 4361.79
[INFO 2017-07-10 16:44:42,113 demo.py:65] epoch 7, train loss: 14085.79, average train loss: 18494.64, base loss: 4364.80
[INFO 2017-07-10 16:44:42,360 demo.py:65] epoch 8, train loss: 12758.16, average train loss: 17857.25, base loss: 4346.52
[INFO 2017-07-10 16:44:42,595 demo.py:65] epoch 9, train loss: 12088.27, average train loss: 17280.35, base loss: 4342.88
[INFO 2017-07-10 16:44:42,860 demo.py:65] epoch 10, train loss: 11389.11, average train loss: 16744.78, base loss: 4346.42
[INFO 2017-07-10 16:44:43,140 demo.py:65] epoch 11, train loss: 9988.06, average train loss: 16181.72, base loss: 4319.62
[INFO 2017-07-10 16:44:43,391 demo.py:65] epoch 12, train loss: 9170.08, average train loss: 15642.37, base loss: 4328.16
[INFO 2017-07-10 16:44:43,656 demo.py:65] epoch 13, train loss: 8487.02, average train loss: 15131.27, base loss: 4330.58
[INFO 2017-07-10 16:44:43,947 demo.py:65] epoch 14, train loss: 7961.96, average train loss: 14653.32, base loss: 4318.13
[INFO 2017-07-10 16:44:44,239 demo.py:65] epoch 15, train loss: 7276.12, average train loss: 14192.24, base loss: 4304.92
[INFO 2017-07-10 16:44:44,536 demo.py:65] epoch 16, train loss: 6362.01, average train loss: 13731.64, base loss: 4279.81
[INFO 2017-07-10 16:44:44,822 demo.py:65] epoch 17, train loss: 6093.76, average train loss: 13307.31, base loss: 4302.27
[INFO 2017-07-10 16:44:45,063 demo.py:65] epoch 18, train loss: 5386.65, average train loss: 12890.44, base loss: 4296.34
[INFO 2017-07-10 16:44:45,319 demo.py:65] epoch 19, train loss: 4845.86, average train loss: 12488.21, base loss: 4278.92
[INFO 2017-07-10 16:44:45,574 demo.py:65] epoch 20, train loss: 4810.79, average train loss: 12122.62, base loss: 4302.25
[INFO 2017-07-10 16:44:45,838 demo.py:65] epoch 21, train loss: 4121.21, average train loss: 11758.92, base loss: 4299.54
[INFO 2017-07-10 16:44:46,083 demo.py:65] epoch 22, train loss: 3754.65, average train loss: 11410.90, base loss: 4277.65
[INFO 2017-07-10 16:44:46,345 demo.py:65] epoch 23, train loss: 3644.02, average train loss: 11087.28, base loss: 4269.69
[INFO 2017-07-10 16:44:46,613 demo.py:65] epoch 24, train loss: 3302.70, average train loss: 10775.90, base loss: 4256.82
[INFO 2017-07-10 16:44:46,898 demo.py:65] epoch 25, train loss: 3276.77, average train loss: 10487.47, base loss: 4246.91
[INFO 2017-07-10 16:44:47,180 demo.py:65] epoch 26, train loss: 3548.89, average train loss: 10230.49, base loss: 4265.48
[INFO 2017-07-10 16:44:47,461 demo.py:65] epoch 27, train loss: 3052.98, average train loss: 9974.15, base loss: 4254.01
[INFO 2017-07-10 16:44:47,750 demo.py:65] epoch 28, train loss: 3031.47, average train loss: 9734.75, base loss: 4262.93
[INFO 2017-07-10 16:44:48,008 demo.py:65] epoch 29, train loss: 2679.97, average train loss: 9499.59, base loss: 4239.99
[INFO 2017-07-10 16:44:48,301 demo.py:65] epoch 30, train loss: 2809.21, average train loss: 9283.77, base loss: 4233.14
[INFO 2017-07-10 16:44:48,595 demo.py:65] epoch 31, train loss: 2629.82, average train loss: 9075.83, base loss: 4229.94
[INFO 2017-07-10 16:44:48,871 demo.py:65] epoch 32, train loss: 2399.54, average train loss: 8873.52, base loss: 4210.11
[INFO 2017-07-10 16:44:49,115 demo.py:65] epoch 33, train loss: 2449.69, average train loss: 8684.58, base loss: 4201.80
[INFO 2017-07-10 16:44:49,354 demo.py:65] epoch 34, train loss: 2788.12, average train loss: 8516.11, base loss: 4193.04
[INFO 2017-07-10 16:44:49,593 demo.py:65] epoch 35, train loss: 2591.13, average train loss: 8351.53, base loss: 4195.52
[INFO 2017-07-10 16:44:49,832 demo.py:65] epoch 36, train loss: 2426.63, average train loss: 8191.40, base loss: 4193.67
[INFO 2017-07-10 16:44:50,069 demo.py:65] epoch 37, train loss: 2260.31, average train loss: 8035.32, base loss: 4190.36
[INFO 2017-07-10 16:44:50,306 demo.py:65] epoch 38, train loss: 2298.24, average train loss: 7888.21, base loss: 4191.84
[INFO 2017-07-10 16:44:50,545 demo.py:65] epoch 39, train loss: 2015.62, average train loss: 7741.40, base loss: 4188.25
[INFO 2017-07-10 16:44:50,783 demo.py:65] epoch 40, train loss: 1952.76, average train loss: 7600.21, base loss: 4183.19
[INFO 2017-07-10 16:44:51,020 demo.py:65] epoch 41, train loss: 1792.17, average train loss: 7461.93, base loss: 4169.02
[INFO 2017-07-10 16:44:51,276 demo.py:65] epoch 42, train loss: 2203.47, average train loss: 7339.64, base loss: 4180.06
[INFO 2017-07-10 16:44:51,513 demo.py:65] epoch 43, train loss: 1912.71, average train loss: 7216.30, base loss: 4179.22
[INFO 2017-07-10 16:44:51,752 demo.py:65] epoch 44, train loss: 1692.20, average train loss: 7093.54, base loss: 4174.06
[INFO 2017-07-10 16:44:51,991 demo.py:65] epoch 45, train loss: 1867.45, average train loss: 6979.93, base loss: 4166.66
[INFO 2017-07-10 16:44:52,231 demo.py:65] epoch 46, train loss: 1864.03, average train loss: 6871.08, base loss: 4161.95
[INFO 2017-07-10 16:44:52,472 demo.py:65] epoch 47, train loss: 1751.68, average train loss: 6764.43, base loss: 4159.97
[INFO 2017-07-10 16:44:52,709 demo.py:65] epoch 48, train loss: 1533.67, average train loss: 6657.68, base loss: 4153.80
[INFO 2017-07-10 16:44:52,947 demo.py:65] epoch 49, train loss: 1667.39, average train loss: 6557.87, base loss: 4155.84
[INFO 2017-07-10 16:44:53,186 demo.py:65] epoch 50, train loss: 1837.97, average train loss: 6465.32, base loss: 4149.09
[INFO 2017-07-10 16:44:53,424 demo.py:65] epoch 51, train loss: 1508.65, average train loss: 6370.00, base loss: 4138.54
[INFO 2017-07-10 16:44:53,662 demo.py:65] epoch 52, train loss: 1701.17, average train loss: 6281.91, base loss: 4135.13
[INFO 2017-07-10 16:44:53,901 demo.py:65] epoch 53, train loss: 1671.84, average train loss: 6196.54, base loss: 4140.74
[INFO 2017-07-10 16:44:54,139 demo.py:65] epoch 54, train loss: 1675.96, average train loss: 6114.35, base loss: 4143.94
[INFO 2017-07-10 16:44:54,377 demo.py:65] epoch 55, train loss: 1655.62, average train loss: 6034.73, base loss: 4149.19
[INFO 2017-07-10 16:44:54,617 demo.py:65] epoch 56, train loss: 1491.44, average train loss: 5955.02, base loss: 4146.38
[INFO 2017-07-10 16:44:54,853 demo.py:65] epoch 57, train loss: 1528.91, average train loss: 5878.71, base loss: 4152.78
[INFO 2017-07-10 16:44:55,091 demo.py:65] epoch 58, train loss: 1533.20, average train loss: 5805.05, base loss: 4163.40
[INFO 2017-07-10 16:44:55,331 demo.py:65] epoch 59, train loss: 1403.43, average train loss: 5731.69, base loss: 4157.11
[INFO 2017-07-10 16:44:55,570 demo.py:65] epoch 60, train loss: 1498.40, average train loss: 5662.30, base loss: 4164.73
[INFO 2017-07-10 16:44:55,808 demo.py:65] epoch 61, train loss: 1230.62, average train loss: 5590.82, base loss: 4167.95
[INFO 2017-07-10 16:44:56,046 demo.py:65] epoch 62, train loss: 1368.36, average train loss: 5523.79, base loss: 4163.76
[INFO 2017-07-10 16:44:56,284 demo.py:65] epoch 63, train loss: 1261.01, average train loss: 5457.19, base loss: 4167.39
[INFO 2017-07-10 16:44:56,524 demo.py:65] epoch 64, train loss: 1379.43, average train loss: 5394.45, base loss: 4171.81
[INFO 2017-07-10 16:44:56,762 demo.py:65] epoch 65, train loss: 1275.91, average train loss: 5332.05, base loss: 4176.15
[INFO 2017-07-10 16:44:56,999 demo.py:65] epoch 66, train loss: 1144.99, average train loss: 5269.56, base loss: 4175.76
[INFO 2017-07-10 16:44:57,238 demo.py:65] epoch 67, train loss: 1223.60, average train loss: 5210.06, base loss: 4178.51
[INFO 2017-07-10 16:44:57,476 demo.py:65] epoch 68, train loss: 1434.37, average train loss: 5155.34, base loss: 4181.78
[INFO 2017-07-10 16:44:57,734 demo.py:65] epoch 69, train loss: 1343.24, average train loss: 5100.88, base loss: 4179.56
[INFO 2017-07-10 16:44:57,971 demo.py:65] epoch 70, train loss: 1492.38, average train loss: 5050.06, base loss: 4180.05
[INFO 2017-07-10 16:44:58,211 demo.py:65] epoch 71, train loss: 1107.75, average train loss: 4995.30, base loss: 4185.28
[INFO 2017-07-10 16:44:58,450 demo.py:65] epoch 72, train loss: 1226.77, average train loss: 4943.68, base loss: 4189.81
[INFO 2017-07-10 16:44:58,688 demo.py:65] epoch 73, train loss: 1300.48, average train loss: 4894.45, base loss: 4185.84
[INFO 2017-07-10 16:44:58,929 demo.py:65] epoch 74, train loss: 1282.72, average train loss: 4846.29, base loss: 4187.08
[INFO 2017-07-10 16:44:59,167 demo.py:65] epoch 75, train loss: 1308.51, average train loss: 4799.74, base loss: 4191.40
[INFO 2017-07-10 16:44:59,406 demo.py:65] epoch 76, train loss: 1343.08, average train loss: 4754.85, base loss: 4189.93
[INFO 2017-07-10 16:44:59,646 demo.py:65] epoch 77, train loss: 1313.73, average train loss: 4710.73, base loss: 4195.27
[INFO 2017-07-10 16:44:59,882 demo.py:65] epoch 78, train loss: 1206.71, average train loss: 4666.38, base loss: 4199.75
[INFO 2017-07-10 16:45:00,119 demo.py:65] epoch 79, train loss: 1228.77, average train loss: 4623.41, base loss: 4196.72
[INFO 2017-07-10 16:45:00,357 demo.py:65] epoch 80, train loss: 1069.87, average train loss: 4579.54, base loss: 4194.20
[INFO 2017-07-10 16:45:00,597 demo.py:65] epoch 81, train loss: 1073.28, average train loss: 4536.78, base loss: 4190.31
[INFO 2017-07-10 16:45:00,837 demo.py:65] epoch 82, train loss: 1141.65, average train loss: 4495.87, base loss: 4185.75
[INFO 2017-07-10 16:45:01,075 demo.py:65] epoch 83, train loss: 1094.40, average train loss: 4455.38, base loss: 4189.55
[INFO 2017-07-10 16:45:01,314 demo.py:65] epoch 84, train loss: 1282.00, average train loss: 4418.04, base loss: 4185.64
[INFO 2017-07-10 16:45:01,553 demo.py:65] epoch 85, train loss: 945.98, average train loss: 4377.67, base loss: 4187.73
[INFO 2017-07-10 16:45:01,790 demo.py:65] epoch 86, train loss: 1197.28, average train loss: 4341.11, base loss: 4188.33
[INFO 2017-07-10 16:45:02,028 demo.py:65] epoch 87, train loss: 1215.00, average train loss: 4305.59, base loss: 4189.01
[INFO 2017-07-10 16:45:02,267 demo.py:65] epoch 88, train loss: 903.00, average train loss: 4267.36, base loss: 4180.83
[INFO 2017-07-10 16:45:02,508 demo.py:65] epoch 89, train loss: 1052.36, average train loss: 4231.64, base loss: 4180.09
[INFO 2017-07-10 16:45:02,748 demo.py:65] epoch 90, train loss: 1143.50, average train loss: 4197.70, base loss: 4181.61
[INFO 2017-07-10 16:45:02,986 demo.py:65] epoch 91, train loss: 1049.45, average train loss: 4163.48, base loss: 4181.81
[INFO 2017-07-10 16:45:03,224 demo.py:65] epoch 92, train loss: 1092.43, average train loss: 4130.46, base loss: 4187.78
[INFO 2017-07-10 16:45:03,463 demo.py:65] epoch 93, train loss: 1217.26, average train loss: 4099.47, base loss: 4188.64
[INFO 2017-07-10 16:45:03,702 demo.py:65] epoch 94, train loss: 1105.58, average train loss: 4067.95, base loss: 4188.28
[INFO 2017-07-10 16:45:03,957 demo.py:65] epoch 95, train loss: 930.81, average train loss: 4035.27, base loss: 4190.28
[INFO 2017-07-10 16:45:04,196 demo.py:65] epoch 96, train loss: 870.36, average train loss: 4002.65, base loss: 4185.59
[INFO 2017-07-10 16:45:04,436 demo.py:65] epoch 97, train loss: 1086.31, average train loss: 3972.89, base loss: 4188.21
[INFO 2017-07-10 16:45:04,675 demo.py:65] epoch 98, train loss: 892.30, average train loss: 3941.77, base loss: 4185.24
[INFO 2017-07-10 16:45:04,914 demo.py:65] epoch 99, train loss: 954.54, average train loss: 3911.90, base loss: 4185.06
[INFO 2017-07-10 16:45:04,914 demo.py:67] epoch 99, testing
[INFO 2017-07-10 16:45:06,056 demo.py:97] average test loss: 1000.26, base loss: 4166.83
[INFO 2017-07-10 16:45:06,056 demo.py:98] improve_loss: 3166.57, improve_percent: 0.76
[INFO 2017-07-10 16:45:06,057 base_demo.py:87] model save to ./model.pth
[INFO 2017-07-10 16:45:06,062 base_demo.py:91] current best improved percent: 0.76
[INFO 2017-07-10 16:45:06,300 demo.py:65] epoch 100, train loss: 1061.08, average train loss: 3689.52, base loss: 4180.10
[INFO 2017-07-10 16:45:06,534 demo.py:65] epoch 101, train loss: 1250.20, average train loss: 3481.66, base loss: 4178.47
[INFO 2017-07-10 16:45:06,769 demo.py:65] epoch 102, train loss: 1054.97, average train loss: 3285.71, base loss: 4176.54
[INFO 2017-07-10 16:45:07,004 demo.py:65] epoch 103, train loss: 1232.49, average train loss: 3110.16, base loss: 4179.49
[INFO 2017-07-10 16:45:07,237 demo.py:65] epoch 104, train loss: 1229.21, average train loss: 2947.07, base loss: 4178.96
[INFO 2017-07-10 16:45:07,471 demo.py:65] epoch 105, train loss: 1154.60, average train loss: 2795.67, base loss: 4185.19
[INFO 2017-07-10 16:45:07,707 demo.py:65] epoch 106, train loss: 1097.52, average train loss: 2653.99, base loss: 4181.93
[INFO 2017-07-10 16:45:07,945 demo.py:65] epoch 107, train loss: 737.67, average train loss: 2520.51, base loss: 4174.27
[INFO 2017-07-10 16:45:08,181 demo.py:65] epoch 108, train loss: 1139.68, average train loss: 2404.32, base loss: 4175.86
[INFO 2017-07-10 16:45:08,413 demo.py:65] epoch 109, train loss: 949.73, average train loss: 2292.93, base loss: 4178.92
[INFO 2017-07-10 16:45:08,651 demo.py:65] epoch 110, train loss: 1277.10, average train loss: 2191.81, base loss: 4180.49
[INFO 2017-07-10 16:45:08,903 demo.py:65] epoch 111, train loss: 1139.87, average train loss: 2103.33, base loss: 4185.44
[INFO 2017-07-10 16:45:09,140 demo.py:65] epoch 112, train loss: 962.21, average train loss: 2021.25, base loss: 4188.42
[INFO 2017-07-10 16:45:09,375 demo.py:65] epoch 113, train loss: 944.45, average train loss: 1945.83, base loss: 4186.48
[INFO 2017-07-10 16:45:09,608 demo.py:65] epoch 114, train loss: 986.56, average train loss: 1876.07, base loss: 4187.02
[INFO 2017-07-10 16:45:09,842 demo.py:65] epoch 115, train loss: 895.72, average train loss: 1812.27, base loss: 4183.54
[INFO 2017-07-10 16:45:10,080 demo.py:65] epoch 116, train loss: 912.85, average train loss: 1757.78, base loss: 4186.26
[INFO 2017-07-10 16:45:10,315 demo.py:65] epoch 117, train loss: 956.80, average train loss: 1706.41, base loss: 4178.76
[INFO 2017-07-10 16:45:10,553 demo.py:65] epoch 118, train loss: 930.30, average train loss: 1661.85, base loss: 4178.22
[INFO 2017-07-10 16:45:10,787 demo.py:65] epoch 119, train loss: 888.86, average train loss: 1622.28, base loss: 4178.91
[INFO 2017-07-10 16:45:11,023 demo.py:65] epoch 120, train loss: 741.46, average train loss: 1581.58, base loss: 4173.37
[INFO 2017-07-10 16:45:11,258 demo.py:65] epoch 121, train loss: 848.60, average train loss: 1548.86, base loss: 4168.68
[INFO 2017-07-10 16:45:11,491 demo.py:65] epoch 122, train loss: 930.11, average train loss: 1520.61, base loss: 4178.88
[INFO 2017-07-10 16:45:11,727 demo.py:65] epoch 123, train loss: 1237.30, average train loss: 1496.54, base loss: 4178.76
[INFO 2017-07-10 16:45:11,962 demo.py:65] epoch 124, train loss: 960.96, average train loss: 1473.13, base loss: 4181.57
[INFO 2017-07-10 16:45:12,195 demo.py:65] epoch 125, train loss: 694.05, average train loss: 1447.30, base loss: 4181.22
[INFO 2017-07-10 16:45:12,429 demo.py:65] epoch 126, train loss: 803.69, average train loss: 1419.85, base loss: 4180.17
[INFO 2017-07-10 16:45:12,663 demo.py:65] epoch 127, train loss: 1105.53, average train loss: 1400.37, base loss: 4186.20
[INFO 2017-07-10 16:45:12,900 demo.py:65] epoch 128, train loss: 959.15, average train loss: 1379.65, base loss: 4183.33
[INFO 2017-07-10 16:45:13,134 demo.py:65] epoch 129, train loss: 741.09, average train loss: 1360.26, base loss: 4182.24
[INFO 2017-07-10 16:45:13,367 demo.py:65] epoch 130, train loss: 789.63, average train loss: 1340.06, base loss: 4189.48
[INFO 2017-07-10 16:45:13,602 demo.py:65] epoch 131, train loss: 886.14, average train loss: 1322.63, base loss: 4194.26
[INFO 2017-07-10 16:45:13,840 demo.py:65] epoch 132, train loss: 789.50, average train loss: 1306.53, base loss: 4195.26
[INFO 2017-07-10 16:45:14,075 demo.py:65] epoch 133, train loss: 701.31, average train loss: 1289.04, base loss: 4195.68
[INFO 2017-07-10 16:45:14,311 demo.py:65] epoch 134, train loss: 802.73, average train loss: 1269.19, base loss: 4197.54
[INFO 2017-07-10 16:45:14,544 demo.py:65] epoch 135, train loss: 683.38, average train loss: 1250.11, base loss: 4194.50
[INFO 2017-07-10 16:45:14,775 demo.py:65] epoch 136, train loss: 765.07, average train loss: 1233.50, base loss: 4198.15
[INFO 2017-07-10 16:45:15,009 demo.py:65] epoch 137, train loss: 699.23, average train loss: 1217.89, base loss: 4204.14
[INFO 2017-07-10 16:45:15,261 demo.py:65] epoch 138, train loss: 702.91, average train loss: 1201.93, base loss: 4206.44
[INFO 2017-07-10 16:45:15,498 demo.py:65] epoch 139, train loss: 650.94, average train loss: 1188.29, base loss: 4208.46
[INFO 2017-07-10 16:45:15,732 demo.py:65] epoch 140, train loss: 876.66, average train loss: 1177.52, base loss: 4210.23
[INFO 2017-07-10 16:45:15,967 demo.py:65] epoch 141, train loss: 626.17, average train loss: 1165.86, base loss: 4213.17
[INFO 2017-07-10 16:45:16,202 demo.py:65] epoch 142, train loss: 631.22, average train loss: 1150.14, base loss: 4207.18
[INFO 2017-07-10 16:45:16,437 demo.py:65] epoch 143, train loss: 645.35, average train loss: 1137.47, base loss: 4206.99
[INFO 2017-07-10 16:45:16,671 demo.py:65] epoch 144, train loss: 706.81, average train loss: 1127.61, base loss: 4209.54
[INFO 2017-07-10 16:45:16,904 demo.py:65] epoch 145, train loss: 567.75, average train loss: 1114.62, base loss: 4209.51
[INFO 2017-07-10 16:45:17,137 demo.py:65] epoch 146, train loss: 526.36, average train loss: 1101.24, base loss: 4209.30
[INFO 2017-07-10 16:45:17,371 demo.py:65] epoch 147, train loss: 558.47, average train loss: 1089.31, base loss: 4210.21
[INFO 2017-07-10 16:45:17,604 demo.py:65] epoch 148, train loss: 450.11, average train loss: 1078.47, base loss: 4208.72
[INFO 2017-07-10 16:45:17,841 demo.py:65] epoch 149, train loss: 774.03, average train loss: 1069.54, base loss: 4207.94
[INFO 2017-07-10 16:45:18,073 demo.py:65] epoch 150, train loss: 636.24, average train loss: 1057.52, base loss: 4210.52
[INFO 2017-07-10 16:45:18,308 demo.py:65] epoch 151, train loss: 646.28, average train loss: 1048.90, base loss: 4219.20
[INFO 2017-07-10 16:45:18,547 demo.py:65] epoch 152, train loss: 533.06, average train loss: 1037.22, base loss: 4217.27
[INFO 2017-07-10 16:45:18,782 demo.py:65] epoch 153, train loss: 516.85, average train loss: 1025.67, base loss: 4218.20
[INFO 2017-07-10 16:45:19,019 demo.py:65] epoch 154, train loss: 525.56, average train loss: 1014.16, base loss: 4214.28
[INFO 2017-07-10 16:45:19,258 demo.py:65] epoch 155, train loss: 502.94, average train loss: 1002.64, base loss: 4209.87
[INFO 2017-07-10 16:45:19,493 demo.py:65] epoch 156, train loss: 594.36, average train loss: 993.67, base loss: 4214.74
[INFO 2017-07-10 16:45:19,731 demo.py:65] epoch 157, train loss: 513.67, average train loss: 983.51, base loss: 4214.00
[INFO 2017-07-10 16:45:19,966 demo.py:65] epoch 158, train loss: 526.18, average train loss: 973.44, base loss: 4209.72
[INFO 2017-07-10 16:45:20,202 demo.py:65] epoch 159, train loss: 486.87, average train loss: 964.28, base loss: 4212.94
[INFO 2017-07-10 16:45:20,436 demo.py:65] epoch 160, train loss: 469.16, average train loss: 953.99, base loss: 4205.82
[INFO 2017-07-10 16:45:20,673 demo.py:65] epoch 161, train loss: 525.53, average train loss: 946.93, base loss: 4204.20
[INFO 2017-07-10 16:45:20,910 demo.py:65] epoch 162, train loss: 493.32, average train loss: 938.18, base loss: 4209.02
[INFO 2017-07-10 16:45:21,146 demo.py:65] epoch 163, train loss: 711.71, average train loss: 932.69, base loss: 4208.14
[INFO 2017-07-10 16:45:21,399 demo.py:65] epoch 164, train loss: 484.35, average train loss: 923.74, base loss: 4206.55
[INFO 2017-07-10 16:45:21,635 demo.py:65] epoch 165, train loss: 435.36, average train loss: 915.34, base loss: 4203.66
[INFO 2017-07-10 16:45:21,871 demo.py:65] epoch 166, train loss: 441.36, average train loss: 908.30, base loss: 4200.10
[INFO 2017-07-10 16:45:22,106 demo.py:65] epoch 167, train loss: 360.04, average train loss: 899.66, base loss: 4197.64
[INFO 2017-07-10 16:45:22,339 demo.py:65] epoch 168, train loss: 318.73, average train loss: 888.51, base loss: 4194.75
[INFO 2017-07-10 16:45:22,574 demo.py:65] epoch 169, train loss: 424.27, average train loss: 879.32, base loss: 4194.38
[INFO 2017-07-10 16:45:22,808 demo.py:65] epoch 170, train loss: 391.34, average train loss: 868.31, base loss: 4194.07
[INFO 2017-07-10 16:45:23,044 demo.py:65] epoch 171, train loss: 400.21, average train loss: 861.23, base loss: 4191.28
[INFO 2017-07-10 16:45:23,278 demo.py:65] epoch 172, train loss: 378.19, average train loss: 852.75, base loss: 4190.10
[INFO 2017-07-10 16:45:23,513 demo.py:65] epoch 173, train loss: 428.78, average train loss: 844.03, base loss: 4186.99
[INFO 2017-07-10 16:45:23,748 demo.py:65] epoch 174, train loss: 400.34, average train loss: 835.20, base loss: 4185.34
[INFO 2017-07-10 16:45:23,982 demo.py:65] epoch 175, train loss: 405.14, average train loss: 826.17, base loss: 4181.81
[INFO 2017-07-10 16:45:24,219 demo.py:65] epoch 176, train loss: 298.86, average train loss: 815.73, base loss: 4177.74
[INFO 2017-07-10 16:45:24,455 demo.py:65] epoch 177, train loss: 293.71, average train loss: 805.53, base loss: 4171.03
[INFO 2017-07-10 16:45:24,691 demo.py:65] epoch 178, train loss: 345.34, average train loss: 796.91, base loss: 4168.67
[INFO 2017-07-10 16:45:24,925 demo.py:65] epoch 179, train loss: 342.95, average train loss: 788.06, base loss: 4171.48
[INFO 2017-07-10 16:45:25,159 demo.py:65] epoch 180, train loss: 312.59, average train loss: 780.48, base loss: 4170.73
[INFO 2017-07-10 16:45:25,397 demo.py:65] epoch 181, train loss: 317.47, average train loss: 772.93, base loss: 4167.45
[INFO 2017-07-10 16:45:25,634 demo.py:65] epoch 182, train loss: 264.04, average train loss: 764.15, base loss: 4168.88
[INFO 2017-07-10 16:45:25,871 demo.py:65] epoch 183, train loss: 274.79, average train loss: 755.95, base loss: 4166.13
[INFO 2017-07-10 16:45:26,105 demo.py:65] epoch 184, train loss: 356.91, average train loss: 746.70, base loss: 4165.04
[INFO 2017-07-10 16:45:26,341 demo.py:65] epoch 185, train loss: 284.13, average train loss: 740.08, base loss: 4161.94
[INFO 2017-07-10 16:45:26,578 demo.py:65] epoch 186, train loss: 287.18, average train loss: 730.98, base loss: 4162.32
[INFO 2017-07-10 16:45:26,816 demo.py:65] epoch 187, train loss: 240.15, average train loss: 721.23, base loss: 4162.01
[INFO 2017-07-10 16:45:27,051 demo.py:65] epoch 188, train loss: 294.32, average train loss: 715.15, base loss: 4174.62
[INFO 2017-07-10 16:45:27,287 demo.py:65] epoch 189, train loss: 245.15, average train loss: 707.08, base loss: 4171.24
[INFO 2017-07-10 16:45:27,522 demo.py:65] epoch 190, train loss: 247.98, average train loss: 698.12, base loss: 4167.73
[INFO 2017-07-10 16:45:27,774 demo.py:65] epoch 191, train loss: 182.49, average train loss: 689.45, base loss: 4165.39
[INFO 2017-07-10 16:45:28,013 demo.py:65] epoch 192, train loss: 246.06, average train loss: 680.99, base loss: 4159.95
[INFO 2017-07-10 16:45:28,250 demo.py:65] epoch 193, train loss: 207.96, average train loss: 670.89, base loss: 4156.08
[INFO 2017-07-10 16:45:28,486 demo.py:65] epoch 194, train loss: 261.02, average train loss: 662.45, base loss: 4157.89
[INFO 2017-07-10 16:45:28,724 demo.py:65] epoch 195, train loss: 232.17, average train loss: 655.46, base loss: 4150.03
[INFO 2017-07-10 16:45:28,961 demo.py:65] epoch 196, train loss: 270.43, average train loss: 649.46, base loss: 4151.55
[INFO 2017-07-10 16:45:29,194 demo.py:65] epoch 197, train loss: 192.58, average train loss: 640.53, base loss: 4147.66
[INFO 2017-07-10 16:45:29,430 demo.py:65] epoch 198, train loss: 194.16, average train loss: 633.54, base loss: 4145.79
[INFO 2017-07-10 16:45:29,663 demo.py:65] epoch 199, train loss: 194.97, average train loss: 625.95, base loss: 4142.58
[INFO 2017-07-10 16:45:29,664 demo.py:67] epoch 199, testing
[INFO 2017-07-10 16:45:30,785 demo.py:97] average test loss: 247.52, base loss: 4044.76
[INFO 2017-07-10 16:45:30,785 demo.py:98] improve_loss: 3797.25, improve_percent: 0.94
[INFO 2017-07-10 16:45:30,787 base_demo.py:87] model save to ./model.pth
[INFO 2017-07-10 16:45:30,793 base_demo.py:91] current best improved percent: 0.94
[INFO 2017-07-10 16:45:31,032 demo.py:65] epoch 200, train loss: 158.30, average train loss: 616.92, base loss: 4145.07
[INFO 2017-07-10 16:45:31,267 demo.py:65] epoch 201, train loss: 257.03, average train loss: 606.99, base loss: 4136.45
[INFO 2017-07-10 16:45:31,503 demo.py:65] epoch 202, train loss: 233.33, average train loss: 598.77, base loss: 4141.75
[INFO 2017-07-10 16:45:31,738 demo.py:65] epoch 203, train loss: 207.17, average train loss: 588.52, base loss: 4142.64
[INFO 2017-07-10 16:45:31,975 demo.py:65] epoch 204, train loss: 210.13, average train loss: 578.33, base loss: 4140.92
[INFO 2017-07-10 16:45:32,211 demo.py:65] epoch 205, train loss: 262.21, average train loss: 569.40, base loss: 4143.69
[INFO 2017-07-10 16:45:32,446 demo.py:65] epoch 206, train loss: 215.85, average train loss: 560.59, base loss: 4138.76
[INFO 2017-07-10 16:45:32,697 demo.py:65] epoch 207, train loss: 249.56, average train loss: 555.71, base loss: 4141.37
[INFO 2017-07-10 16:45:32,933 demo.py:65] epoch 208, train loss: 175.09, average train loss: 546.06, base loss: 4138.11
[INFO 2017-07-10 16:45:33,168 demo.py:65] epoch 209, train loss: 168.17, average train loss: 538.25, base loss: 4129.96
[INFO 2017-07-10 16:45:33,405 demo.py:65] epoch 210, train loss: 200.81, average train loss: 527.48, base loss: 4127.55
[INFO 2017-07-10 16:45:33,640 demo.py:65] epoch 211, train loss: 212.07, average train loss: 518.20, base loss: 4123.38
[INFO 2017-07-10 16:45:33,877 demo.py:65] epoch 212, train loss: 169.26, average train loss: 510.27, base loss: 4117.34
[INFO 2017-07-10 16:45:34,110 demo.py:65] epoch 213, train loss: 136.54, average train loss: 502.20, base loss: 4112.54
[INFO 2017-07-10 16:45:34,347 demo.py:65] epoch 214, train loss: 242.09, average train loss: 494.75, base loss: 4116.65
[INFO 2017-07-10 16:45:34,580 demo.py:65] epoch 215, train loss: 202.12, average train loss: 487.82, base loss: 4123.79
[INFO 2017-07-10 16:45:34,815 demo.py:65] epoch 216, train loss: 166.86, average train loss: 480.36, base loss: 4121.62
[INFO 2017-07-10 16:45:35,048 demo.py:65] epoch 217, train loss: 158.29, average train loss: 472.37, base loss: 4122.87
[INFO 2017-07-10 16:45:35,282 demo.py:65] epoch 218, train loss: 158.38, average train loss: 464.65, base loss: 4119.43
[INFO 2017-07-10 16:45:35,516 demo.py:65] epoch 219, train loss: 210.25, average train loss: 457.86, base loss: 4123.00
[INFO 2017-07-10 16:45:35,753 demo.py:65] epoch 220, train loss: 113.97, average train loss: 451.59, base loss: 4121.66
[INFO 2017-07-10 16:45:35,986 demo.py:65] epoch 221, train loss: 152.04, average train loss: 444.62, base loss: 4124.19
[INFO 2017-07-10 16:45:36,221 demo.py:65] epoch 222, train loss: 134.92, average train loss: 436.67, base loss: 4107.56
[INFO 2017-07-10 16:45:36,455 demo.py:65] epoch 223, train loss: 301.33, average train loss: 427.31, base loss: 4111.82
[INFO 2017-07-10 16:45:36,690 demo.py:65] epoch 224, train loss: 122.68, average train loss: 418.93, base loss: 4113.05
[INFO 2017-07-10 16:45:36,923 demo.py:65] epoch 225, train loss: 144.43, average train loss: 413.43, base loss: 4118.03
[INFO 2017-07-10 16:45:37,158 demo.py:65] epoch 226, train loss: 139.15, average train loss: 406.79, base loss: 4110.44
[INFO 2017-07-10 16:45:37,392 demo.py:65] epoch 227, train loss: 164.63, average train loss: 397.38, base loss: 4107.43
[INFO 2017-07-10 16:45:37,629 demo.py:65] epoch 228, train loss: 143.59, average train loss: 389.22, base loss: 4105.44
[INFO 2017-07-10 16:45:37,864 demo.py:65] epoch 229, train loss: 130.87, average train loss: 383.12, base loss: 4111.61
[INFO 2017-07-10 16:45:38,101 demo.py:65] epoch 230, train loss: 172.07, average train loss: 376.95, base loss: 4107.58
[INFO 2017-07-10 16:45:38,337 demo.py:65] epoch 231, train loss: 158.97, average train loss: 369.67, base loss: 4100.11
[INFO 2017-07-10 16:45:38,572 demo.py:65] epoch 232, train loss: 126.08, average train loss: 363.04, base loss: 4109.40
[INFO 2017-07-10 16:45:38,826 demo.py:65] epoch 233, train loss: 229.32, average train loss: 358.32, base loss: 4117.00
[INFO 2017-07-10 16:45:39,063 demo.py:65] epoch 234, train loss: 176.83, average train loss: 352.06, base loss: 4120.21
[INFO 2017-07-10 16:45:39,298 demo.py:65] epoch 235, train loss: 118.86, average train loss: 346.42, base loss: 4117.51
[INFO 2017-07-10 16:45:39,531 demo.py:65] epoch 236, train loss: 111.60, average train loss: 339.88, base loss: 4111.50
[INFO 2017-07-10 16:45:39,767 demo.py:65] epoch 237, train loss: 131.72, average train loss: 334.21, base loss: 4107.32
[INFO 2017-07-10 16:45:40,003 demo.py:65] epoch 238, train loss: 102.18, average train loss: 328.20, base loss: 4104.20
[INFO 2017-07-10 16:45:40,240 demo.py:65] epoch 239, train loss: 102.35, average train loss: 322.71, base loss: 4103.01
[INFO 2017-07-10 16:45:40,476 demo.py:65] epoch 240, train loss: 103.19, average train loss: 314.98, base loss: 4105.62
[INFO 2017-07-10 16:45:40,710 demo.py:65] epoch 241, train loss: 181.55, average train loss: 310.53, base loss: 4115.84
[INFO 2017-07-10 16:45:40,948 demo.py:65] epoch 242, train loss: 104.58, average train loss: 305.27, base loss: 4117.21
[INFO 2017-07-10 16:45:41,184 demo.py:65] epoch 243, train loss: 99.16, average train loss: 299.80, base loss: 4121.34
[INFO 2017-07-10 16:45:41,419 demo.py:65] epoch 244, train loss: 177.03, average train loss: 294.51, base loss: 4118.71
[INFO 2017-07-10 16:45:41,657 demo.py:65] epoch 245, train loss: 102.88, average train loss: 289.86, base loss: 4116.70
[INFO 2017-07-10 16:45:41,895 demo.py:65] epoch 246, train loss: 120.76, average train loss: 285.80, base loss: 4120.76
[INFO 2017-07-10 16:45:42,131 demo.py:65] epoch 247, train loss: 121.93, average train loss: 281.44, base loss: 4121.10
[INFO 2017-07-10 16:45:42,368 demo.py:65] epoch 248, train loss: 107.42, average train loss: 278.01, base loss: 4122.93
[INFO 2017-07-10 16:45:42,603 demo.py:65] epoch 249, train loss: 146.07, average train loss: 271.73, base loss: 4124.78
[INFO 2017-07-10 16:45:42,840 demo.py:65] epoch 250, train loss: 142.00, average train loss: 266.79, base loss: 4128.86
[INFO 2017-07-10 16:45:43,075 demo.py:65] epoch 251, train loss: 130.42, average train loss: 261.63, base loss: 4123.94
[INFO 2017-07-10 16:45:43,311 demo.py:65] epoch 252, train loss: 104.67, average train loss: 257.34, base loss: 4126.94
[INFO 2017-07-10 16:45:43,545 demo.py:65] epoch 253, train loss: 138.55, average train loss: 253.56, base loss: 4123.24
[INFO 2017-07-10 16:45:43,779 demo.py:65] epoch 254, train loss: 98.15, average train loss: 249.29, base loss: 4123.20
[INFO 2017-07-10 16:45:44,015 demo.py:65] epoch 255, train loss: 102.57, average train loss: 245.28, base loss: 4123.87
[INFO 2017-07-10 16:45:44,249 demo.py:65] epoch 256, train loss: 86.99, average train loss: 240.21, base loss: 4114.04
[INFO 2017-07-10 16:45:44,486 demo.py:65] epoch 257, train loss: 103.11, average train loss: 236.10, base loss: 4115.40
[INFO 2017-07-10 16:45:44,720 demo.py:65] epoch 258, train loss: 95.39, average train loss: 231.80, base loss: 4113.91
[INFO 2017-07-10 16:45:44,955 demo.py:65] epoch 259, train loss: 165.80, average train loss: 228.59, base loss: 4120.42
[INFO 2017-07-10 16:45:45,205 demo.py:65] epoch 260, train loss: 86.73, average train loss: 224.76, base loss: 4124.34
[INFO 2017-07-10 16:45:45,442 demo.py:65] epoch 261, train loss: 120.75, average train loss: 220.71, base loss: 4125.78
[INFO 2017-07-10 16:45:45,679 demo.py:65] epoch 262, train loss: 104.36, average train loss: 216.82, base loss: 4121.83
[INFO 2017-07-10 16:45:45,914 demo.py:65] epoch 263, train loss: 108.45, average train loss: 210.79, base loss: 4125.89
[INFO 2017-07-10 16:45:46,150 demo.py:65] epoch 264, train loss: 94.62, average train loss: 206.89, base loss: 4123.91
[INFO 2017-07-10 16:45:46,385 demo.py:65] epoch 265, train loss: 80.13, average train loss: 203.34, base loss: 4126.82
[INFO 2017-07-10 16:45:46,621 demo.py:65] epoch 266, train loss: 80.71, average train loss: 199.74, base loss: 4123.83
[INFO 2017-07-10 16:45:46,856 demo.py:65] epoch 267, train loss: 77.04, average train loss: 196.91, base loss: 4125.38
[INFO 2017-07-10 16:45:47,093 demo.py:65] epoch 268, train loss: 78.73, average train loss: 194.51, base loss: 4123.49
[INFO 2017-07-10 16:45:47,330 demo.py:65] epoch 269, train loss: 99.38, average train loss: 191.26, base loss: 4126.99
[INFO 2017-07-10 16:45:47,567 demo.py:65] epoch 270, train loss: 93.06, average train loss: 188.27, base loss: 4131.04
[INFO 2017-07-10 16:45:47,800 demo.py:65] epoch 271, train loss: 105.17, average train loss: 185.32, base loss: 4127.30
[INFO 2017-07-10 16:45:48,034 demo.py:65] epoch 272, train loss: 76.09, average train loss: 182.30, base loss: 4124.34
[INFO 2017-07-10 16:45:48,267 demo.py:65] epoch 273, train loss: 64.53, average train loss: 178.66, base loss: 4125.51
[INFO 2017-07-10 16:45:48,503 demo.py:65] epoch 274, train loss: 70.21, average train loss: 175.36, base loss: 4125.33
[INFO 2017-07-10 16:45:48,736 demo.py:65] epoch 275, train loss: 58.17, average train loss: 171.89, base loss: 4123.11
[INFO 2017-07-10 16:45:48,973 demo.py:65] epoch 276, train loss: 83.40, average train loss: 169.73, base loss: 4122.57
[INFO 2017-07-10 16:45:49,207 demo.py:65] epoch 277, train loss: 61.51, average train loss: 167.41, base loss: 4120.84
[INFO 2017-07-10 16:45:49,442 demo.py:65] epoch 278, train loss: 75.74, average train loss: 164.72, base loss: 4121.49
[INFO 2017-07-10 16:45:49,677 demo.py:65] epoch 279, train loss: 66.87, average train loss: 161.95, base loss: 4116.92
[INFO 2017-07-10 16:45:49,911 demo.py:65] epoch 280, train loss: 94.18, average train loss: 159.77, base loss: 4120.79
[INFO 2017-07-10 16:45:50,146 demo.py:65] epoch 281, train loss: 68.73, average train loss: 157.28, base loss: 4127.14
[INFO 2017-07-10 16:45:50,383 demo.py:65] epoch 282, train loss: 69.12, average train loss: 155.33, base loss: 4128.19
[INFO 2017-07-10 16:45:50,618 demo.py:65] epoch 283, train loss: 51.06, average train loss: 153.10, base loss: 4125.10
[INFO 2017-07-10 16:45:50,851 demo.py:65] epoch 284, train loss: 59.86, average train loss: 150.13, base loss: 4123.77
[INFO 2017-07-10 16:45:51,086 demo.py:65] epoch 285, train loss: 47.46, average train loss: 147.76, base loss: 4124.85
[INFO 2017-07-10 16:45:51,339 demo.py:65] epoch 286, train loss: 54.38, average train loss: 145.43, base loss: 4120.23
[INFO 2017-07-10 16:45:51,574 demo.py:65] epoch 287, train loss: 62.33, average train loss: 143.65, base loss: 4120.94
[INFO 2017-07-10 16:45:51,810 demo.py:65] epoch 288, train loss: 63.29, average train loss: 141.34, base loss: 4111.53
[INFO 2017-07-10 16:45:52,046 demo.py:65] epoch 289, train loss: 89.87, average train loss: 139.79, base loss: 4112.82
[INFO 2017-07-10 16:45:52,280 demo.py:65] epoch 290, train loss: 100.69, average train loss: 138.32, base loss: 4117.79
[INFO 2017-07-10 16:45:52,516 demo.py:65] epoch 291, train loss: 73.04, average train loss: 137.22, base loss: 4116.63
[INFO 2017-07-10 16:45:52,751 demo.py:65] epoch 292, train loss: 45.18, average train loss: 135.21, base loss: 4114.01
[INFO 2017-07-10 16:45:52,986 demo.py:65] epoch 293, train loss: 73.93, average train loss: 133.87, base loss: 4120.11
[INFO 2017-07-10 16:45:53,226 demo.py:65] epoch 294, train loss: 66.50, average train loss: 131.93, base loss: 4122.52
[INFO 2017-07-10 16:45:53,460 demo.py:65] epoch 295, train loss: 82.78, average train loss: 130.43, base loss: 4128.63
[INFO 2017-07-10 16:45:53,701 demo.py:65] epoch 296, train loss: 59.31, average train loss: 128.32, base loss: 4131.82
[INFO 2017-07-10 16:45:53,935 demo.py:65] epoch 297, train loss: 46.90, average train loss: 126.87, base loss: 4130.68
[INFO 2017-07-10 16:45:54,172 demo.py:65] epoch 298, train loss: 53.04, average train loss: 125.46, base loss: 4133.32
[INFO 2017-07-10 16:45:54,406 demo.py:65] epoch 299, train loss: 89.07, average train loss: 124.40, base loss: 4142.65
[INFO 2017-07-10 16:45:54,406 demo.py:67] epoch 299, testing
[INFO 2017-07-10 16:45:55,529 demo.py:97] average test loss: 50.03, base loss: 4219.95
[INFO 2017-07-10 16:45:55,530 demo.py:98] improve_loss: 4169.91, improve_percent: 0.99
[INFO 2017-07-10 16:45:55,531 base_demo.py:87] model save to ./model.pth
[INFO 2017-07-10 16:45:55,537 base_demo.py:91] current best improved percent: 0.99
[INFO 2017-07-10 16:45:55,772 demo.py:65] epoch 300, train loss: 37.77, average train loss: 123.19, base loss: 4136.76
[INFO 2017-07-10 16:45:56,006 demo.py:65] epoch 301, train loss: 53.48, average train loss: 121.16, base loss: 4135.44
[INFO 2017-07-10 16:45:56,257 demo.py:65] epoch 302, train loss: 49.75, average train loss: 119.32, base loss: 4130.84
[INFO 2017-07-10 16:45:56,491 demo.py:65] epoch 303, train loss: 43.04, average train loss: 117.68, base loss: 4127.19
[INFO 2017-07-10 16:45:56,725 demo.py:65] epoch 304, train loss: 110.66, average train loss: 116.68, base loss: 4128.43
[INFO 2017-07-10 16:45:56,961 demo.py:65] epoch 305, train loss: 49.62, average train loss: 114.56, base loss: 4118.89
[INFO 2017-07-10 16:45:57,196 demo.py:65] epoch 306, train loss: 47.41, average train loss: 112.87, base loss: 4125.72
[INFO 2017-07-10 16:45:57,431 demo.py:65] epoch 307, train loss: 61.41, average train loss: 110.99, base loss: 4128.25
[INFO 2017-07-10 16:45:57,673 demo.py:65] epoch 308, train loss: 41.27, average train loss: 109.65, base loss: 4130.68
[INFO 2017-07-10 16:45:57,909 demo.py:65] epoch 309, train loss: 38.65, average train loss: 108.36, base loss: 4132.64
[INFO 2017-07-10 16:45:58,145 demo.py:65] epoch 310, train loss: 46.06, average train loss: 106.81, base loss: 4130.01
[INFO 2017-07-10 16:45:58,382 demo.py:65] epoch 311, train loss: 114.24, average train loss: 105.83, base loss: 4128.92
[INFO 2017-07-10 16:45:58,621 demo.py:65] epoch 312, train loss: 43.19, average train loss: 104.57, base loss: 4130.70
[INFO 2017-07-10 16:45:58,855 demo.py:65] epoch 313, train loss: 65.02, average train loss: 103.86, base loss: 4130.05
[INFO 2017-07-10 16:45:59,090 demo.py:65] epoch 314, train loss: 52.40, average train loss: 101.96, base loss: 4127.55
[INFO 2017-07-10 16:45:59,322 demo.py:65] epoch 315, train loss: 50.22, average train loss: 100.44, base loss: 4125.69
[INFO 2017-07-10 16:45:59,558 demo.py:65] epoch 316, train loss: 45.76, average train loss: 99.23, base loss: 4127.58
[INFO 2017-07-10 16:45:59,793 demo.py:65] epoch 317, train loss: 79.04, average train loss: 98.44, base loss: 4132.64
[INFO 2017-07-10 16:46:00,028 demo.py:65] epoch 318, train loss: 69.72, average train loss: 97.55, base loss: 4134.83
[INFO 2017-07-10 16:46:00,263 demo.py:65] epoch 319, train loss: 59.17, average train loss: 96.04, base loss: 4131.69
[INFO 2017-07-10 16:46:00,496 demo.py:65] epoch 320, train loss: 78.20, average train loss: 95.68, base loss: 4134.55
[INFO 2017-07-10 16:46:00,731 demo.py:65] epoch 321, train loss: 41.68, average train loss: 94.58, base loss: 4136.37
[INFO 2017-07-10 16:46:00,967 demo.py:65] epoch 322, train loss: 56.11, average train loss: 93.79, base loss: 4146.86
[INFO 2017-07-10 16:46:01,201 demo.py:65] epoch 323, train loss: 59.15, average train loss: 91.37, base loss: 4148.51
[INFO 2017-07-10 16:46:01,437 demo.py:65] epoch 324, train loss: 52.55, average train loss: 90.67, base loss: 4143.42
[INFO 2017-07-10 16:46:01,672 demo.py:65] epoch 325, train loss: 50.88, average train loss: 89.73, base loss: 4141.66
[INFO 2017-07-10 16:46:01,906 demo.py:65] epoch 326, train loss: 55.16, average train loss: 88.89, base loss: 4144.23
[INFO 2017-07-10 16:46:02,140 demo.py:65] epoch 327, train loss: 41.06, average train loss: 87.66, base loss: 4143.09
[INFO 2017-07-10 16:46:02,374 demo.py:65] epoch 328, train loss: 52.56, average train loss: 86.75, base loss: 4145.44
[INFO 2017-07-10 16:46:02,626 demo.py:65] epoch 329, train loss: 87.38, average train loss: 86.31, base loss: 4153.59
[INFO 2017-07-10 16:46:02,860 demo.py:65] epoch 330, train loss: 42.16, average train loss: 85.01, base loss: 4153.96
[INFO 2017-07-10 16:46:03,097 demo.py:65] epoch 331, train loss: 43.42, average train loss: 83.86, base loss: 4160.83
[INFO 2017-07-10 16:46:03,332 demo.py:65] epoch 332, train loss: 38.35, average train loss: 82.98, base loss: 4157.04
[INFO 2017-07-10 16:46:03,569 demo.py:65] epoch 333, train loss: 35.16, average train loss: 81.04, base loss: 4150.87
[INFO 2017-07-10 16:46:03,803 demo.py:65] epoch 334, train loss: 51.55, average train loss: 79.79, base loss: 4154.69
[INFO 2017-07-10 16:46:04,039 demo.py:65] epoch 335, train loss: 44.76, average train loss: 79.04, base loss: 4160.55
[INFO 2017-07-10 16:46:04,272 demo.py:65] epoch 336, train loss: 39.74, average train loss: 78.33, base loss: 4166.17
[INFO 2017-07-10 16:46:04,509 demo.py:65] epoch 337, train loss: 55.10, average train loss: 77.56, base loss: 4163.50
[INFO 2017-07-10 16:46:04,742 demo.py:65] epoch 338, train loss: 35.01, average train loss: 76.89, base loss: 4166.83
[INFO 2017-07-10 16:46:04,980 demo.py:65] epoch 339, train loss: 56.21, average train loss: 76.43, base loss: 4170.70
[INFO 2017-07-10 16:46:05,214 demo.py:65] epoch 340, train loss: 70.67, average train loss: 76.10, base loss: 4170.33
[INFO 2017-07-10 16:46:05,449 demo.py:65] epoch 341, train loss: 34.71, average train loss: 74.63, base loss: 4165.38
[INFO 2017-07-10 16:46:05,684 demo.py:65] epoch 342, train loss: 42.16, average train loss: 74.01, base loss: 4167.67
[INFO 2017-07-10 16:46:05,917 demo.py:65] epoch 343, train loss: 38.73, average train loss: 73.40, base loss: 4164.50
[INFO 2017-07-10 16:46:06,151 demo.py:65] epoch 344, train loss: 33.61, average train loss: 71.97, base loss: 4165.81
[INFO 2017-07-10 16:46:06,389 demo.py:65] epoch 345, train loss: 70.20, average train loss: 71.64, base loss: 4170.68
[INFO 2017-07-10 16:46:06,623 demo.py:65] epoch 346, train loss: 53.49, average train loss: 70.97, base loss: 4174.95
[INFO 2017-07-10 16:46:06,859 demo.py:65] epoch 347, train loss: 28.48, average train loss: 70.04, base loss: 4174.74
[INFO 2017-07-10 16:46:07,096 demo.py:65] epoch 348, train loss: 36.78, average train loss: 69.33, base loss: 4177.37
[INFO 2017-07-10 16:46:07,331 demo.py:65] epoch 349, train loss: 42.14, average train loss: 68.29, base loss: 4173.70
[INFO 2017-07-10 16:46:07,567 demo.py:65] epoch 350, train loss: 31.89, average train loss: 67.19, base loss: 4168.33
[INFO 2017-07-10 16:46:07,802 demo.py:65] epoch 351, train loss: 46.31, average train loss: 66.35, base loss: 4165.53
[INFO 2017-07-10 16:46:08,037 demo.py:65] epoch 352, train loss: 44.79, average train loss: 65.75, base loss: 4174.37
[INFO 2017-07-10 16:46:08,274 demo.py:65] epoch 353, train loss: 39.22, average train loss: 64.76, base loss: 4177.72
[INFO 2017-07-10 16:46:08,510 demo.py:65] epoch 354, train loss: 43.12, average train loss: 64.21, base loss: 4181.17
[INFO 2017-07-10 16:46:08,747 demo.py:65] epoch 355, train loss: 45.39, average train loss: 63.63, base loss: 4186.48
[INFO 2017-07-10 16:46:09,002 demo.py:65] epoch 356, train loss: 32.00, average train loss: 63.08, base loss: 4190.55
[INFO 2017-07-10 16:46:09,235 demo.py:65] epoch 357, train loss: 35.55, average train loss: 62.41, base loss: 4184.46
[INFO 2017-07-10 16:46:09,470 demo.py:65] epoch 358, train loss: 34.47, average train loss: 61.80, base loss: 4187.29
[INFO 2017-07-10 16:46:09,705 demo.py:65] epoch 359, train loss: 31.78, average train loss: 60.46, base loss: 4183.51
[INFO 2017-07-10 16:46:09,940 demo.py:65] epoch 360, train loss: 37.46, average train loss: 59.97, base loss: 4183.09
[INFO 2017-07-10 16:46:10,173 demo.py:65] epoch 361, train loss: 28.79, average train loss: 59.05, base loss: 4184.29
[INFO 2017-07-10 16:46:10,410 demo.py:65] epoch 362, train loss: 31.39, average train loss: 58.32, base loss: 4186.62
[INFO 2017-07-10 16:46:10,649 demo.py:65] epoch 363, train loss: 33.58, average train loss: 57.57, base loss: 4174.45
[INFO 2017-07-10 16:46:10,884 demo.py:65] epoch 364, train loss: 37.78, average train loss: 57.00, base loss: 4171.79
[INFO 2017-07-10 16:46:11,119 demo.py:65] epoch 365, train loss: 29.56, average train loss: 56.49, base loss: 4164.63
[INFO 2017-07-10 16:46:11,353 demo.py:65] epoch 366, train loss: 32.79, average train loss: 56.02, base loss: 4173.07
[INFO 2017-07-10 16:46:11,589 demo.py:65] epoch 367, train loss: 52.45, average train loss: 55.77, base loss: 4174.78
[INFO 2017-07-10 16:46:11,824 demo.py:65] epoch 368, train loss: 27.16, average train loss: 55.25, base loss: 4178.52
[INFO 2017-07-10 16:46:12,059 demo.py:65] epoch 369, train loss: 25.31, average train loss: 54.51, base loss: 4172.01
[INFO 2017-07-10 16:46:12,296 demo.py:65] epoch 370, train loss: 34.38, average train loss: 53.93, base loss: 4167.98
[INFO 2017-07-10 16:46:12,531 demo.py:65] epoch 371, train loss: 29.31, average train loss: 53.17, base loss: 4173.60
[INFO 2017-07-10 16:46:12,765 demo.py:65] epoch 372, train loss: 32.59, average train loss: 52.73, base loss: 4177.09
[INFO 2017-07-10 16:46:13,000 demo.py:65] epoch 373, train loss: 26.75, average train loss: 52.35, base loss: 4174.66
[INFO 2017-07-10 16:46:13,238 demo.py:65] epoch 374, train loss: 32.49, average train loss: 51.98, base loss: 4172.23
[INFO 2017-07-10 16:46:13,476 demo.py:65] epoch 375, train loss: 34.79, average train loss: 51.74, base loss: 4174.28
[INFO 2017-07-10 16:46:13,712 demo.py:65] epoch 376, train loss: 29.66, average train loss: 51.21, base loss: 4180.59
[INFO 2017-07-10 16:46:13,951 demo.py:65] epoch 377, train loss: 33.33, average train loss: 50.92, base loss: 4186.56
[INFO 2017-07-10 16:46:14,187 demo.py:65] epoch 378, train loss: 31.99, average train loss: 50.49, base loss: 4186.46
[INFO 2017-07-10 16:46:14,423 demo.py:65] epoch 379, train loss: 25.99, average train loss: 50.08, base loss: 4185.35
[INFO 2017-07-10 16:46:14,657 demo.py:65] epoch 380, train loss: 40.35, average train loss: 49.54, base loss: 4180.40
[INFO 2017-07-10 16:46:14,891 demo.py:65] epoch 381, train loss: 31.39, average train loss: 49.17, base loss: 4183.07
[INFO 2017-07-10 16:46:15,145 demo.py:65] epoch 382, train loss: 22.52, average train loss: 48.70, base loss: 4185.15
[INFO 2017-07-10 16:46:15,379 demo.py:65] epoch 383, train loss: 24.14, average train loss: 48.43, base loss: 4181.67
[INFO 2017-07-10 16:46:15,615 demo.py:65] epoch 384, train loss: 25.09, average train loss: 48.08, base loss: 4187.97
[INFO 2017-07-10 16:46:15,849 demo.py:65] epoch 385, train loss: 23.23, average train loss: 47.84, base loss: 4182.19
[INFO 2017-07-10 16:46:16,084 demo.py:65] epoch 386, train loss: 24.72, average train loss: 47.54, base loss: 4188.49
[INFO 2017-07-10 16:46:16,319 demo.py:65] epoch 387, train loss: 22.28, average train loss: 47.14, base loss: 4187.51
[INFO 2017-07-10 16:46:16,553 demo.py:65] epoch 388, train loss: 26.46, average train loss: 46.78, base loss: 4195.85
[INFO 2017-07-10 16:46:16,788 demo.py:65] epoch 389, train loss: 34.52, average train loss: 46.22, base loss: 4202.49
[INFO 2017-07-10 16:46:17,024 demo.py:65] epoch 390, train loss: 25.02, average train loss: 45.47, base loss: 4199.05
[INFO 2017-07-10 16:46:17,258 demo.py:65] epoch 391, train loss: 22.63, average train loss: 44.96, base loss: 4204.41
[INFO 2017-07-10 16:46:17,498 demo.py:65] epoch 392, train loss: 24.41, average train loss: 44.75, base loss: 4208.00
[INFO 2017-07-10 16:46:17,732 demo.py:65] epoch 393, train loss: 29.53, average train loss: 44.31, base loss: 4205.72
[INFO 2017-07-10 16:46:17,966 demo.py:65] epoch 394, train loss: 20.98, average train loss: 43.85, base loss: 4201.18
[INFO 2017-07-10 16:46:18,202 demo.py:65] epoch 395, train loss: 26.49, average train loss: 43.29, base loss: 4205.06
[INFO 2017-07-10 16:46:18,437 demo.py:65] epoch 396, train loss: 25.40, average train loss: 42.95, base loss: 4206.38
[INFO 2017-07-10 16:46:18,669 demo.py:65] epoch 397, train loss: 22.74, average train loss: 42.71, base loss: 4206.31
[INFO 2017-07-10 16:46:18,901 demo.py:65] epoch 398, train loss: 16.87, average train loss: 42.35, base loss: 4210.52
[INFO 2017-07-10 16:46:19,134 demo.py:65] epoch 399, train loss: 25.15, average train loss: 41.71, base loss: 4205.90
[INFO 2017-07-10 16:46:19,135 demo.py:67] epoch 399, testing
[INFO 2017-07-10 16:46:20,278 demo.py:97] average test loss: 23.52, base loss: 4158.55
[INFO 2017-07-10 16:46:20,278 demo.py:98] improve_loss: 4135.03, improve_percent: 0.99
[INFO 2017-07-10 16:46:20,279 base_demo.py:87] model save to ./model.pth
[INFO 2017-07-10 16:46:20,284 base_demo.py:91] current best improved percent: 0.99
[INFO 2017-07-10 16:46:20,518 demo.py:65] epoch 400, train loss: 34.44, average train loss: 41.68, base loss: 4206.29
[INFO 2017-07-10 16:46:20,756 demo.py:65] epoch 401, train loss: 21.84, average train loss: 41.36, base loss: 4213.66
[INFO 2017-07-10 16:46:20,992 demo.py:65] epoch 402, train loss: 22.20, average train loss: 41.09, base loss: 4213.57
[INFO 2017-07-10 16:46:21,228 demo.py:65] epoch 403, train loss: 18.95, average train loss: 40.84, base loss: 4214.38
[INFO 2017-07-10 16:46:21,462 demo.py:65] epoch 404, train loss: 26.03, average train loss: 40.00, base loss: 4212.18
[INFO 2017-07-10 16:46:21,700 demo.py:65] epoch 405, train loss: 24.11, average train loss: 39.74, base loss: 4215.03
[INFO 2017-07-10 16:46:21,932 demo.py:65] epoch 406, train loss: 25.43, average train loss: 39.52, base loss: 4211.48
[INFO 2017-07-10 16:46:22,166 demo.py:65] epoch 407, train loss: 21.42, average train loss: 39.12, base loss: 4210.76
[INFO 2017-07-10 16:46:22,399 demo.py:65] epoch 408, train loss: 20.69, average train loss: 38.92, base loss: 4208.46
[INFO 2017-07-10 16:46:22,633 demo.py:65] epoch 409, train loss: 21.07, average train loss: 38.74, base loss: 4206.34
[INFO 2017-07-10 16:46:22,869 demo.py:65] epoch 410, train loss: 19.76, average train loss: 38.48, base loss: 4206.32
[INFO 2017-07-10 16:46:23,103 demo.py:65] epoch 411, train loss: 22.47, average train loss: 37.56, base loss: 4208.07
[INFO 2017-07-10 16:46:23,335 demo.py:65] epoch 412, train loss: 19.56, average train loss: 37.32, base loss: 4203.89
[INFO 2017-07-10 16:46:23,569 demo.py:65] epoch 413, train loss: 22.04, average train loss: 36.90, base loss: 4206.69
[INFO 2017-07-10 16:46:23,801 demo.py:65] epoch 414, train loss: 18.72, average train loss: 36.56, base loss: 4201.85
[INFO 2017-07-10 16:46:24,037 demo.py:65] epoch 415, train loss: 18.06, average train loss: 36.24, base loss: 4201.76
[INFO 2017-07-10 16:46:24,275 demo.py:65] epoch 416, train loss: 15.34, average train loss: 35.93, base loss: 4199.53
[INFO 2017-07-10 16:46:24,516 demo.py:65] epoch 417, train loss: 17.73, average train loss: 35.32, base loss: 4193.88
[INFO 2017-07-10 16:46:24,794 demo.py:65] epoch 418, train loss: 18.31, average train loss: 34.81, base loss: 4189.96
[INFO 2017-07-10 16:46:25,054 demo.py:65] epoch 419, train loss: 19.94, average train loss: 34.41, base loss: 4194.92
[INFO 2017-07-10 16:46:25,312 demo.py:65] epoch 420, train loss: 18.89, average train loss: 33.82, base loss: 4183.50
[INFO 2017-07-10 16:46:25,571 demo.py:65] epoch 421, train loss: 27.64, average train loss: 33.68, base loss: 4183.30
[INFO 2017-07-10 16:46:25,811 demo.py:65] epoch 422, train loss: 18.32, average train loss: 33.30, base loss: 4181.60
[INFO 2017-07-10 16:46:26,054 demo.py:65] epoch 423, train loss: 21.29, average train loss: 32.92, base loss: 4173.30
[INFO 2017-07-10 16:46:26,294 demo.py:65] epoch 424, train loss: 19.25, average train loss: 32.59, base loss: 4178.87
[INFO 2017-07-10 16:46:26,556 demo.py:65] epoch 425, train loss: 31.07, average train loss: 32.39, base loss: 4184.16
[INFO 2017-07-10 16:46:26,839 demo.py:65] epoch 426, train loss: 18.73, average train loss: 32.03, base loss: 4186.40
[INFO 2017-07-10 16:46:27,125 demo.py:65] epoch 427, train loss: 18.13, average train loss: 31.80, base loss: 4186.88
[INFO 2017-07-10 16:46:27,406 demo.py:65] epoch 428, train loss: 16.29, average train loss: 31.44, base loss: 4185.72
[INFO 2017-07-10 16:46:27,697 demo.py:65] epoch 429, train loss: 17.59, average train loss: 30.74, base loss: 4176.94
[INFO 2017-07-10 16:46:27,980 demo.py:65] epoch 430, train loss: 16.29, average train loss: 30.48, base loss: 4176.11
[INFO 2017-07-10 16:46:28,251 demo.py:65] epoch 431, train loss: 20.38, average train loss: 30.25, base loss: 4176.26
[INFO 2017-07-10 16:46:28,508 demo.py:65] epoch 432, train loss: 25.36, average train loss: 30.12, base loss: 4178.07
[INFO 2017-07-10 16:46:28,770 demo.py:65] epoch 433, train loss: 17.32, average train loss: 29.94, base loss: 4179.30
[INFO 2017-07-10 16:46:29,043 demo.py:65] epoch 434, train loss: 17.67, average train loss: 29.60, base loss: 4169.65
[INFO 2017-07-10 16:46:29,335 demo.py:65] epoch 435, train loss: 16.62, average train loss: 29.32, base loss: 4173.93
[INFO 2017-07-10 16:46:29,629 demo.py:65] epoch 436, train loss: 16.89, average train loss: 29.09, base loss: 4167.80
[INFO 2017-07-10 16:46:29,898 demo.py:65] epoch 437, train loss: 21.02, average train loss: 28.75, base loss: 4171.02
[INFO 2017-07-10 16:46:30,166 demo.py:65] epoch 438, train loss: 20.06, average train loss: 28.60, base loss: 4169.84
[INFO 2017-07-10 16:46:30,452 demo.py:65] epoch 439, train loss: 15.32, average train loss: 28.19, base loss: 4161.91
[INFO 2017-07-10 16:46:30,739 demo.py:65] epoch 440, train loss: 22.24, average train loss: 27.71, base loss: 4163.89
[INFO 2017-07-10 16:46:31,024 demo.py:65] epoch 441, train loss: 18.14, average train loss: 27.54, base loss: 4166.45
[INFO 2017-07-10 16:46:31,306 demo.py:65] epoch 442, train loss: 16.70, average train loss: 27.29, base loss: 4164.73
[INFO 2017-07-10 16:46:31,604 demo.py:65] epoch 443, train loss: 17.87, average train loss: 27.08, base loss: 4166.78
[INFO 2017-07-10 16:46:31,899 demo.py:65] epoch 444, train loss: 20.09, average train loss: 26.94, base loss: 4171.77
[INFO 2017-07-10 16:46:32,143 demo.py:65] epoch 445, train loss: 18.02, average train loss: 26.42, base loss: 4166.70
[INFO 2017-07-10 16:46:32,412 demo.py:65] epoch 446, train loss: 19.98, average train loss: 26.09, base loss: 4161.25
[INFO 2017-07-10 16:46:32,656 demo.py:65] epoch 447, train loss: 16.20, average train loss: 25.96, base loss: 4163.62
[INFO 2017-07-10 16:46:32,896 demo.py:65] epoch 448, train loss: 18.34, average train loss: 25.78, base loss: 4160.88
[INFO 2017-07-10 16:46:33,142 demo.py:65] epoch 449, train loss: 18.19, average train loss: 25.54, base loss: 4164.27
[INFO 2017-07-10 16:46:33,399 demo.py:65] epoch 450, train loss: 17.68, average train loss: 25.40, base loss: 4164.86
[INFO 2017-07-10 16:46:33,708 demo.py:65] epoch 451, train loss: 15.29, average train loss: 25.09, base loss: 4174.04
[INFO 2017-07-10 16:46:33,973 demo.py:65] epoch 452, train loss: 15.66, average train loss: 24.80, base loss: 4163.81
[INFO 2017-07-10 16:46:34,270 demo.py:65] epoch 453, train loss: 19.17, average train loss: 24.60, base loss: 4158.99
[INFO 2017-07-10 16:46:34,569 demo.py:65] epoch 454, train loss: 17.97, average train loss: 24.34, base loss: 4155.70
[INFO 2017-07-10 16:46:34,830 demo.py:65] epoch 455, train loss: 15.79, average train loss: 24.05, base loss: 4148.52
[INFO 2017-07-10 16:46:35,091 demo.py:65] epoch 456, train loss: 16.41, average train loss: 23.89, base loss: 4145.43
[INFO 2017-07-10 16:46:35,374 demo.py:65] epoch 457, train loss: 17.55, average train loss: 23.71, base loss: 4151.68
[INFO 2017-07-10 16:46:35,671 demo.py:65] epoch 458, train loss: 15.61, average train loss: 23.52, base loss: 4146.09
[INFO 2017-07-10 16:46:35,969 demo.py:65] epoch 459, train loss: 19.55, average train loss: 23.40, base loss: 4145.29
[INFO 2017-07-10 16:46:36,266 demo.py:65] epoch 460, train loss: 14.00, average train loss: 23.17, base loss: 4142.66
[INFO 2017-07-10 16:46:36,564 demo.py:65] epoch 461, train loss: 14.67, average train loss: 23.03, base loss: 4139.09
[INFO 2017-07-10 16:46:36,860 demo.py:65] epoch 462, train loss: 14.36, average train loss: 22.86, base loss: 4139.15
[INFO 2017-07-10 16:46:37,130 demo.py:65] epoch 463, train loss: 24.45, average train loss: 22.76, base loss: 4152.66
[INFO 2017-07-10 16:46:37,374 demo.py:65] epoch 464, train loss: 15.77, average train loss: 22.54, base loss: 4155.39
[INFO 2017-07-10 16:46:37,633 demo.py:65] epoch 465, train loss: 12.31, average train loss: 22.37, base loss: 4159.53
[INFO 2017-07-10 16:46:37,877 demo.py:65] epoch 466, train loss: 14.12, average train loss: 22.19, base loss: 4156.25
[INFO 2017-07-10 16:46:38,118 demo.py:65] epoch 467, train loss: 23.96, average train loss: 21.90, base loss: 4154.28
[INFO 2017-07-10 16:46:38,369 demo.py:65] epoch 468, train loss: 15.83, average train loss: 21.79, base loss: 4156.84
[INFO 2017-07-10 16:46:38,613 demo.py:65] epoch 469, train loss: 22.13, average train loss: 21.76, base loss: 4169.19
[INFO 2017-07-10 16:46:38,865 demo.py:65] epoch 470, train loss: 15.06, average train loss: 21.56, base loss: 4167.31
[INFO 2017-07-10 16:46:39,136 demo.py:65] epoch 471, train loss: 15.89, average train loss: 21.43, base loss: 4167.32
[INFO 2017-07-10 16:46:39,420 demo.py:65] epoch 472, train loss: 15.45, average train loss: 21.26, base loss: 4160.32
[INFO 2017-07-10 16:46:39,681 demo.py:65] epoch 473, train loss: 19.65, average train loss: 21.19, base loss: 4170.88
[INFO 2017-07-10 16:46:39,923 demo.py:65] epoch 474, train loss: 13.69, average train loss: 21.00, base loss: 4173.87
[INFO 2017-07-10 16:46:40,162 demo.py:65] epoch 475, train loss: 17.19, average train loss: 20.82, base loss: 4175.52
[INFO 2017-07-10 16:46:40,422 demo.py:65] epoch 476, train loss: 16.26, average train loss: 20.69, base loss: 4174.21
[INFO 2017-07-10 16:46:40,683 demo.py:65] epoch 477, train loss: 14.49, average train loss: 20.50, base loss: 4170.23
[INFO 2017-07-10 16:46:40,990 demo.py:65] epoch 478, train loss: 13.74, average train loss: 20.32, base loss: 4166.79
[INFO 2017-07-10 16:46:41,287 demo.py:65] epoch 479, train loss: 12.71, average train loss: 20.18, base loss: 4169.25
[INFO 2017-07-10 16:46:41,584 demo.py:65] epoch 480, train loss: 16.95, average train loss: 19.95, base loss: 4173.41
[INFO 2017-07-10 16:46:41,881 demo.py:65] epoch 481, train loss: 18.55, average train loss: 19.82, base loss: 4175.11
[INFO 2017-07-10 16:46:42,153 demo.py:65] epoch 482, train loss: 12.22, average train loss: 19.72, base loss: 4173.22
[INFO 2017-07-10 16:46:42,401 demo.py:65] epoch 483, train loss: 19.28, average train loss: 19.67, base loss: 4180.39
[INFO 2017-07-10 16:46:42,645 demo.py:65] epoch 484, train loss: 14.78, average train loss: 19.57, base loss: 4184.30
[INFO 2017-07-10 16:46:42,885 demo.py:65] epoch 485, train loss: 16.24, average train loss: 19.50, base loss: 4184.32
[INFO 2017-07-10 16:46:43,126 demo.py:65] epoch 486, train loss: 13.52, average train loss: 19.38, base loss: 4179.65
[INFO 2017-07-10 16:46:43,383 demo.py:65] epoch 487, train loss: 18.53, average train loss: 19.35, base loss: 4185.22
[INFO 2017-07-10 16:46:43,664 demo.py:65] epoch 488, train loss: 11.58, average train loss: 19.20, base loss: 4181.52
[INFO 2017-07-10 16:46:43,918 demo.py:65] epoch 489, train loss: 25.27, average train loss: 19.11, base loss: 4172.94
[INFO 2017-07-10 16:46:44,171 demo.py:65] epoch 490, train loss: 13.81, average train loss: 18.99, base loss: 4177.19
[INFO 2017-07-10 16:46:44,457 demo.py:65] epoch 491, train loss: 14.17, average train loss: 18.91, base loss: 4176.12
[INFO 2017-07-10 16:46:44,753 demo.py:65] epoch 492, train loss: 13.29, average train loss: 18.80, base loss: 4172.74
[INFO 2017-07-10 16:46:45,045 demo.py:65] epoch 493, train loss: 16.60, average train loss: 18.67, base loss: 4175.25
[INFO 2017-07-10 16:46:45,293 demo.py:65] epoch 494, train loss: 16.83, average train loss: 18.63, base loss: 4181.29
[INFO 2017-07-10 16:46:45,542 demo.py:65] epoch 495, train loss: 19.56, average train loss: 18.56, base loss: 4179.67
[INFO 2017-07-10 16:46:45,787 demo.py:65] epoch 496, train loss: 12.62, average train loss: 18.43, base loss: 4173.48
[INFO 2017-07-10 16:46:46,025 demo.py:65] epoch 497, train loss: 11.09, average train loss: 18.31, base loss: 4174.94
[INFO 2017-07-10 16:46:46,285 demo.py:65] epoch 498, train loss: 23.00, average train loss: 18.37, base loss: 4169.22
[INFO 2017-07-10 16:46:46,545 demo.py:65] epoch 499, train loss: 14.45, average train loss: 18.27, base loss: 4163.23
[INFO 2017-07-10 16:46:46,545 demo.py:67] epoch 499, testing
[INFO 2017-07-10 16:46:47,714 demo.py:97] average test loss: 13.60, base loss: 4176.63
[INFO 2017-07-10 16:46:47,714 demo.py:98] improve_loss: 4163.03, improve_percent: 1.00
[INFO 2017-07-10 16:46:47,715 base_demo.py:87] model save to ./model.pth
[INFO 2017-07-10 16:46:47,721 base_demo.py:91] current best improved percent: 1.00
[INFO 2017-07-10 16:46:47,958 demo.py:65] epoch 500, train loss: 15.17, average train loss: 18.08, base loss: 4167.47
[INFO 2017-07-10 16:46:48,198 demo.py:65] epoch 501, train loss: 21.38, average train loss: 18.07, base loss: 4170.76
[INFO 2017-07-10 16:46:48,438 demo.py:65] epoch 502, train loss: 14.43, average train loss: 17.99, base loss: 4174.43
[INFO 2017-07-10 16:46:48,679 demo.py:65] epoch 503, train loss: 12.75, average train loss: 17.93, base loss: 4167.15
[INFO 2017-07-10 16:46:48,957 demo.py:65] epoch 504, train loss: 10.76, average train loss: 17.78, base loss: 4164.11
[INFO 2017-07-10 16:46:49,217 demo.py:65] epoch 505, train loss: 11.55, average train loss: 17.65, base loss: 4164.11
[INFO 2017-07-10 16:46:49,459 demo.py:65] epoch 506, train loss: 17.99, average train loss: 17.58, base loss: 4160.56
[INFO 2017-07-10 16:46:49,697 demo.py:65] epoch 507, train loss: 11.63, average train loss: 17.48, base loss: 4162.36
[INFO 2017-07-10 16:46:49,979 demo.py:65] epoch 508, train loss: 11.52, average train loss: 17.39, base loss: 4163.30
[INFO 2017-07-10 16:46:50,230 demo.py:65] epoch 509, train loss: 14.25, average train loss: 17.32, base loss: 4168.47
[INFO 2017-07-10 16:46:50,467 demo.py:65] epoch 510, train loss: 21.79, average train loss: 17.34, base loss: 4176.99
[INFO 2017-07-10 16:46:50,706 demo.py:65] epoch 511, train loss: 13.07, average train loss: 17.25, base loss: 4178.61
[INFO 2017-07-10 16:46:50,954 demo.py:65] epoch 512, train loss: 38.34, average train loss: 17.43, base loss: 4181.78
[INFO 2017-07-10 16:46:51,191 demo.py:65] epoch 513, train loss: 12.17, average train loss: 17.34, base loss: 4183.95
[INFO 2017-07-10 16:46:51,431 demo.py:65] epoch 514, train loss: 18.37, average train loss: 17.33, base loss: 4186.07
[INFO 2017-07-10 16:46:51,669 demo.py:65] epoch 515, train loss: 11.90, average train loss: 17.27, base loss: 4181.72
[INFO 2017-07-10 16:46:51,907 demo.py:65] epoch 516, train loss: 18.39, average train loss: 17.30, base loss: 4189.58
[INFO 2017-07-10 16:46:52,146 demo.py:65] epoch 517, train loss: 12.90, average train loss: 17.25, base loss: 4191.26
[INFO 2017-07-10 16:46:52,392 demo.py:65] epoch 518, train loss: 13.78, average train loss: 17.21, base loss: 4203.32
[INFO 2017-07-10 16:46:52,630 demo.py:65] epoch 519, train loss: 20.53, average train loss: 17.21, base loss: 4200.40
[INFO 2017-07-10 16:46:52,888 demo.py:65] epoch 520, train loss: 12.79, average train loss: 17.15, base loss: 4204.61
[INFO 2017-07-10 16:46:53,148 demo.py:65] epoch 521, train loss: 15.44, average train loss: 17.03, base loss: 4202.64
[INFO 2017-07-10 16:46:53,394 demo.py:65] epoch 522, train loss: 22.60, average train loss: 17.07, base loss: 4202.23
[INFO 2017-07-10 16:46:53,641 demo.py:65] epoch 523, train loss: 18.61, average train loss: 17.05, base loss: 4204.89
[INFO 2017-07-10 16:46:53,903 demo.py:65] epoch 524, train loss: 18.48, average train loss: 17.04, base loss: 4192.69
[INFO 2017-07-10 16:46:54,187 demo.py:65] epoch 525, train loss: 20.50, average train loss: 16.93, base loss: 4190.92
[INFO 2017-07-10 16:46:54,445 demo.py:65] epoch 526, train loss: 14.82, average train loss: 16.89, base loss: 4193.41
[INFO 2017-07-10 16:46:54,683 demo.py:65] epoch 527, train loss: 21.11, average train loss: 16.92, base loss: 4193.71
[INFO 2017-07-10 16:46:54,938 demo.py:65] epoch 528, train loss: 15.09, average train loss: 16.91, base loss: 4195.87
[INFO 2017-07-10 16:46:55,224 demo.py:65] epoch 529, train loss: 14.98, average train loss: 16.89, base loss: 4199.98
[INFO 2017-07-10 16:46:55,512 demo.py:65] epoch 530, train loss: 16.02, average train loss: 16.88, base loss: 4202.32
[INFO 2017-07-10 16:46:55,763 demo.py:65] epoch 531, train loss: 16.57, average train loss: 16.84, base loss: 4201.64
[INFO 2017-07-10 16:46:56,001 demo.py:65] epoch 532, train loss: 22.30, average train loss: 16.81, base loss: 4198.70
[INFO 2017-07-10 16:46:56,241 demo.py:65] epoch 533, train loss: 13.72, average train loss: 16.78, base loss: 4196.97
[INFO 2017-07-10 16:46:56,500 demo.py:65] epoch 534, train loss: 12.17, average train loss: 16.72, base loss: 4197.76
[INFO 2017-07-10 16:46:56,793 demo.py:65] epoch 535, train loss: 11.46, average train loss: 16.67, base loss: 4191.45
[INFO 2017-07-10 16:46:57,082 demo.py:65] epoch 536, train loss: 10.35, average train loss: 16.61, base loss: 4191.08
[INFO 2017-07-10 16:46:57,357 demo.py:65] epoch 537, train loss: 21.49, average train loss: 16.61, base loss: 4189.35
[INFO 2017-07-10 16:46:57,626 demo.py:65] epoch 538, train loss: 13.64, average train loss: 16.55, base loss: 4188.86
[INFO 2017-07-10 16:46:57,915 demo.py:65] epoch 539, train loss: 17.86, average train loss: 16.57, base loss: 4193.71
[INFO 2017-07-10 16:46:58,205 demo.py:65] epoch 540, train loss: 18.71, average train loss: 16.54, base loss: 4197.97
[INFO 2017-07-10 16:46:58,492 demo.py:65] epoch 541, train loss: 26.45, average train loss: 16.62, base loss: 4185.69
[INFO 2017-07-10 16:46:58,787 demo.py:65] epoch 542, train loss: 15.71, average train loss: 16.61, base loss: 4181.08
[INFO 2017-07-10 16:46:59,064 demo.py:65] epoch 543, train loss: 29.74, average train loss: 16.73, base loss: 4178.91
[INFO 2017-07-10 16:46:59,346 demo.py:65] epoch 544, train loss: 11.19, average train loss: 16.64, base loss: 4173.36
[INFO 2017-07-10 16:46:59,623 demo.py:65] epoch 545, train loss: 18.59, average train loss: 16.65, base loss: 4175.06
[INFO 2017-07-10 16:46:59,902 demo.py:65] epoch 546, train loss: 19.44, average train loss: 16.64, base loss: 4171.38
[INFO 2017-07-10 16:47:00,178 demo.py:65] epoch 547, train loss: 16.60, average train loss: 16.64, base loss: 4169.18
[INFO 2017-07-10 16:47:00,420 demo.py:65] epoch 548, train loss: 9.80, average train loss: 16.56, base loss: 4167.21
[INFO 2017-07-10 16:47:00,661 demo.py:65] epoch 549, train loss: 12.30, average train loss: 16.50, base loss: 4164.07
[INFO 2017-07-10 16:47:00,906 demo.py:65] epoch 550, train loss: 18.49, average train loss: 16.51, base loss: 4169.67
[INFO 2017-07-10 16:47:01,149 demo.py:65] epoch 551, train loss: 23.19, average train loss: 16.59, base loss: 4167.37
[INFO 2017-07-10 16:47:01,392 demo.py:65] epoch 552, train loss: 65.84, average train loss: 17.09, base loss: 4169.05
[INFO 2017-07-10 16:47:01,634 demo.py:65] epoch 553, train loss: 31.99, average train loss: 17.22, base loss: 4172.44
[INFO 2017-07-10 16:47:01,887 demo.py:65] epoch 554, train loss: 61.12, average train loss: 17.65, base loss: 4171.40
[INFO 2017-07-10 16:47:02,172 demo.py:65] epoch 555, train loss: 11.93, average train loss: 17.61, base loss: 4175.57
[INFO 2017-07-10 16:47:02,459 demo.py:65] epoch 556, train loss: 22.25, average train loss: 17.67, base loss: 4175.37
[INFO 2017-07-10 16:47:02,742 demo.py:65] epoch 557, train loss: 14.48, average train loss: 17.64, base loss: 4173.66
[INFO 2017-07-10 16:47:03,024 demo.py:65] epoch 558, train loss: 43.36, average train loss: 17.91, base loss: 4176.05
[INFO 2017-07-10 16:47:03,309 demo.py:65] epoch 559, train loss: 27.39, average train loss: 17.99, base loss: 4170.33
[INFO 2017-07-10 16:47:03,608 demo.py:65] epoch 560, train loss: 44.72, average train loss: 18.30, base loss: 4175.70
[INFO 2017-07-10 16:47:03,849 demo.py:65] epoch 561, train loss: 17.03, average train loss: 18.32, base loss: 4177.54
[INFO 2017-07-10 16:47:04,113 demo.py:65] epoch 562, train loss: 57.16, average train loss: 18.75, base loss: 4179.19
[INFO 2017-07-10 16:47:04,392 demo.py:65] epoch 563, train loss: 102.35, average train loss: 19.53, base loss: 4175.85
[INFO 2017-07-10 16:47:04,634 demo.py:65] epoch 564, train loss: 14.67, average train loss: 19.52, base loss: 4177.83
[INFO 2017-07-10 16:47:04,879 demo.py:65] epoch 565, train loss: 19.69, average train loss: 19.59, base loss: 4181.79
[INFO 2017-07-10 16:47:05,126 demo.py:65] epoch 566, train loss: 20.52, average train loss: 19.66, base loss: 4181.80
[INFO 2017-07-10 16:47:05,394 demo.py:65] epoch 567, train loss: 21.70, average train loss: 19.64, base loss: 4180.81
[INFO 2017-07-10 16:47:05,667 demo.py:65] epoch 568, train loss: 16.75, average train loss: 19.64, base loss: 4177.14
[INFO 2017-07-10 16:47:05,926 demo.py:65] epoch 569, train loss: 32.53, average train loss: 19.75, base loss: 4175.16
[INFO 2017-07-10 16:47:06,165 demo.py:65] epoch 570, train loss: 23.26, average train loss: 19.83, base loss: 4174.14
[INFO 2017-07-10 16:47:06,416 demo.py:65] epoch 571, train loss: 20.60, average train loss: 19.88, base loss: 4171.55
[INFO 2017-07-10 16:47:06,670 demo.py:65] epoch 572, train loss: 35.65, average train loss: 20.08, base loss: 4180.00
[INFO 2017-07-10 16:47:06,951 demo.py:65] epoch 573, train loss: 65.53, average train loss: 20.54, base loss: 4175.56
[INFO 2017-07-10 16:47:07,190 demo.py:65] epoch 574, train loss: 18.53, average train loss: 20.59, base loss: 4176.45
[INFO 2017-07-10 16:47:07,441 demo.py:65] epoch 575, train loss: 21.23, average train loss: 20.63, base loss: 4178.21
[INFO 2017-07-10 16:47:07,693 demo.py:65] epoch 576, train loss: 17.97, average train loss: 20.64, base loss: 4181.06
[INFO 2017-07-10 16:47:07,939 demo.py:65] epoch 577, train loss: 13.82, average train loss: 20.64, base loss: 4180.33
[INFO 2017-07-10 16:47:08,214 demo.py:65] epoch 578, train loss: 36.26, average train loss: 20.86, base loss: 4179.73
[INFO 2017-07-10 16:47:08,461 demo.py:65] epoch 579, train loss: 15.22, average train loss: 20.89, base loss: 4179.18
[INFO 2017-07-10 16:47:08,724 demo.py:65] epoch 580, train loss: 100.34, average train loss: 21.72, base loss: 4178.59
[INFO 2017-07-10 16:47:08,988 demo.py:65] epoch 581, train loss: 43.12, average train loss: 21.97, base loss: 4176.82
[INFO 2017-07-10 16:47:09,244 demo.py:65] epoch 582, train loss: 26.69, average train loss: 22.11, base loss: 4174.03
[INFO 2017-07-10 16:47:09,486 demo.py:65] epoch 583, train loss: 19.30, average train loss: 22.11, base loss: 4174.96
[INFO 2017-07-10 16:47:09,741 demo.py:65] epoch 584, train loss: 39.28, average train loss: 22.36, base loss: 4169.79
[INFO 2017-07-10 16:47:10,006 demo.py:65] epoch 585, train loss: 78.27, average train loss: 22.98, base loss: 4181.10
[INFO 2017-07-10 16:47:10,264 demo.py:65] epoch 586, train loss: 26.12, average train loss: 23.10, base loss: 4181.01
[INFO 2017-07-10 16:47:10,520 demo.py:65] epoch 587, train loss: 31.76, average train loss: 23.24, base loss: 4173.64
[INFO 2017-07-10 16:47:10,773 demo.py:65] epoch 588, train loss: 37.42, average train loss: 23.49, base loss: 4175.06
[INFO 2017-07-10 16:47:11,014 demo.py:65] epoch 589, train loss: 34.88, average train loss: 23.59, base loss: 4177.54
[INFO 2017-07-10 16:47:11,298 demo.py:65] epoch 590, train loss: 65.15, average train loss: 24.10, base loss: 4170.93
[INFO 2017-07-10 16:47:11,548 demo.py:65] epoch 591, train loss: 34.65, average train loss: 24.31, base loss: 4169.51
[INFO 2017-07-10 16:47:11,792 demo.py:65] epoch 592, train loss: 31.22, average train loss: 24.49, base loss: 4171.52
[INFO 2017-07-10 16:47:12,067 demo.py:65] epoch 593, train loss: 54.70, average train loss: 24.87, base loss: 4175.61
[INFO 2017-07-10 16:47:12,314 demo.py:65] epoch 594, train loss: 28.31, average train loss: 24.98, base loss: 4167.71
[INFO 2017-07-10 16:47:12,576 demo.py:65] epoch 595, train loss: 107.88, average train loss: 25.87, base loss: 4167.32
[INFO 2017-07-10 16:47:12,817 demo.py:65] epoch 596, train loss: 85.26, average train loss: 26.59, base loss: 4175.27
[INFO 2017-07-10 16:47:13,069 demo.py:65] epoch 597, train loss: 33.41, average train loss: 26.82, base loss: 4175.26
[INFO 2017-07-10 16:47:13,315 demo.py:65] epoch 598, train loss: 36.55, average train loss: 26.95, base loss: 4178.63
[INFO 2017-07-10 16:47:13,557 demo.py:65] epoch 599, train loss: 25.48, average train loss: 27.06, base loss: 4177.80
[INFO 2017-07-10 16:47:13,558 demo.py:67] epoch 599, testing
[INFO 2017-07-10 16:47:14,754 demo.py:97] average test loss: 66.17, base loss: 4233.64
[INFO 2017-07-10 16:47:14,754 demo.py:98] improve_loss: 4167.47, improve_percent: 0.98
[INFO 2017-07-10 16:47:14,755 base_demo.py:91] current best improved percent: 1.00
[INFO 2017-07-10 16:47:15,013 demo.py:65] epoch 600, train loss: 41.12, average train loss: 27.32, base loss: 4181.03
[INFO 2017-07-10 16:47:15,260 demo.py:65] epoch 601, train loss: 70.67, average train loss: 27.81, base loss: 4179.01
[INFO 2017-07-10 16:47:15,516 demo.py:65] epoch 602, train loss: 146.02, average train loss: 29.13, base loss: 4176.50
[INFO 2017-07-10 16:47:15,778 demo.py:65] epoch 603, train loss: 52.04, average train loss: 29.52, base loss: 4182.10
[INFO 2017-07-10 16:47:16,021 demo.py:65] epoch 604, train loss: 20.13, average train loss: 29.62, base loss: 4179.37
[INFO 2017-07-10 16:47:16,265 demo.py:65] epoch 605, train loss: 134.15, average train loss: 30.84, base loss: 4187.84
[INFO 2017-07-10 16:47:16,532 demo.py:65] epoch 606, train loss: 20.46, average train loss: 30.87, base loss: 4188.51
[INFO 2017-07-10 16:47:16,775 demo.py:65] epoch 607, train loss: 27.77, average train loss: 31.03, base loss: 4185.06
[INFO 2017-07-10 16:47:17,040 demo.py:65] epoch 608, train loss: 29.47, average train loss: 31.21, base loss: 4181.99
[INFO 2017-07-10 16:47:17,312 demo.py:65] epoch 609, train loss: 24.07, average train loss: 31.31, base loss: 4176.31
[INFO 2017-07-10 16:47:17,578 demo.py:65] epoch 610, train loss: 16.41, average train loss: 31.25, base loss: 4166.02
[INFO 2017-07-10 16:47:17,829 demo.py:65] epoch 611, train loss: 26.07, average train loss: 31.38, base loss: 4163.25
[INFO 2017-07-10 16:47:18,080 demo.py:65] epoch 612, train loss: 25.98, average train loss: 31.26, base loss: 4155.15
[INFO 2017-07-10 16:47:18,337 demo.py:65] epoch 613, train loss: 32.80, average train loss: 31.47, base loss: 4156.47
[INFO 2017-07-10 16:47:18,579 demo.py:65] epoch 614, train loss: 22.46, average train loss: 31.51, base loss: 4158.20
[INFO 2017-07-10 16:47:18,821 demo.py:65] epoch 615, train loss: 17.54, average train loss: 31.56, base loss: 4159.73
[INFO 2017-07-10 16:47:19,118 demo.py:65] epoch 616, train loss: 27.41, average train loss: 31.65, base loss: 4154.67
[INFO 2017-07-10 16:47:19,362 demo.py:65] epoch 617, train loss: 78.46, average train loss: 32.31, base loss: 4154.07
[INFO 2017-07-10 16:47:19,605 demo.py:65] epoch 618, train loss: 54.42, average train loss: 32.72, base loss: 4148.97
[INFO 2017-07-10 16:47:19,852 demo.py:65] epoch 619, train loss: 21.38, average train loss: 32.72, base loss: 4144.73
[INFO 2017-07-10 16:47:20,125 demo.py:65] epoch 620, train loss: 27.01, average train loss: 32.87, base loss: 4146.52
[INFO 2017-07-10 16:47:20,423 demo.py:65] epoch 621, train loss: 18.93, average train loss: 32.90, base loss: 4147.84
[INFO 2017-07-10 16:47:20,665 demo.py:65] epoch 622, train loss: 19.32, average train loss: 32.87, base loss: 4145.64
[INFO 2017-07-10 16:47:20,922 demo.py:65] epoch 623, train loss: 21.24, average train loss: 32.89, base loss: 4143.94
[INFO 2017-07-10 16:47:21,164 demo.py:65] epoch 624, train loss: 28.92, average train loss: 33.00, base loss: 4151.36
[INFO 2017-07-10 16:47:21,428 demo.py:65] epoch 625, train loss: 34.50, average train loss: 33.14, base loss: 4143.66
[INFO 2017-07-10 16:47:21,697 demo.py:65] epoch 626, train loss: 20.52, average train loss: 33.20, base loss: 4138.60
[INFO 2017-07-10 16:47:21,991 demo.py:65] epoch 627, train loss: 17.17, average train loss: 33.16, base loss: 4138.61
[INFO 2017-07-10 16:47:22,286 demo.py:65] epoch 628, train loss: 16.01, average train loss: 33.17, base loss: 4136.23
[INFO 2017-07-10 16:47:22,539 demo.py:65] epoch 629, train loss: 15.03, average train loss: 33.17, base loss: 4131.13
[INFO 2017-07-10 16:47:22,787 demo.py:65] epoch 630, train loss: 23.19, average train loss: 33.24, base loss: 4117.75
[INFO 2017-07-10 16:47:23,037 demo.py:65] epoch 631, train loss: 13.32, average train loss: 33.21, base loss: 4114.02
[INFO 2017-07-10 16:47:23,281 demo.py:65] epoch 632, train loss: 64.45, average train loss: 33.63, base loss: 4116.59
[INFO 2017-07-10 16:47:23,525 demo.py:65] epoch 633, train loss: 12.39, average train loss: 33.61, base loss: 4114.71
[INFO 2017-07-10 16:47:23,795 demo.py:65] epoch 634, train loss: 21.40, average train loss: 33.71, base loss: 4116.05
[INFO 2017-07-10 16:47:24,069 demo.py:65] epoch 635, train loss: 27.48, average train loss: 33.87, base loss: 4117.19
[INFO 2017-07-10 16:47:24,368 demo.py:65] epoch 636, train loss: 27.44, average train loss: 34.04, base loss: 4119.01
[INFO 2017-07-10 16:47:24,623 demo.py:65] epoch 637, train loss: 28.72, average train loss: 34.11, base loss: 4120.80
[INFO 2017-07-10 16:47:24,905 demo.py:65] epoch 638, train loss: 41.01, average train loss: 34.38, base loss: 4116.20
[INFO 2017-07-10 16:47:25,194 demo.py:65] epoch 639, train loss: 33.92, average train loss: 34.54, base loss: 4113.03
[INFO 2017-07-10 16:47:25,456 demo.py:65] epoch 640, train loss: 13.09, average train loss: 34.49, base loss: 4106.20
[INFO 2017-07-10 16:47:25,710 demo.py:65] epoch 641, train loss: 16.74, average train loss: 34.39, base loss: 4116.15
[INFO 2017-07-10 16:47:25,991 demo.py:65] epoch 642, train loss: 10.95, average train loss: 34.34, base loss: 4118.66
[INFO 2017-07-10 16:47:26,273 demo.py:65] epoch 643, train loss: 28.10, average train loss: 34.33, base loss: 4116.66
[INFO 2017-07-10 16:47:26,542 demo.py:65] epoch 644, train loss: 33.72, average train loss: 34.55, base loss: 4118.76
[INFO 2017-07-10 16:47:26,812 demo.py:65] epoch 645, train loss: 18.44, average train loss: 34.55, base loss: 4122.06
[INFO 2017-07-10 16:47:27,062 demo.py:65] epoch 646, train loss: 24.61, average train loss: 34.60, base loss: 4124.96
[INFO 2017-07-10 16:47:27,347 demo.py:65] epoch 647, train loss: 25.06, average train loss: 34.69, base loss: 4127.21
[INFO 2017-07-10 16:47:27,633 demo.py:65] epoch 648, train loss: 26.75, average train loss: 34.86, base loss: 4131.84
[INFO 2017-07-10 16:47:27,912 demo.py:65] epoch 649, train loss: 19.11, average train loss: 34.92, base loss: 4134.38
[INFO 2017-07-10 16:47:28,195 demo.py:65] epoch 650, train loss: 20.62, average train loss: 34.95, base loss: 4133.58
[INFO 2017-07-10 16:47:28,482 demo.py:65] epoch 651, train loss: 24.86, average train loss: 34.96, base loss: 4126.59
[INFO 2017-07-10 16:47:28,779 demo.py:65] epoch 652, train loss: 14.84, average train loss: 34.45, base loss: 4129.72
[INFO 2017-07-10 16:47:29,032 demo.py:65] epoch 653, train loss: 15.31, average train loss: 34.28, base loss: 4128.09
[INFO 2017-07-10 16:47:29,317 demo.py:65] epoch 654, train loss: 37.13, average train loss: 34.05, base loss: 4120.94
[INFO 2017-07-10 16:47:29,588 demo.py:65] epoch 655, train loss: 26.53, average train loss: 34.19, base loss: 4112.73
[INFO 2017-07-10 16:47:29,861 demo.py:65] epoch 656, train loss: 11.37, average train loss: 34.08, base loss: 4117.87
[INFO 2017-07-10 16:47:30,131 demo.py:65] epoch 657, train loss: 15.63, average train loss: 34.09, base loss: 4114.36
[INFO 2017-07-10 16:47:30,402 demo.py:65] epoch 658, train loss: 17.42, average train loss: 33.83, base loss: 4115.98
[INFO 2017-07-10 16:47:30,705 demo.py:65] epoch 659, train loss: 11.82, average train loss: 33.68, base loss: 4122.52
[INFO 2017-07-10 16:47:31,000 demo.py:65] epoch 660, train loss: 10.51, average train loss: 33.34, base loss: 4118.02
[INFO 2017-07-10 16:47:31,302 demo.py:65] epoch 661, train loss: 14.72, average train loss: 33.31, base loss: 4117.88
[INFO 2017-07-10 16:47:31,567 demo.py:65] epoch 662, train loss: 15.89, average train loss: 32.90, base loss: 4112.12
[INFO 2017-07-10 16:47:31,821 demo.py:65] epoch 663, train loss: 58.39, average train loss: 32.46, base loss: 4113.79
[INFO 2017-07-10 16:47:32,083 demo.py:65] epoch 664, train loss: 23.45, average train loss: 32.55, base loss: 4110.69
[INFO 2017-07-10 16:47:32,360 demo.py:65] epoch 665, train loss: 16.21, average train loss: 32.51, base loss: 4106.45
[INFO 2017-07-10 16:47:32,630 demo.py:65] epoch 666, train loss: 15.80, average train loss: 32.47, base loss: 4104.68
[INFO 2017-07-10 16:47:32,919 demo.py:65] epoch 667, train loss: 19.89, average train loss: 32.45, base loss: 4106.95
[INFO 2017-07-10 16:47:33,174 demo.py:65] epoch 668, train loss: 9.49, average train loss: 32.38, base loss: 4108.27
[INFO 2017-07-10 16:47:33,450 demo.py:65] epoch 669, train loss: 73.78, average train loss: 32.79, base loss: 4105.21
[INFO 2017-07-10 16:47:33,716 demo.py:65] epoch 670, train loss: 24.46, average train loss: 32.80, base loss: 4111.23
[INFO 2017-07-10 16:47:33,970 demo.py:65] epoch 671, train loss: 120.96, average train loss: 33.80, base loss: 4104.70
[INFO 2017-07-10 16:47:34,242 demo.py:65] epoch 672, train loss: 12.65, average train loss: 33.57, base loss: 4101.56
[INFO 2017-07-10 16:47:34,510 demo.py:65] epoch 673, train loss: 17.22, average train loss: 33.09, base loss: 4105.55
[INFO 2017-07-10 16:47:34,787 demo.py:65] epoch 674, train loss: 18.25, average train loss: 33.09, base loss: 4112.78
[INFO 2017-07-10 16:47:35,080 demo.py:65] epoch 675, train loss: 16.54, average train loss: 33.04, base loss: 4106.72
[INFO 2017-07-10 16:47:35,382 demo.py:65] epoch 676, train loss: 10.94, average train loss: 32.97, base loss: 4103.03
[INFO 2017-07-10 16:47:35,684 demo.py:65] epoch 677, train loss: 15.75, average train loss: 32.99, base loss: 4101.68
[INFO 2017-07-10 16:47:35,957 demo.py:65] epoch 678, train loss: 10.29, average train loss: 32.73, base loss: 4103.14
[INFO 2017-07-10 16:47:36,257 demo.py:65] epoch 679, train loss: 18.57, average train loss: 32.76, base loss: 4105.95
[INFO 2017-07-10 16:47:36,546 demo.py:65] epoch 680, train loss: 19.91, average train loss: 31.96, base loss: 4112.41
[INFO 2017-07-10 16:47:36,838 demo.py:65] epoch 681, train loss: 23.67, average train loss: 31.77, base loss: 4110.25
[INFO 2017-07-10 16:47:37,144 demo.py:65] epoch 682, train loss: 8.84, average train loss: 31.59, base loss: 4114.82
[INFO 2017-07-10 16:47:37,442 demo.py:65] epoch 683, train loss: 29.16, average train loss: 31.69, base loss: 4119.63
[INFO 2017-07-10 16:47:37,735 demo.py:65] epoch 684, train loss: 8.46, average train loss: 31.38, base loss: 4118.87
[INFO 2017-07-10 16:47:38,031 demo.py:65] epoch 685, train loss: 13.91, average train loss: 30.73, base loss: 4112.49
[INFO 2017-07-10 16:47:38,283 demo.py:65] epoch 686, train loss: 8.99, average train loss: 30.56, base loss: 4112.68
[INFO 2017-07-10 16:47:38,549 demo.py:65] epoch 687, train loss: 8.05, average train loss: 30.33, base loss: 4115.09
[INFO 2017-07-10 16:47:38,850 demo.py:65] epoch 688, train loss: 11.98, average train loss: 30.07, base loss: 4114.85
[INFO 2017-07-10 16:47:39,153 demo.py:65] epoch 689, train loss: 13.08, average train loss: 29.85, base loss: 4116.17
[INFO 2017-07-10 16:47:39,454 demo.py:65] epoch 690, train loss: 9.49, average train loss: 29.30, base loss: 4114.45
[INFO 2017-07-10 16:47:39,756 demo.py:65] epoch 691, train loss: 9.38, average train loss: 29.04, base loss: 4114.49
[INFO 2017-07-10 16:47:40,025 demo.py:65] epoch 692, train loss: 10.48, average train loss: 28.84, base loss: 4110.11
[INFO 2017-07-10 16:47:40,316 demo.py:65] epoch 693, train loss: 8.48, average train loss: 28.37, base loss: 4104.86
[INFO 2017-07-10 16:47:40,571 demo.py:65] epoch 694, train loss: 8.24, average train loss: 28.17, base loss: 4107.24
[INFO 2017-07-10 16:47:40,856 demo.py:65] epoch 695, train loss: 21.08, average train loss: 27.31, base loss: 4105.68
[INFO 2017-07-10 16:47:41,130 demo.py:65] epoch 696, train loss: 9.27, average train loss: 26.55, base loss: 4099.03
[INFO 2017-07-10 16:47:41,413 demo.py:65] epoch 697, train loss: 10.32, average train loss: 26.31, base loss: 4099.19
[INFO 2017-07-10 16:47:41,710 demo.py:65] epoch 698, train loss: 7.09, average train loss: 26.02, base loss: 4094.29
[INFO 2017-07-10 16:47:42,007 demo.py:65] epoch 699, train loss: 8.06, average train loss: 25.85, base loss: 4100.34
[INFO 2017-07-10 16:47:42,007 demo.py:67] epoch 699, testing
[INFO 2017-07-10 16:47:43,184 demo.py:97] average test loss: 10.76, base loss: 4210.85
[INFO 2017-07-10 16:47:43,185 demo.py:98] improve_loss: 4200.09, improve_percent: 1.00
[INFO 2017-07-10 16:47:43,185 base_demo.py:87] model save to ./model.pth
[INFO 2017-07-10 16:47:43,191 base_demo.py:91] current best improved percent: 1.00
[INFO 2017-07-10 16:47:43,440 demo.py:65] epoch 700, train loss: 11.90, average train loss: 25.55, base loss: 4096.15
[INFO 2017-07-10 16:47:43,700 demo.py:65] epoch 701, train loss: 17.41, average train loss: 25.02, base loss: 4088.56
[INFO 2017-07-10 16:47:43,993 demo.py:65] epoch 702, train loss: 7.90, average train loss: 23.64, base loss: 4088.02
[INFO 2017-07-10 16:47:44,296 demo.py:65] epoch 703, train loss: 15.76, average train loss: 23.28, base loss: 4091.53
[INFO 2017-07-10 16:47:44,599 demo.py:65] epoch 704, train loss: 6.74, average train loss: 23.14, base loss: 4097.47
[INFO 2017-07-10 16:47:44,896 demo.py:65] epoch 705, train loss: 11.64, average train loss: 21.92, base loss: 4086.83
[INFO 2017-07-10 16:47:45,198 demo.py:65] epoch 706, train loss: 7.57, average train loss: 21.79, base loss: 4086.13
[INFO 2017-07-10 16:47:45,493 demo.py:65] epoch 707, train loss: 9.23, average train loss: 21.60, base loss: 4082.65
[INFO 2017-07-10 16:47:45,797 demo.py:65] epoch 708, train loss: 8.53, average train loss: 21.39, base loss: 4080.25
[INFO 2017-07-10 16:47:46,050 demo.py:65] epoch 709, train loss: 9.40, average train loss: 21.25, base loss: 4081.49
[INFO 2017-07-10 16:47:46,310 demo.py:65] epoch 710, train loss: 8.73, average train loss: 21.17, base loss: 4082.59
[INFO 2017-07-10 16:47:46,620 demo.py:65] epoch 711, train loss: 7.85, average train loss: 20.99, base loss: 4077.61
[INFO 2017-07-10 16:47:46,917 demo.py:65] epoch 712, train loss: 7.49, average train loss: 20.80, base loss: 4081.69
