[INFO 2017-07-14 03:52:37,220 demo.py:173] Namespace(batch_size=64, bg_move=True, bg_noise=0.5, bidirection=False, data='mnist', display=False, fg_noise=0.1, image_size=32, init_model_path='', learning_rate=0.001, method='unsupervised', motion_range=2, num_frame=3, num_objects=1, save_dir='./', save_display=False, save_display_dir='./', test=False, test_epoch=10, test_gt=False, test_interval=100, train=True, train_epoch=2000)
[INFO 2017-07-14 03:52:39,736 demo.py:68] epoch 0, train loss: 35690.02, average train loss: 35690.02, base loss: 36707.33
[INFO 2017-07-14 03:52:40,228 demo.py:68] epoch 1, train loss: 34975.80, average train loss: 35332.91, base loss: 38605.28
[INFO 2017-07-14 03:52:40,720 demo.py:68] epoch 2, train loss: 33581.66, average train loss: 34749.16, base loss: 39264.33
[INFO 2017-07-14 03:52:41,216 demo.py:68] epoch 3, train loss: 31810.29, average train loss: 34014.45, base loss: 39057.21
[INFO 2017-07-14 03:52:41,712 demo.py:68] epoch 4, train loss: 31786.59, average train loss: 33568.87, base loss: 38968.15
[INFO 2017-07-14 03:52:42,208 demo.py:68] epoch 5, train loss: 30728.53, average train loss: 33095.48, base loss: 38821.34
[INFO 2017-07-14 03:52:42,705 demo.py:68] epoch 6, train loss: 30029.67, average train loss: 32657.51, base loss: 38644.03
[INFO 2017-07-14 03:52:43,202 demo.py:68] epoch 7, train loss: 29910.94, average train loss: 32314.19, base loss: 38591.66
[INFO 2017-07-14 03:52:43,699 demo.py:68] epoch 8, train loss: 30188.53, average train loss: 32078.01, base loss: 38632.47
[INFO 2017-07-14 03:52:44,197 demo.py:68] epoch 9, train loss: 30056.83, average train loss: 31875.89, base loss: 38787.95
[INFO 2017-07-14 03:52:44,697 demo.py:68] epoch 10, train loss: 28934.08, average train loss: 31608.45, base loss: 38779.67
[INFO 2017-07-14 03:52:45,198 demo.py:68] epoch 11, train loss: 28662.81, average train loss: 31362.98, base loss: 38647.22
[INFO 2017-07-14 03:52:45,697 demo.py:68] epoch 12, train loss: 28373.08, average train loss: 31132.99, base loss: 38685.36
[INFO 2017-07-14 03:52:46,197 demo.py:68] epoch 13, train loss: 28246.53, average train loss: 30926.81, base loss: 38577.65
[INFO 2017-07-14 03:52:46,698 demo.py:68] epoch 14, train loss: 28096.44, average train loss: 30738.12, base loss: 38648.58
[INFO 2017-07-14 03:52:47,200 demo.py:68] epoch 15, train loss: 27626.63, average train loss: 30543.65, base loss: 38648.29
[INFO 2017-07-14 03:52:47,702 demo.py:68] epoch 16, train loss: 27470.42, average train loss: 30362.87, base loss: 38716.51
[INFO 2017-07-14 03:52:48,202 demo.py:68] epoch 17, train loss: 26848.79, average train loss: 30167.65, base loss: 38686.72
[INFO 2017-07-14 03:52:48,702 demo.py:68] epoch 18, train loss: 27259.22, average train loss: 30014.57, base loss: 38713.83
[INFO 2017-07-14 03:52:49,201 demo.py:68] epoch 19, train loss: 26601.96, average train loss: 29843.94, base loss: 38676.30
[INFO 2017-07-14 03:52:49,703 demo.py:68] epoch 20, train loss: 26214.60, average train loss: 29671.12, base loss: 38649.42
[INFO 2017-07-14 03:52:50,206 demo.py:68] epoch 21, train loss: 26585.13, average train loss: 29530.84, base loss: 38701.29
[INFO 2017-07-14 03:52:50,705 demo.py:68] epoch 22, train loss: 26310.67, average train loss: 29390.84, base loss: 38718.58
[INFO 2017-07-14 03:52:51,205 demo.py:68] epoch 23, train loss: 25984.97, average train loss: 29248.93, base loss: 38686.69
[INFO 2017-07-14 03:52:51,704 demo.py:68] epoch 24, train loss: 25709.84, average train loss: 29107.36, base loss: 38692.12
[INFO 2017-07-14 03:52:52,206 demo.py:68] epoch 25, train loss: 25883.28, average train loss: 28983.36, base loss: 38673.83
[INFO 2017-07-14 03:52:52,709 demo.py:68] epoch 26, train loss: 25606.92, average train loss: 28858.31, base loss: 38620.42
[INFO 2017-07-14 03:52:53,211 demo.py:68] epoch 27, train loss: 25268.10, average train loss: 28730.08, base loss: 38625.75
[INFO 2017-07-14 03:52:53,709 demo.py:68] epoch 28, train loss: 25660.97, average train loss: 28624.25, base loss: 38640.85
[INFO 2017-07-14 03:52:54,220 demo.py:68] epoch 29, train loss: 25689.48, average train loss: 28526.43, base loss: 38668.85
[INFO 2017-07-14 03:52:54,764 demo.py:68] epoch 30, train loss: 25124.90, average train loss: 28416.70, base loss: 38690.57
[INFO 2017-07-14 03:52:55,344 demo.py:68] epoch 31, train loss: 25491.49, average train loss: 28325.29, base loss: 38719.75
[INFO 2017-07-14 03:52:55,956 demo.py:68] epoch 32, train loss: 25169.33, average train loss: 28229.65, base loss: 38720.61
[INFO 2017-07-14 03:52:56,565 demo.py:68] epoch 33, train loss: 24976.11, average train loss: 28133.96, base loss: 38758.20
[INFO 2017-07-14 03:52:57,175 demo.py:68] epoch 34, train loss: 25156.07, average train loss: 28048.88, base loss: 38753.28
[INFO 2017-07-14 03:52:57,785 demo.py:68] epoch 35, train loss: 24773.26, average train loss: 27957.89, base loss: 38732.82
[INFO 2017-07-14 03:52:58,393 demo.py:68] epoch 36, train loss: 24691.12, average train loss: 27869.60, base loss: 38747.75
[INFO 2017-07-14 03:52:59,004 demo.py:68] epoch 37, train loss: 24713.66, average train loss: 27786.55, base loss: 38709.15
[INFO 2017-07-14 03:52:59,612 demo.py:68] epoch 38, train loss: 24916.82, average train loss: 27712.96, base loss: 38732.76
[INFO 2017-07-14 03:53:00,219 demo.py:68] epoch 39, train loss: 25212.86, average train loss: 27650.46, base loss: 38765.67
[INFO 2017-07-14 03:53:00,829 demo.py:68] epoch 40, train loss: 24895.57, average train loss: 27583.27, base loss: 38799.80
[INFO 2017-07-14 03:53:01,437 demo.py:68] epoch 41, train loss: 24653.22, average train loss: 27513.51, base loss: 38835.96
[INFO 2017-07-14 03:53:02,044 demo.py:68] epoch 42, train loss: 24669.80, average train loss: 27447.37, base loss: 38837.59
[INFO 2017-07-14 03:53:02,653 demo.py:68] epoch 43, train loss: 24386.42, average train loss: 27377.81, base loss: 38839.56
[INFO 2017-07-14 03:53:03,262 demo.py:68] epoch 44, train loss: 24461.81, average train loss: 27313.01, base loss: 38855.85
[INFO 2017-07-14 03:53:03,870 demo.py:68] epoch 45, train loss: 24491.41, average train loss: 27251.67, base loss: 38878.02
[INFO 2017-07-14 03:53:04,478 demo.py:68] epoch 46, train loss: 24247.59, average train loss: 27187.75, base loss: 38874.96
[INFO 2017-07-14 03:53:05,088 demo.py:68] epoch 47, train loss: 24266.89, average train loss: 27126.90, base loss: 38869.01
[INFO 2017-07-14 03:53:05,698 demo.py:68] epoch 48, train loss: 23921.67, average train loss: 27061.49, base loss: 38868.87
[INFO 2017-07-14 03:53:06,309 demo.py:68] epoch 49, train loss: 24453.44, average train loss: 27009.33, base loss: 38856.90
[INFO 2017-07-14 03:53:06,918 demo.py:68] epoch 50, train loss: 24454.75, average train loss: 26959.24, base loss: 38853.90
[INFO 2017-07-14 03:53:07,529 demo.py:68] epoch 51, train loss: 24069.55, average train loss: 26903.66, base loss: 38865.20
[INFO 2017-07-14 03:53:08,140 demo.py:68] epoch 52, train loss: 24325.70, average train loss: 26855.02, base loss: 38864.42
[INFO 2017-07-14 03:53:08,751 demo.py:68] epoch 53, train loss: 23848.77, average train loss: 26799.35, base loss: 38859.20
[INFO 2017-07-14 03:53:09,362 demo.py:68] epoch 54, train loss: 24421.62, average train loss: 26756.12, base loss: 38857.29
[INFO 2017-07-14 03:53:09,972 demo.py:68] epoch 55, train loss: 24014.20, average train loss: 26707.16, base loss: 38888.41
[INFO 2017-07-14 03:53:10,582 demo.py:68] epoch 56, train loss: 23628.38, average train loss: 26653.14, base loss: 38860.30
[INFO 2017-07-14 03:53:11,194 demo.py:68] epoch 57, train loss: 24061.21, average train loss: 26608.46, base loss: 38877.04
[INFO 2017-07-14 03:53:11,805 demo.py:68] epoch 58, train loss: 23842.34, average train loss: 26561.57, base loss: 38892.41
[INFO 2017-07-14 03:53:12,415 demo.py:68] epoch 59, train loss: 23365.13, average train loss: 26508.30, base loss: 38894.82
[INFO 2017-07-14 03:53:13,026 demo.py:68] epoch 60, train loss: 23619.42, average train loss: 26460.94, base loss: 38874.16
[INFO 2017-07-14 03:53:13,636 demo.py:68] epoch 61, train loss: 23460.96, average train loss: 26412.55, base loss: 38880.21
[INFO 2017-07-14 03:53:14,245 demo.py:68] epoch 62, train loss: 23526.99, average train loss: 26366.75, base loss: 38859.57
[INFO 2017-07-14 03:53:14,853 demo.py:68] epoch 63, train loss: 23031.50, average train loss: 26314.64, base loss: 38843.42
[INFO 2017-07-14 03:53:15,463 demo.py:68] epoch 64, train loss: 23505.09, average train loss: 26271.41, base loss: 38853.11
[INFO 2017-07-14 03:53:16,074 demo.py:68] epoch 65, train loss: 22977.30, average train loss: 26221.50, base loss: 38837.89
[INFO 2017-07-14 03:53:16,684 demo.py:68] epoch 66, train loss: 23509.63, average train loss: 26181.03, base loss: 38847.54
[INFO 2017-07-14 03:53:17,293 demo.py:68] epoch 67, train loss: 23122.93, average train loss: 26136.05, base loss: 38848.70
[INFO 2017-07-14 03:53:17,902 demo.py:68] epoch 68, train loss: 22825.40, average train loss: 26088.07, base loss: 38845.07
[INFO 2017-07-14 03:53:18,511 demo.py:68] epoch 69, train loss: 22781.99, average train loss: 26040.84, base loss: 38856.14
[INFO 2017-07-14 03:53:19,121 demo.py:68] epoch 70, train loss: 23231.89, average train loss: 26001.28, base loss: 38867.98
[INFO 2017-07-14 03:53:19,731 demo.py:68] epoch 71, train loss: 22634.24, average train loss: 25954.52, base loss: 38872.54
[INFO 2017-07-14 03:53:20,341 demo.py:68] epoch 72, train loss: 22606.50, average train loss: 25908.65, base loss: 38890.86
[INFO 2017-07-14 03:53:20,951 demo.py:68] epoch 73, train loss: 22699.94, average train loss: 25865.29, base loss: 38880.79
[INFO 2017-07-14 03:53:21,562 demo.py:68] epoch 74, train loss: 22213.12, average train loss: 25816.60, base loss: 38861.89
[INFO 2017-07-14 03:53:22,169 demo.py:68] epoch 75, train loss: 21503.56, average train loss: 25759.85, base loss: 38870.64
[INFO 2017-07-14 03:53:22,780 demo.py:68] epoch 76, train loss: 21820.47, average train loss: 25708.69, base loss: 38870.15
[INFO 2017-07-14 03:53:23,388 demo.py:68] epoch 77, train loss: 20558.32, average train loss: 25642.66, base loss: 38847.55
[INFO 2017-07-14 03:53:23,997 demo.py:68] epoch 78, train loss: 21960.35, average train loss: 25596.04, base loss: 38865.46
[INFO 2017-07-14 03:53:24,606 demo.py:68] epoch 79, train loss: 22061.68, average train loss: 25551.86, base loss: 38853.79
[INFO 2017-07-14 03:53:25,215 demo.py:68] epoch 80, train loss: 22188.66, average train loss: 25510.34, base loss: 38862.11
[INFO 2017-07-14 03:53:25,826 demo.py:68] epoch 81, train loss: 21996.73, average train loss: 25467.49, base loss: 38871.93
[INFO 2017-07-14 03:53:26,435 demo.py:68] epoch 82, train loss: 21761.93, average train loss: 25422.85, base loss: 38874.22
[INFO 2017-07-14 03:53:27,045 demo.py:68] epoch 83, train loss: 20272.48, average train loss: 25361.54, base loss: 38856.00
[INFO 2017-07-14 03:53:27,655 demo.py:68] epoch 84, train loss: 21104.55, average train loss: 25311.45, base loss: 38857.82
[INFO 2017-07-14 03:53:28,264 demo.py:68] epoch 85, train loss: 20743.55, average train loss: 25258.34, base loss: 38864.65
[INFO 2017-07-14 03:53:28,874 demo.py:68] epoch 86, train loss: 21254.90, average train loss: 25212.32, base loss: 38865.58
[INFO 2017-07-14 03:53:29,484 demo.py:68] epoch 87, train loss: 21015.42, average train loss: 25164.63, base loss: 38875.01
[INFO 2017-07-14 03:53:30,096 demo.py:68] epoch 88, train loss: 21224.39, average train loss: 25120.36, base loss: 38877.80
[INFO 2017-07-14 03:53:30,707 demo.py:68] epoch 89, train loss: 20888.75, average train loss: 25073.34, base loss: 38878.56
[INFO 2017-07-14 03:53:31,318 demo.py:68] epoch 90, train loss: 19937.47, average train loss: 25016.90, base loss: 38876.16
[INFO 2017-07-14 03:53:31,929 demo.py:68] epoch 91, train loss: 19801.41, average train loss: 24960.21, base loss: 38858.90
[INFO 2017-07-14 03:53:32,541 demo.py:68] epoch 92, train loss: 20135.96, average train loss: 24908.34, base loss: 38848.98
[INFO 2017-07-14 03:53:33,151 demo.py:68] epoch 93, train loss: 19858.81, average train loss: 24854.62, base loss: 38845.43
[INFO 2017-07-14 03:53:33,763 demo.py:68] epoch 94, train loss: 20075.94, average train loss: 24804.32, base loss: 38843.62
[INFO 2017-07-14 03:53:34,374 demo.py:68] epoch 95, train loss: 18632.61, average train loss: 24740.03, base loss: 38834.38
[INFO 2017-07-14 03:53:34,986 demo.py:68] epoch 96, train loss: 19663.47, average train loss: 24687.69, base loss: 38833.01
[INFO 2017-07-14 03:53:35,596 demo.py:68] epoch 97, train loss: 18376.46, average train loss: 24623.29, base loss: 38815.92
[INFO 2017-07-14 03:53:36,205 demo.py:68] epoch 98, train loss: 20187.74, average train loss: 24578.49, base loss: 38815.57
[INFO 2017-07-14 03:53:36,815 demo.py:68] epoch 99, train loss: 19236.59, average train loss: 24525.07, base loss: 38815.61
[INFO 2017-07-14 03:53:36,815 demo.py:70] epoch 99, testing
[INFO 2017-07-14 03:53:39,555 demo.py:113] average test loss: 19122.41, base loss: 38678.51
[INFO 2017-07-14 03:53:39,556 demo.py:114] improve_loss: 19556.10, improve_percent: 0.51
[INFO 2017-07-14 03:53:39,556 demo.py:116] average test endpoint error: 1.45
[INFO 2017-07-14 03:53:39,557 base_demo.py:87] model save to ./model.pth
[INFO 2017-07-14 03:53:39,572 base_demo.py:91] current best improved percent: 0.51
[INFO 2017-07-14 03:53:40,208 demo.py:68] epoch 100, train loss: 19750.83, average train loss: 24365.68, base loss: 38830.09
[INFO 2017-07-14 03:53:40,817 demo.py:68] epoch 101, train loss: 18211.14, average train loss: 24198.03, base loss: 38819.58
[INFO 2017-07-14 03:53:41,427 demo.py:68] epoch 102, train loss: 19708.69, average train loss: 24059.30, base loss: 38809.48
[INFO 2017-07-14 03:53:42,038 demo.py:68] epoch 103, train loss: 19457.91, average train loss: 23935.78, base loss: 38814.78
[INFO 2017-07-14 03:53:42,650 demo.py:68] epoch 104, train loss: 17794.02, average train loss: 23795.85, base loss: 38819.43
[INFO 2017-07-14 03:53:43,261 demo.py:68] epoch 105, train loss: 18382.04, average train loss: 23672.39, base loss: 38838.59
[INFO 2017-07-14 03:53:43,871 demo.py:68] epoch 106, train loss: 19422.58, average train loss: 23566.32, base loss: 38840.95
[INFO 2017-07-14 03:53:44,483 demo.py:68] epoch 107, train loss: 18665.14, average train loss: 23453.86, base loss: 38849.01
[INFO 2017-07-14 03:53:45,097 demo.py:68] epoch 108, train loss: 17579.39, average train loss: 23327.77, base loss: 38847.13
[INFO 2017-07-14 03:53:45,712 demo.py:68] epoch 109, train loss: 19489.77, average train loss: 23222.10, base loss: 38844.35
[INFO 2017-07-14 03:53:46,326 demo.py:68] epoch 110, train loss: 17724.15, average train loss: 23110.00, base loss: 38850.55
[INFO 2017-07-14 03:53:46,937 demo.py:68] epoch 111, train loss: 19288.85, average train loss: 23016.26, base loss: 38878.01
[INFO 2017-07-14 03:53:47,549 demo.py:68] epoch 112, train loss: 17176.96, average train loss: 22904.30, base loss: 38860.81
[INFO 2017-07-14 03:53:48,161 demo.py:68] epoch 113, train loss: 18081.36, average train loss: 22802.64, base loss: 38860.45
[INFO 2017-07-14 03:53:48,771 demo.py:68] epoch 114, train loss: 16554.51, average train loss: 22687.23, base loss: 38848.72
[INFO 2017-07-14 03:53:49,382 demo.py:68] epoch 115, train loss: 17082.97, average train loss: 22581.79, base loss: 38845.44
[INFO 2017-07-14 03:53:49,991 demo.py:68] epoch 116, train loss: 16410.17, average train loss: 22471.19, base loss: 38840.83
[INFO 2017-07-14 03:53:50,600 demo.py:68] epoch 117, train loss: 17467.55, average train loss: 22377.37, base loss: 38839.84
[INFO 2017-07-14 03:53:51,208 demo.py:68] epoch 118, train loss: 15968.88, average train loss: 22264.47, base loss: 38829.89
[INFO 2017-07-14 03:53:51,821 demo.py:68] epoch 119, train loss: 17989.53, average train loss: 22178.35, base loss: 38829.59
[INFO 2017-07-14 03:53:52,432 demo.py:68] epoch 120, train loss: 16496.30, average train loss: 22081.16, base loss: 38832.83
[INFO 2017-07-14 03:53:53,074 demo.py:68] epoch 121, train loss: 16122.24, average train loss: 21976.53, base loss: 38834.76
[INFO 2017-07-14 03:53:53,721 demo.py:68] epoch 122, train loss: 16685.30, average train loss: 21880.28, base loss: 38836.50
[INFO 2017-07-14 03:53:54,379 demo.py:68] epoch 123, train loss: 16477.23, average train loss: 21785.20, base loss: 38855.32
[INFO 2017-07-14 03:53:55,028 demo.py:68] epoch 124, train loss: 16537.23, average train loss: 21693.48, base loss: 38864.86
[INFO 2017-07-14 03:53:55,661 demo.py:68] epoch 125, train loss: 16424.20, average train loss: 21598.89, base loss: 38875.68
[INFO 2017-07-14 03:53:56,320 demo.py:68] epoch 126, train loss: 16733.79, average train loss: 21510.16, base loss: 38896.93
[INFO 2017-07-14 03:53:57,005 demo.py:68] epoch 127, train loss: 16495.95, average train loss: 21422.43, base loss: 38905.56
[INFO 2017-07-14 03:53:57,653 demo.py:68] epoch 128, train loss: 14722.27, average train loss: 21313.05, base loss: 38899.45
[INFO 2017-07-14 03:53:58,285 demo.py:68] epoch 129, train loss: 15251.39, average train loss: 21208.67, base loss: 38880.41
[INFO 2017-07-14 03:53:58,896 demo.py:68] epoch 130, train loss: 15512.91, average train loss: 21112.55, base loss: 38866.53
[INFO 2017-07-14 03:53:59,504 demo.py:68] epoch 131, train loss: 15197.52, average train loss: 21009.61, base loss: 38859.19
[INFO 2017-07-14 03:54:00,112 demo.py:68] epoch 132, train loss: 14888.09, average train loss: 20906.79, base loss: 38862.86
[INFO 2017-07-14 03:54:00,720 demo.py:68] epoch 133, train loss: 16041.24, average train loss: 20817.44, base loss: 38851.54
[INFO 2017-07-14 03:54:01,330 demo.py:68] epoch 134, train loss: 15006.11, average train loss: 20715.95, base loss: 38853.18
[INFO 2017-07-14 03:54:01,939 demo.py:68] epoch 135, train loss: 15993.04, average train loss: 20628.14, base loss: 38862.76
[INFO 2017-07-14 03:54:02,550 demo.py:68] epoch 136, train loss: 14791.28, average train loss: 20529.14, base loss: 38843.63
[INFO 2017-07-14 03:54:03,161 demo.py:68] epoch 137, train loss: 15273.27, average train loss: 20434.74, base loss: 38863.22
[INFO 2017-07-14 03:54:03,771 demo.py:68] epoch 138, train loss: 14435.20, average train loss: 20329.92, base loss: 38861.19
[INFO 2017-07-14 03:54:04,379 demo.py:68] epoch 139, train loss: 13880.01, average train loss: 20216.60, base loss: 38846.02
[INFO 2017-07-14 03:54:04,987 demo.py:68] epoch 140, train loss: 14827.44, average train loss: 20115.91, base loss: 38829.65
[INFO 2017-07-14 03:54:05,596 demo.py:68] epoch 141, train loss: 16616.82, average train loss: 20035.55, base loss: 38825.91
[INFO 2017-07-14 03:54:06,205 demo.py:68] epoch 142, train loss: 13841.58, average train loss: 19927.27, base loss: 38806.10
[INFO 2017-07-14 03:54:06,814 demo.py:68] epoch 143, train loss: 14664.45, average train loss: 19830.05, base loss: 38817.63
[INFO 2017-07-14 03:54:07,424 demo.py:68] epoch 144, train loss: 12952.79, average train loss: 19714.96, base loss: 38811.08
[INFO 2017-07-14 03:54:08,035 demo.py:68] epoch 145, train loss: 13086.36, average train loss: 19600.91, base loss: 38806.26
[INFO 2017-07-14 03:54:08,645 demo.py:68] epoch 146, train loss: 14666.62, average train loss: 19505.10, base loss: 38817.04
[INFO 2017-07-14 03:54:09,256 demo.py:68] epoch 147, train loss: 13508.12, average train loss: 19397.51, base loss: 38819.08
[INFO 2017-07-14 03:54:09,866 demo.py:68] epoch 148, train loss: 13587.04, average train loss: 19294.16, base loss: 38817.85
[INFO 2017-07-14 03:54:10,475 demo.py:68] epoch 149, train loss: 13631.85, average train loss: 19185.95, base loss: 38831.83
[INFO 2017-07-14 03:54:11,086 demo.py:68] epoch 150, train loss: 13721.66, average train loss: 19078.62, base loss: 38824.64
[INFO 2017-07-14 03:54:11,697 demo.py:68] epoch 151, train loss: 13903.00, average train loss: 18976.95, base loss: 38824.28
[INFO 2017-07-14 03:54:12,306 demo.py:68] epoch 152, train loss: 13966.50, average train loss: 18873.36, base loss: 38826.13
[INFO 2017-07-14 03:54:12,917 demo.py:68] epoch 153, train loss: 11772.01, average train loss: 18752.59, base loss: 38822.31
[INFO 2017-07-14 03:54:13,526 demo.py:68] epoch 154, train loss: 11482.01, average train loss: 18623.20, base loss: 38830.54
[INFO 2017-07-14 03:54:14,136 demo.py:68] epoch 155, train loss: 12048.70, average train loss: 18503.54, base loss: 38813.16
[INFO 2017-07-14 03:54:14,745 demo.py:68] epoch 156, train loss: 11721.15, average train loss: 18384.47, base loss: 38835.01
[INFO 2017-07-14 03:54:15,355 demo.py:68] epoch 157, train loss: 12019.54, average train loss: 18264.05, base loss: 38835.22
[INFO 2017-07-14 03:54:15,966 demo.py:68] epoch 158, train loss: 12055.98, average train loss: 18146.19, base loss: 38821.09
[INFO 2017-07-14 03:54:16,575 demo.py:68] epoch 159, train loss: 10643.32, average train loss: 18018.97, base loss: 38807.55
[INFO 2017-07-14 03:54:17,183 demo.py:68] epoch 160, train loss: 11600.99, average train loss: 17898.79, base loss: 38825.78
[INFO 2017-07-14 03:54:17,794 demo.py:68] epoch 161, train loss: 10765.89, average train loss: 17771.84, base loss: 38832.08
[INFO 2017-07-14 03:54:18,403 demo.py:68] epoch 162, train loss: 10218.37, average train loss: 17638.75, base loss: 38844.31
[INFO 2017-07-14 03:54:19,016 demo.py:68] epoch 163, train loss: 12525.02, average train loss: 17533.68, base loss: 38853.44
[INFO 2017-07-14 03:54:19,626 demo.py:68] epoch 164, train loss: 9884.36, average train loss: 17397.48, base loss: 38848.28
[INFO 2017-07-14 03:54:20,238 demo.py:68] epoch 165, train loss: 10800.34, average train loss: 17275.71, base loss: 38867.42
[INFO 2017-07-14 03:54:20,850 demo.py:68] epoch 166, train loss: 11385.69, average train loss: 17154.47, base loss: 38865.93
[INFO 2017-07-14 03:54:21,462 demo.py:68] epoch 167, train loss: 10158.72, average train loss: 17024.83, base loss: 38872.11
[INFO 2017-07-14 03:54:22,073 demo.py:68] epoch 168, train loss: 10380.11, average train loss: 16900.37, base loss: 38889.15
[INFO 2017-07-14 03:54:22,683 demo.py:68] epoch 169, train loss: 10016.47, average train loss: 16772.72, base loss: 38868.61
[INFO 2017-07-14 03:54:23,292 demo.py:68] epoch 170, train loss: 9600.51, average train loss: 16636.40, base loss: 38846.00
[INFO 2017-07-14 03:54:23,902 demo.py:68] epoch 171, train loss: 10249.55, average train loss: 16512.56, base loss: 38836.74
[INFO 2017-07-14 03:54:24,512 demo.py:68] epoch 172, train loss: 9360.71, average train loss: 16380.10, base loss: 38835.61
[INFO 2017-07-14 03:54:25,125 demo.py:68] epoch 173, train loss: 10534.66, average train loss: 16258.45, base loss: 38851.37
[INFO 2017-07-14 03:54:25,736 demo.py:68] epoch 174, train loss: 10394.40, average train loss: 16140.26, base loss: 38872.75
[INFO 2017-07-14 03:54:26,346 demo.py:68] epoch 175, train loss: 10473.56, average train loss: 16029.96, base loss: 38872.69
[INFO 2017-07-14 03:54:26,956 demo.py:68] epoch 176, train loss: 9547.06, average train loss: 15907.23, base loss: 38884.58
[INFO 2017-07-14 03:54:27,566 demo.py:68] epoch 177, train loss: 9909.89, average train loss: 15800.74, base loss: 38896.95
[INFO 2017-07-14 03:54:28,178 demo.py:68] epoch 178, train loss: 9906.21, average train loss: 15680.20, base loss: 38869.79
[INFO 2017-07-14 03:54:28,789 demo.py:68] epoch 179, train loss: 9152.69, average train loss: 15551.11, base loss: 38878.62
[INFO 2017-07-14 03:54:29,399 demo.py:68] epoch 180, train loss: 8184.84, average train loss: 15411.07, base loss: 38878.19
[INFO 2017-07-14 03:54:30,010 demo.py:68] epoch 181, train loss: 8970.65, average train loss: 15280.81, base loss: 38869.65
[INFO 2017-07-14 03:54:30,622 demo.py:68] epoch 182, train loss: 10289.32, average train loss: 15166.08, base loss: 38869.98
[INFO 2017-07-14 03:54:31,233 demo.py:68] epoch 183, train loss: 8784.90, average train loss: 15051.21, base loss: 38879.06
[INFO 2017-07-14 03:54:31,845 demo.py:68] epoch 184, train loss: 9816.28, average train loss: 14938.33, base loss: 38880.02
[INFO 2017-07-14 03:54:32,456 demo.py:68] epoch 185, train loss: 9060.89, average train loss: 14821.50, base loss: 38879.88
[INFO 2017-07-14 03:54:33,068 demo.py:68] epoch 186, train loss: 8762.38, average train loss: 14696.57, base loss: 38881.01
[INFO 2017-07-14 03:54:33,680 demo.py:68] epoch 187, train loss: 8237.86, average train loss: 14568.80, base loss: 38872.06
[INFO 2017-07-14 03:54:34,290 demo.py:68] epoch 188, train loss: 8327.56, average train loss: 14439.83, base loss: 38873.61
[INFO 2017-07-14 03:54:34,902 demo.py:68] epoch 189, train loss: 8167.64, average train loss: 14312.62, base loss: 38873.53
[INFO 2017-07-14 03:54:35,513 demo.py:68] epoch 190, train loss: 7593.13, average train loss: 14189.18, base loss: 38881.42
[INFO 2017-07-14 03:54:36,124 demo.py:68] epoch 191, train loss: 7914.81, average train loss: 14070.31, base loss: 38883.61
[INFO 2017-07-14 03:54:36,736 demo.py:68] epoch 192, train loss: 8021.63, average train loss: 13949.17, base loss: 38905.66
[INFO 2017-07-14 03:54:37,348 demo.py:68] epoch 193, train loss: 8435.26, average train loss: 13834.93, base loss: 38908.91
[INFO 2017-07-14 03:54:37,958 demo.py:68] epoch 194, train loss: 8062.26, average train loss: 13714.79, base loss: 38922.24
[INFO 2017-07-14 03:54:38,568 demo.py:68] epoch 195, train loss: 7397.08, average train loss: 13602.44, base loss: 38930.61
[INFO 2017-07-14 03:54:39,177 demo.py:68] epoch 196, train loss: 7770.37, average train loss: 13483.51, base loss: 38928.83
[INFO 2017-07-14 03:54:39,787 demo.py:68] epoch 197, train loss: 7705.89, average train loss: 13376.80, base loss: 38953.03
[INFO 2017-07-14 03:54:40,398 demo.py:68] epoch 198, train loss: 7305.52, average train loss: 13247.98, base loss: 38957.50
[INFO 2017-07-14 03:54:41,010 demo.py:68] epoch 199, train loss: 8230.58, average train loss: 13137.92, base loss: 38959.85
[INFO 2017-07-14 03:54:41,010 demo.py:70] epoch 199, testing
[INFO 2017-07-14 03:54:43,739 demo.py:113] average test loss: 7575.57, base loss: 38786.70
[INFO 2017-07-14 03:54:43,739 demo.py:114] improve_loss: 31211.13, improve_percent: 0.80
[INFO 2017-07-14 03:54:43,739 demo.py:116] average test endpoint error: 0.34
[INFO 2017-07-14 03:54:43,740 base_demo.py:87] model save to ./model.pth
[INFO 2017-07-14 03:54:43,757 base_demo.py:91] current best improved percent: 0.80
[INFO 2017-07-14 03:54:44,390 demo.py:68] epoch 200, train loss: 7132.93, average train loss: 13011.74, base loss: 38965.63
[INFO 2017-07-14 03:54:44,999 demo.py:68] epoch 201, train loss: 7385.26, average train loss: 12903.48, base loss: 38952.03
[INFO 2017-07-14 03:54:45,612 demo.py:68] epoch 202, train loss: 8085.70, average train loss: 12787.25, base loss: 38940.45
[INFO 2017-07-14 03:54:46,268 demo.py:68] epoch 203, train loss: 7664.26, average train loss: 12669.32, base loss: 38950.08
[INFO 2017-07-14 03:54:46,913 demo.py:68] epoch 204, train loss: 7473.97, average train loss: 12566.12, base loss: 38945.54
[INFO 2017-07-14 03:54:47,559 demo.py:68] epoch 205, train loss: 8546.79, average train loss: 12467.76, base loss: 38941.92
[INFO 2017-07-14 03:54:48,203 demo.py:68] epoch 206, train loss: 7418.92, average train loss: 12347.73, base loss: 38948.09
[INFO 2017-07-14 03:54:48,853 demo.py:68] epoch 207, train loss: 7180.36, average train loss: 12232.88, base loss: 38939.45
[INFO 2017-07-14 03:54:49,495 demo.py:68] epoch 208, train loss: 6829.46, average train loss: 12125.38, base loss: 38930.07
[INFO 2017-07-14 03:54:50,158 demo.py:68] epoch 209, train loss: 6984.94, average train loss: 12000.33, base loss: 38920.47
[INFO 2017-07-14 03:54:50,810 demo.py:68] epoch 210, train loss: 7051.43, average train loss: 11893.60, base loss: 38918.19
[INFO 2017-07-14 03:54:51,419 demo.py:68] epoch 211, train loss: 7193.93, average train loss: 11772.65, base loss: 38907.30
[INFO 2017-07-14 03:54:52,026 demo.py:68] epoch 212, train loss: 7397.00, average train loss: 11674.85, base loss: 38910.48
[INFO 2017-07-14 03:54:52,637 demo.py:68] epoch 213, train loss: 7238.58, average train loss: 11566.43, base loss: 38923.44
[INFO 2017-07-14 03:54:53,245 demo.py:68] epoch 214, train loss: 6905.81, average train loss: 11469.94, base loss: 38930.32
[INFO 2017-07-14 03:54:53,852 demo.py:68] epoch 215, train loss: 6854.76, average train loss: 11367.66, base loss: 38935.22
[INFO 2017-07-14 03:54:54,460 demo.py:68] epoch 216, train loss: 7159.33, average train loss: 11275.15, base loss: 38921.47
[INFO 2017-07-14 03:54:55,067 demo.py:68] epoch 217, train loss: 6827.06, average train loss: 11168.74, base loss: 38934.92
[INFO 2017-07-14 03:54:55,674 demo.py:68] epoch 218, train loss: 6878.80, average train loss: 11077.84, base loss: 38940.91
[INFO 2017-07-14 03:54:56,280 demo.py:68] epoch 219, train loss: 6475.75, average train loss: 10962.71, base loss: 38949.21
[INFO 2017-07-14 03:54:56,888 demo.py:68] epoch 220, train loss: 6693.32, average train loss: 10864.68, base loss: 38946.26
[INFO 2017-07-14 03:54:57,497 demo.py:68] epoch 221, train loss: 6685.77, average train loss: 10770.31, base loss: 38924.51
[INFO 2017-07-14 03:54:58,104 demo.py:68] epoch 222, train loss: 6442.64, average train loss: 10667.88, base loss: 38917.53
[INFO 2017-07-14 03:54:58,714 demo.py:68] epoch 223, train loss: 6728.72, average train loss: 10570.40, base loss: 38910.87
[INFO 2017-07-14 03:54:59,323 demo.py:68] epoch 224, train loss: 6154.68, average train loss: 10466.57, base loss: 38899.54
[INFO 2017-07-14 03:54:59,932 demo.py:68] epoch 225, train loss: 6563.27, average train loss: 10367.96, base loss: 38897.74
[INFO 2017-07-14 03:55:00,541 demo.py:68] epoch 226, train loss: 6873.25, average train loss: 10269.36, base loss: 38881.93
[INFO 2017-07-14 03:55:01,150 demo.py:68] epoch 227, train loss: 7133.66, average train loss: 10175.74, base loss: 38884.76
[INFO 2017-07-14 03:55:01,757 demo.py:68] epoch 228, train loss: 6527.02, average train loss: 10093.78, base loss: 38890.22
[INFO 2017-07-14 03:55:02,367 demo.py:68] epoch 229, train loss: 5985.50, average train loss: 10001.13, base loss: 38912.10
[INFO 2017-07-14 03:55:02,973 demo.py:68] epoch 230, train loss: 6085.17, average train loss: 9906.85, base loss: 38920.97
[INFO 2017-07-14 03:55:03,583 demo.py:68] epoch 231, train loss: 6579.23, average train loss: 9820.66, base loss: 38920.53
[INFO 2017-07-14 03:55:04,193 demo.py:68] epoch 232, train loss: 6746.18, average train loss: 9739.25, base loss: 38917.30
[INFO 2017-07-14 03:55:04,800 demo.py:68] epoch 233, train loss: 6718.30, average train loss: 9646.02, base loss: 38917.48
[INFO 2017-07-14 03:55:05,408 demo.py:68] epoch 234, train loss: 7413.56, average train loss: 9570.09, base loss: 38933.66
[INFO 2017-07-14 03:55:06,017 demo.py:68] epoch 235, train loss: 6268.68, average train loss: 9472.85, base loss: 38932.53
[INFO 2017-07-14 03:55:06,624 demo.py:68] epoch 236, train loss: 6505.48, average train loss: 9389.99, base loss: 38959.55
[INFO 2017-07-14 03:55:07,231 demo.py:68] epoch 237, train loss: 5854.20, average train loss: 9295.80, base loss: 38952.73
[INFO 2017-07-14 03:55:07,838 demo.py:68] epoch 238, train loss: 6283.50, average train loss: 9214.28, base loss: 38946.45
[INFO 2017-07-14 03:55:08,446 demo.py:68] epoch 239, train loss: 5894.48, average train loss: 9134.43, base loss: 38963.49
[INFO 2017-07-14 03:55:09,053 demo.py:68] epoch 240, train loss: 5959.35, average train loss: 9045.75, base loss: 38964.05
[INFO 2017-07-14 03:55:09,663 demo.py:68] epoch 241, train loss: 6528.16, average train loss: 8944.86, base loss: 38956.21
[INFO 2017-07-14 03:55:10,270 demo.py:68] epoch 242, train loss: 5809.35, average train loss: 8864.54, base loss: 38968.11
[INFO 2017-07-14 03:55:10,879 demo.py:68] epoch 243, train loss: 6182.65, average train loss: 8779.72, base loss: 38954.36
[INFO 2017-07-14 03:55:11,487 demo.py:68] epoch 244, train loss: 6034.50, average train loss: 8710.54, base loss: 38963.82
[INFO 2017-07-14 03:55:12,095 demo.py:68] epoch 245, train loss: 6546.73, average train loss: 8645.14, base loss: 38951.35
[INFO 2017-07-14 03:55:12,702 demo.py:68] epoch 246, train loss: 6032.02, average train loss: 8558.79, base loss: 38939.92
[INFO 2017-07-14 03:55:13,310 demo.py:68] epoch 247, train loss: 5546.85, average train loss: 8479.18, base loss: 38945.65
[INFO 2017-07-14 03:55:13,917 demo.py:68] epoch 248, train loss: 6056.19, average train loss: 8403.87, base loss: 38944.67
[INFO 2017-07-14 03:55:14,526 demo.py:68] epoch 249, train loss: 6027.99, average train loss: 8327.83, base loss: 38941.43
[INFO 2017-07-14 03:55:15,133 demo.py:68] epoch 250, train loss: 5872.36, average train loss: 8249.34, base loss: 38953.82
[INFO 2017-07-14 03:55:15,741 demo.py:68] epoch 251, train loss: 6049.96, average train loss: 8170.81, base loss: 38962.47
[INFO 2017-07-14 03:55:16,349 demo.py:68] epoch 252, train loss: 5887.78, average train loss: 8090.02, base loss: 38947.39
[INFO 2017-07-14 03:55:16,958 demo.py:68] epoch 253, train loss: 6078.39, average train loss: 8033.09, base loss: 38960.56
[INFO 2017-07-14 03:55:17,566 demo.py:68] epoch 254, train loss: 6274.95, average train loss: 7981.02, base loss: 38953.96
[INFO 2017-07-14 03:55:18,175 demo.py:68] epoch 255, train loss: 5722.48, average train loss: 7917.75, base loss: 38937.97
[INFO 2017-07-14 03:55:18,783 demo.py:68] epoch 256, train loss: 5606.21, average train loss: 7856.60, base loss: 38931.96
[INFO 2017-07-14 03:55:19,391 demo.py:68] epoch 257, train loss: 5448.36, average train loss: 7790.89, base loss: 38917.77
[INFO 2017-07-14 03:55:19,998 demo.py:68] epoch 258, train loss: 5259.67, average train loss: 7722.93, base loss: 38913.97
[INFO 2017-07-14 03:55:20,606 demo.py:68] epoch 259, train loss: 5277.22, average train loss: 7669.27, base loss: 38925.83
[INFO 2017-07-14 03:55:21,213 demo.py:68] epoch 260, train loss: 6088.48, average train loss: 7614.14, base loss: 38928.29
[INFO 2017-07-14 03:55:21,822 demo.py:68] epoch 261, train loss: 5915.25, average train loss: 7565.64, base loss: 38915.34
[INFO 2017-07-14 03:55:22,429 demo.py:68] epoch 262, train loss: 5538.91, average train loss: 7518.84, base loss: 38915.98
[INFO 2017-07-14 03:55:23,038 demo.py:68] epoch 263, train loss: 6033.13, average train loss: 7453.92, base loss: 38930.19
[INFO 2017-07-14 03:55:23,646 demo.py:68] epoch 264, train loss: 5106.73, average train loss: 7406.15, base loss: 38938.45
[INFO 2017-07-14 03:55:24,254 demo.py:68] epoch 265, train loss: 5574.46, average train loss: 7353.89, base loss: 38931.14
[INFO 2017-07-14 03:55:24,861 demo.py:68] epoch 266, train loss: 5549.16, average train loss: 7295.52, base loss: 38927.18
[INFO 2017-07-14 03:55:25,469 demo.py:68] epoch 267, train loss: 5805.86, average train loss: 7251.99, base loss: 38924.60
[INFO 2017-07-14 03:55:26,076 demo.py:68] epoch 268, train loss: 5343.16, average train loss: 7201.63, base loss: 38922.27
[INFO 2017-07-14 03:55:26,685 demo.py:68] epoch 269, train loss: 6062.00, average train loss: 7162.08, base loss: 38944.50
[INFO 2017-07-14 03:55:27,292 demo.py:68] epoch 270, train loss: 5103.65, average train loss: 7117.11, base loss: 38964.07
[INFO 2017-07-14 03:55:27,901 demo.py:68] epoch 271, train loss: 5443.79, average train loss: 7069.05, base loss: 38969.35
[INFO 2017-07-14 03:55:28,509 demo.py:68] epoch 272, train loss: 4916.56, average train loss: 7024.61, base loss: 38956.82
[INFO 2017-07-14 03:55:29,117 demo.py:68] epoch 273, train loss: 7131.69, average train loss: 6990.58, base loss: 38936.56
[INFO 2017-07-14 03:55:29,725 demo.py:68] epoch 274, train loss: 5185.62, average train loss: 6938.50, base loss: 38921.16
[INFO 2017-07-14 03:55:30,335 demo.py:68] epoch 275, train loss: 5595.15, average train loss: 6889.71, base loss: 38911.50
[INFO 2017-07-14 03:55:30,942 demo.py:68] epoch 276, train loss: 5477.07, average train loss: 6849.01, base loss: 38900.89
[INFO 2017-07-14 03:55:31,549 demo.py:68] epoch 277, train loss: 5890.06, average train loss: 6808.81, base loss: 38906.69
[INFO 2017-07-14 03:55:32,156 demo.py:68] epoch 278, train loss: 5261.82, average train loss: 6762.37, base loss: 38902.46
[INFO 2017-07-14 03:55:32,765 demo.py:68] epoch 279, train loss: 5709.85, average train loss: 6727.94, base loss: 38885.07
[INFO 2017-07-14 03:55:33,371 demo.py:68] epoch 280, train loss: 6115.39, average train loss: 6707.25, base loss: 38884.45
[INFO 2017-07-14 03:55:33,980 demo.py:68] epoch 281, train loss: 6138.51, average train loss: 6678.92, base loss: 38895.68
[INFO 2017-07-14 03:55:34,586 demo.py:68] epoch 282, train loss: 5246.32, average train loss: 6628.49, base loss: 38888.87
[INFO 2017-07-14 03:55:35,194 demo.py:68] epoch 283, train loss: 5893.28, average train loss: 6599.58, base loss: 38910.77
[INFO 2017-07-14 03:55:35,802 demo.py:68] epoch 284, train loss: 5791.95, average train loss: 6559.34, base loss: 38891.19
[INFO 2017-07-14 03:55:36,410 demo.py:68] epoch 285, train loss: 4737.11, average train loss: 6516.10, base loss: 38872.32
[INFO 2017-07-14 03:55:37,017 demo.py:68] epoch 286, train loss: 6083.53, average train loss: 6489.31, base loss: 38881.04
[INFO 2017-07-14 03:55:37,625 demo.py:68] epoch 287, train loss: 5486.41, average train loss: 6461.79, base loss: 38880.33
[INFO 2017-07-14 03:55:38,232 demo.py:68] epoch 288, train loss: 5084.36, average train loss: 6429.36, base loss: 38879.71
[INFO 2017-07-14 03:55:38,839 demo.py:68] epoch 289, train loss: 5455.17, average train loss: 6402.24, base loss: 38872.28
[INFO 2017-07-14 03:55:39,446 demo.py:68] epoch 290, train loss: 5482.30, average train loss: 6381.13, base loss: 38858.67
[INFO 2017-07-14 03:55:40,054 demo.py:68] epoch 291, train loss: 5820.58, average train loss: 6360.19, base loss: 38859.14
[INFO 2017-07-14 03:55:40,661 demo.py:68] epoch 292, train loss: 5554.68, average train loss: 6335.52, base loss: 38841.00
[INFO 2017-07-14 03:55:41,269 demo.py:68] epoch 293, train loss: 5604.58, average train loss: 6307.21, base loss: 38839.13
[INFO 2017-07-14 03:55:41,876 demo.py:68] epoch 294, train loss: 5362.07, average train loss: 6280.21, base loss: 38833.14
[INFO 2017-07-14 03:55:42,485 demo.py:68] epoch 295, train loss: 5594.12, average train loss: 6262.18, base loss: 38827.67
[INFO 2017-07-14 03:55:43,092 demo.py:68] epoch 296, train loss: 5410.76, average train loss: 6238.58, base loss: 38817.16
[INFO 2017-07-14 03:55:43,701 demo.py:68] epoch 297, train loss: 5412.07, average train loss: 6215.64, base loss: 38819.09
[INFO 2017-07-14 03:55:44,308 demo.py:68] epoch 298, train loss: 4971.23, average train loss: 6192.30, base loss: 38808.25
[INFO 2017-07-14 03:55:44,916 demo.py:68] epoch 299, train loss: 5426.60, average train loss: 6164.26, base loss: 38806.30
[INFO 2017-07-14 03:55:44,917 demo.py:70] epoch 299, testing
[INFO 2017-07-14 03:55:47,662 demo.py:113] average test loss: 5207.84, base loss: 38298.43
[INFO 2017-07-14 03:55:47,662 demo.py:114] improve_loss: 33090.59, improve_percent: 0.86
[INFO 2017-07-14 03:55:47,662 demo.py:116] average test endpoint error: 0.22
[INFO 2017-07-14 03:55:47,663 base_demo.py:87] model save to ./model.pth
[INFO 2017-07-14 03:55:47,679 base_demo.py:91] current best improved percent: 0.86
[INFO 2017-07-14 03:55:48,315 demo.py:68] epoch 300, train loss: 4725.85, average train loss: 6140.19, base loss: 38802.36
[INFO 2017-07-14 03:55:48,926 demo.py:68] epoch 301, train loss: 4914.83, average train loss: 6115.49, base loss: 38799.81
[INFO 2017-07-14 03:55:49,535 demo.py:68] epoch 302, train loss: 5843.23, average train loss: 6093.06, base loss: 38800.44
[INFO 2017-07-14 03:55:50,143 demo.py:68] epoch 303, train loss: 5148.41, average train loss: 6067.90, base loss: 38800.16
[INFO 2017-07-14 03:55:50,757 demo.py:68] epoch 304, train loss: 5248.48, average train loss: 6045.65, base loss: 38810.40
[INFO 2017-07-14 03:55:51,407 demo.py:68] epoch 305, train loss: 4839.16, average train loss: 6008.57, base loss: 38780.68
[INFO 2017-07-14 03:55:52,053 demo.py:68] epoch 306, train loss: 5278.53, average train loss: 5987.17, base loss: 38782.35
[INFO 2017-07-14 03:55:52,701 demo.py:68] epoch 307, train loss: 4944.15, average train loss: 5964.81, base loss: 38796.64
[INFO 2017-07-14 03:55:53,349 demo.py:68] epoch 308, train loss: 5278.72, average train loss: 5949.30, base loss: 38805.47
[INFO 2017-07-14 03:55:53,988 demo.py:68] epoch 309, train loss: 5139.21, average train loss: 5930.84, base loss: 38809.44
[INFO 2017-07-14 03:55:54,616 demo.py:68] epoch 310, train loss: 5069.52, average train loss: 5911.02, base loss: 38800.86
[INFO 2017-07-14 03:55:55,285 demo.py:68] epoch 311, train loss: 5009.69, average train loss: 5889.18, base loss: 38804.00
[INFO 2017-07-14 03:55:55,935 demo.py:68] epoch 312, train loss: 5527.10, average train loss: 5870.48, base loss: 38822.64
[INFO 2017-07-14 03:55:56,544 demo.py:68] epoch 313, train loss: 4941.95, average train loss: 5847.52, base loss: 38824.82
[INFO 2017-07-14 03:55:57,155 demo.py:68] epoch 314, train loss: 5086.48, average train loss: 5829.32, base loss: 38835.98
[INFO 2017-07-14 03:55:57,763 demo.py:68] epoch 315, train loss: 5670.25, average train loss: 5817.48, base loss: 38843.84
[INFO 2017-07-14 03:55:58,371 demo.py:68] epoch 316, train loss: 4836.07, average train loss: 5794.24, base loss: 38853.01
[INFO 2017-07-14 03:55:58,982 demo.py:68] epoch 317, train loss: 4627.85, average train loss: 5772.25, base loss: 38863.49
[INFO 2017-07-14 03:55:59,592 demo.py:68] epoch 318, train loss: 5015.77, average train loss: 5753.62, base loss: 38885.19
[INFO 2017-07-14 03:56:00,206 demo.py:68] epoch 319, train loss: 4411.90, average train loss: 5732.98, base loss: 38885.91
[INFO 2017-07-14 03:56:00,816 demo.py:68] epoch 320, train loss: 4504.70, average train loss: 5711.10, base loss: 38903.72
[INFO 2017-07-14 03:56:01,426 demo.py:68] epoch 321, train loss: 5009.56, average train loss: 5694.33, base loss: 38919.66
[INFO 2017-07-14 03:56:02,036 demo.py:68] epoch 322, train loss: 4644.98, average train loss: 5676.36, base loss: 38935.02
[INFO 2017-07-14 03:56:02,648 demo.py:68] epoch 323, train loss: 4720.15, average train loss: 5656.27, base loss: 38920.82
[INFO 2017-07-14 03:56:03,258 demo.py:68] epoch 324, train loss: 4674.50, average train loss: 5641.47, base loss: 38907.00
[INFO 2017-07-14 03:56:03,867 demo.py:68] epoch 325, train loss: 4423.61, average train loss: 5620.07, base loss: 38907.26
[INFO 2017-07-14 03:56:04,478 demo.py:68] epoch 326, train loss: 5021.88, average train loss: 5601.56, base loss: 38927.53
[INFO 2017-07-14 03:56:05,087 demo.py:68] epoch 327, train loss: 4603.91, average train loss: 5576.26, base loss: 38919.53
[INFO 2017-07-14 03:56:05,698 demo.py:68] epoch 328, train loss: 4467.69, average train loss: 5555.67, base loss: 38919.00
[INFO 2017-07-14 03:56:06,308 demo.py:68] epoch 329, train loss: 5114.51, average train loss: 5546.96, base loss: 38912.71
[INFO 2017-07-14 03:56:06,920 demo.py:68] epoch 330, train loss: 4575.99, average train loss: 5531.87, base loss: 38925.52
[INFO 2017-07-14 03:56:07,529 demo.py:68] epoch 331, train loss: 5037.53, average train loss: 5516.45, base loss: 38935.02
[INFO 2017-07-14 03:56:08,139 demo.py:68] epoch 332, train loss: 4785.08, average train loss: 5496.84, base loss: 38939.29
[INFO 2017-07-14 03:56:08,749 demo.py:68] epoch 333, train loss: 4475.67, average train loss: 5474.41, base loss: 38939.61
[INFO 2017-07-14 03:56:09,359 demo.py:68] epoch 334, train loss: 5160.56, average train loss: 5451.88, base loss: 38924.30
[INFO 2017-07-14 03:56:09,971 demo.py:68] epoch 335, train loss: 4362.00, average train loss: 5432.82, base loss: 38934.91
[INFO 2017-07-14 03:56:10,580 demo.py:68] epoch 336, train loss: 4674.00, average train loss: 5414.50, base loss: 38920.50
[INFO 2017-07-14 03:56:11,190 demo.py:68] epoch 337, train loss: 4652.71, average train loss: 5402.49, base loss: 38931.92
[INFO 2017-07-14 03:56:11,798 demo.py:68] epoch 338, train loss: 4801.58, average train loss: 5387.67, base loss: 38923.50
[INFO 2017-07-14 03:56:12,409 demo.py:68] epoch 339, train loss: 4927.78, average train loss: 5378.00, base loss: 38903.54
[INFO 2017-07-14 03:56:13,019 demo.py:68] epoch 340, train loss: 4781.85, average train loss: 5366.23, base loss: 38913.75
[INFO 2017-07-14 03:56:13,629 demo.py:68] epoch 341, train loss: 4818.70, average train loss: 5349.13, base loss: 38924.02
[INFO 2017-07-14 03:56:14,239 demo.py:68] epoch 342, train loss: 4445.30, average train loss: 5335.49, base loss: 38936.81
[INFO 2017-07-14 03:56:14,851 demo.py:68] epoch 343, train loss: 5195.93, average train loss: 5325.62, base loss: 38925.19
[INFO 2017-07-14 03:56:15,462 demo.py:68] epoch 344, train loss: 4312.49, average train loss: 5308.40, base loss: 38911.04
[INFO 2017-07-14 03:56:16,074 demo.py:68] epoch 345, train loss: 4339.06, average train loss: 5286.33, base loss: 38922.74
[INFO 2017-07-14 03:56:16,685 demo.py:68] epoch 346, train loss: 4584.96, average train loss: 5271.86, base loss: 38928.10
[INFO 2017-07-14 03:56:17,295 demo.py:68] epoch 347, train loss: 4579.35, average train loss: 5262.18, base loss: 38933.19
[INFO 2017-07-14 03:56:17,907 demo.py:68] epoch 348, train loss: 4381.16, average train loss: 5245.43, base loss: 38935.64
[INFO 2017-07-14 03:56:18,518 demo.py:68] epoch 349, train loss: 4613.43, average train loss: 5231.29, base loss: 38926.65
[INFO 2017-07-14 03:56:19,129 demo.py:68] epoch 350, train loss: 4384.45, average train loss: 5216.41, base loss: 38919.90
[INFO 2017-07-14 03:56:19,740 demo.py:68] epoch 351, train loss: 4747.09, average train loss: 5203.38, base loss: 38909.19
[INFO 2017-07-14 03:56:20,351 demo.py:68] epoch 352, train loss: 5157.95, average train loss: 5196.08, base loss: 38923.12
[INFO 2017-07-14 03:56:20,962 demo.py:68] epoch 353, train loss: 4220.93, average train loss: 5177.50, base loss: 38911.19
[INFO 2017-07-14 03:56:21,574 demo.py:68] epoch 354, train loss: 4272.61, average train loss: 5157.48, base loss: 38916.87
[INFO 2017-07-14 03:56:22,185 demo.py:68] epoch 355, train loss: 4582.41, average train loss: 5146.08, base loss: 38931.73
[INFO 2017-07-14 03:56:22,795 demo.py:68] epoch 356, train loss: 4477.69, average train loss: 5134.80, base loss: 38921.32
[INFO 2017-07-14 03:56:23,406 demo.py:68] epoch 357, train loss: 4392.65, average train loss: 5124.24, base loss: 38919.07
[INFO 2017-07-14 03:56:24,015 demo.py:68] epoch 358, train loss: 4303.89, average train loss: 5114.68, base loss: 38916.43
[INFO 2017-07-14 03:56:24,627 demo.py:68] epoch 359, train loss: 4581.80, average train loss: 5107.73, base loss: 38928.64
[INFO 2017-07-14 03:56:25,238 demo.py:68] epoch 360, train loss: 4324.30, average train loss: 5090.08, base loss: 38915.06
[INFO 2017-07-14 03:56:25,850 demo.py:68] epoch 361, train loss: 5122.49, average train loss: 5082.16, base loss: 38914.21
[INFO 2017-07-14 03:56:26,461 demo.py:68] epoch 362, train loss: 4237.02, average train loss: 5069.14, base loss: 38921.95
[INFO 2017-07-14 03:56:27,073 demo.py:68] epoch 363, train loss: 4339.36, average train loss: 5052.20, base loss: 38911.79
[INFO 2017-07-14 03:56:27,685 demo.py:68] epoch 364, train loss: 4667.56, average train loss: 5047.81, base loss: 38909.50
[INFO 2017-07-14 03:56:28,296 demo.py:68] epoch 365, train loss: 3850.98, average train loss: 5030.57, base loss: 38910.82
[INFO 2017-07-14 03:56:28,906 demo.py:68] epoch 366, train loss: 4246.86, average train loss: 5017.55, base loss: 38919.20
[INFO 2017-07-14 03:56:29,516 demo.py:68] epoch 367, train loss: 4065.71, average train loss: 5000.15, base loss: 38911.63
[INFO 2017-07-14 03:56:30,127 demo.py:68] epoch 368, train loss: 4442.17, average train loss: 4991.14, base loss: 38888.96
[INFO 2017-07-14 03:56:30,738 demo.py:68] epoch 369, train loss: 4349.94, average train loss: 4974.02, base loss: 38869.72
[INFO 2017-07-14 03:56:31,347 demo.py:68] epoch 370, train loss: 3925.03, average train loss: 4962.23, base loss: 38864.14
[INFO 2017-07-14 03:56:31,957 demo.py:68] epoch 371, train loss: 3852.88, average train loss: 4946.32, base loss: 38862.63
[INFO 2017-07-14 03:56:32,570 demo.py:68] epoch 372, train loss: 3862.19, average train loss: 4935.78, base loss: 38865.28
[INFO 2017-07-14 03:56:33,180 demo.py:68] epoch 373, train loss: 4591.82, average train loss: 4910.38, base loss: 38857.86
[INFO 2017-07-14 03:56:33,790 demo.py:68] epoch 374, train loss: 4345.83, average train loss: 4901.98, base loss: 38873.29
[INFO 2017-07-14 03:56:34,400 demo.py:68] epoch 375, train loss: 4064.46, average train loss: 4886.68, base loss: 38881.90
[INFO 2017-07-14 03:56:35,008 demo.py:68] epoch 376, train loss: 4149.70, average train loss: 4873.40, base loss: 38872.06
[INFO 2017-07-14 03:56:35,620 demo.py:68] epoch 377, train loss: 3940.52, average train loss: 4853.91, base loss: 38864.12
[INFO 2017-07-14 03:56:36,231 demo.py:68] epoch 378, train loss: 3831.67, average train loss: 4839.61, base loss: 38883.18
[INFO 2017-07-14 03:56:36,842 demo.py:68] epoch 379, train loss: 4335.22, average train loss: 4825.86, base loss: 38879.72
[INFO 2017-07-14 03:56:37,451 demo.py:68] epoch 380, train loss: 4497.50, average train loss: 4809.68, base loss: 38881.79
[INFO 2017-07-14 03:56:38,063 demo.py:68] epoch 381, train loss: 4498.45, average train loss: 4793.28, base loss: 38861.67
[INFO 2017-07-14 03:56:38,673 demo.py:68] epoch 382, train loss: 4350.77, average train loss: 4784.32, base loss: 38857.51
[INFO 2017-07-14 03:56:39,288 demo.py:68] epoch 383, train loss: 4176.14, average train loss: 4767.15, base loss: 38848.41
[INFO 2017-07-14 03:56:39,900 demo.py:68] epoch 384, train loss: 3901.27, average train loss: 4748.25, base loss: 38856.54
[INFO 2017-07-14 03:56:40,512 demo.py:68] epoch 385, train loss: 4025.34, average train loss: 4741.13, base loss: 38849.99
[INFO 2017-07-14 03:56:41,127 demo.py:68] epoch 386, train loss: 3657.49, average train loss: 4716.87, base loss: 38823.58
[INFO 2017-07-14 03:56:41,739 demo.py:68] epoch 387, train loss: 4286.72, average train loss: 4704.87, base loss: 38840.23
[INFO 2017-07-14 03:56:42,352 demo.py:68] epoch 388, train loss: 4260.60, average train loss: 4696.63, base loss: 38838.35
[INFO 2017-07-14 03:56:42,965 demo.py:68] epoch 389, train loss: 3883.33, average train loss: 4680.92, base loss: 38831.51
[INFO 2017-07-14 03:56:43,580 demo.py:68] epoch 390, train loss: 3892.43, average train loss: 4665.02, base loss: 38845.29
[INFO 2017-07-14 03:56:44,194 demo.py:68] epoch 391, train loss: 4043.37, average train loss: 4647.24, base loss: 38861.49
[INFO 2017-07-14 03:56:44,808 demo.py:68] epoch 392, train loss: 4129.17, average train loss: 4632.99, base loss: 38875.38
[INFO 2017-07-14 03:56:45,420 demo.py:68] epoch 393, train loss: 3611.65, average train loss: 4613.06, base loss: 38876.84
[INFO 2017-07-14 03:56:46,029 demo.py:68] epoch 394, train loss: 3867.37, average train loss: 4598.11, base loss: 38869.31
[INFO 2017-07-14 03:56:46,638 demo.py:68] epoch 395, train loss: 3593.79, average train loss: 4578.11, base loss: 38870.81
[INFO 2017-07-14 03:56:47,248 demo.py:68] epoch 396, train loss: 3868.66, average train loss: 4562.69, base loss: 38873.47
[INFO 2017-07-14 03:56:47,857 demo.py:68] epoch 397, train loss: 3409.82, average train loss: 4542.67, base loss: 38859.82
[INFO 2017-07-14 03:56:48,466 demo.py:68] epoch 398, train loss: 3554.83, average train loss: 4528.50, base loss: 38878.20
[INFO 2017-07-14 03:56:49,076 demo.py:68] epoch 399, train loss: 3681.35, average train loss: 4511.05, base loss: 38869.80
[INFO 2017-07-14 03:56:49,076 demo.py:70] epoch 399, testing
[INFO 2017-07-14 03:56:51,829 demo.py:113] average test loss: 4052.07, base loss: 38137.66
[INFO 2017-07-14 03:56:51,829 demo.py:114] improve_loss: 34085.59, improve_percent: 0.89
[INFO 2017-07-14 03:56:51,829 demo.py:116] average test endpoint error: 0.16
[INFO 2017-07-14 03:56:51,830 base_demo.py:87] model save to ./model.pth
[INFO 2017-07-14 03:56:51,847 base_demo.py:91] current best improved percent: 0.89
[INFO 2017-07-14 03:56:52,485 demo.py:68] epoch 400, train loss: 3968.68, average train loss: 4503.48, base loss: 38864.59
[INFO 2017-07-14 03:56:53,098 demo.py:68] epoch 401, train loss: 3790.83, average train loss: 4492.24, base loss: 38857.55
[INFO 2017-07-14 03:56:53,708 demo.py:68] epoch 402, train loss: 3750.04, average train loss: 4471.31, base loss: 38858.90
[INFO 2017-07-14 03:56:54,317 demo.py:68] epoch 403, train loss: 3975.75, average train loss: 4459.58, base loss: 38847.13
[INFO 2017-07-14 03:56:54,929 demo.py:68] epoch 404, train loss: 3962.43, average train loss: 4446.72, base loss: 38840.05
[INFO 2017-07-14 03:56:55,542 demo.py:68] epoch 405, train loss: 3881.01, average train loss: 4437.14, base loss: 38866.06
[INFO 2017-07-14 03:56:56,157 demo.py:68] epoch 406, train loss: 4241.64, average train loss: 4426.77, base loss: 38871.76
[INFO 2017-07-14 03:56:56,768 demo.py:68] epoch 407, train loss: 3517.19, average train loss: 4412.50, base loss: 38850.29
[INFO 2017-07-14 03:56:57,378 demo.py:68] epoch 408, train loss: 3911.34, average train loss: 4398.83, base loss: 38856.16
[INFO 2017-07-14 03:56:57,990 demo.py:68] epoch 409, train loss: 3849.02, average train loss: 4385.92, base loss: 38848.03
[INFO 2017-07-14 03:56:58,601 demo.py:68] epoch 410, train loss: 5236.80, average train loss: 4387.60, base loss: 38861.20
[INFO 2017-07-14 03:56:59,211 demo.py:68] epoch 411, train loss: 3815.01, average train loss: 4375.65, base loss: 38857.46
[INFO 2017-07-14 03:56:59,821 demo.py:68] epoch 412, train loss: 3332.24, average train loss: 4353.70, base loss: 38867.24
[INFO 2017-07-14 03:57:00,432 demo.py:68] epoch 413, train loss: 3713.46, average train loss: 4341.42, base loss: 38864.34
[INFO 2017-07-14 03:57:01,041 demo.py:68] epoch 414, train loss: 4667.58, average train loss: 4337.23, base loss: 38861.68
[INFO 2017-07-14 03:57:01,650 demo.py:68] epoch 415, train loss: 4055.93, average train loss: 4321.08, base loss: 38854.51
[INFO 2017-07-14 03:57:02,260 demo.py:68] epoch 416, train loss: 3833.15, average train loss: 4311.06, base loss: 38867.80
[INFO 2017-07-14 03:57:02,871 demo.py:68] epoch 417, train loss: 3637.70, average train loss: 4301.15, base loss: 38853.90
[INFO 2017-07-14 03:57:03,481 demo.py:68] epoch 418, train loss: 3485.09, average train loss: 4285.85, base loss: 38829.66
[INFO 2017-07-14 03:57:04,093 demo.py:68] epoch 419, train loss: 3904.06, average train loss: 4280.77, base loss: 38835.09
[INFO 2017-07-14 03:57:04,703 demo.py:68] epoch 420, train loss: 3773.93, average train loss: 4273.46, base loss: 38820.68
[INFO 2017-07-14 03:57:05,314 demo.py:68] epoch 421, train loss: 3712.05, average train loss: 4260.49, base loss: 38820.77
[INFO 2017-07-14 03:57:05,923 demo.py:68] epoch 422, train loss: 3443.87, average train loss: 4248.47, base loss: 38819.21
[INFO 2017-07-14 03:57:06,533 demo.py:68] epoch 423, train loss: 4079.58, average train loss: 4242.07, base loss: 38836.75
[INFO 2017-07-14 03:57:07,143 demo.py:68] epoch 424, train loss: 3824.45, average train loss: 4233.57, base loss: 38856.00
[INFO 2017-07-14 03:57:07,754 demo.py:68] epoch 425, train loss: 4012.12, average train loss: 4229.45, base loss: 38839.69
[INFO 2017-07-14 03:57:08,363 demo.py:68] epoch 426, train loss: 3021.90, average train loss: 4209.45, base loss: 38827.46
[INFO 2017-07-14 03:57:08,974 demo.py:68] epoch 427, train loss: 3426.92, average train loss: 4197.68, base loss: 38820.15
[INFO 2017-07-14 03:57:09,582 demo.py:68] epoch 428, train loss: 3488.32, average train loss: 4187.89, base loss: 38821.12
[INFO 2017-07-14 03:57:10,192 demo.py:68] epoch 429, train loss: 3619.76, average train loss: 4172.94, base loss: 38817.41
[INFO 2017-07-14 03:57:10,803 demo.py:68] epoch 430, train loss: 3417.58, average train loss: 4161.36, base loss: 38804.82
[INFO 2017-07-14 03:57:11,414 demo.py:68] epoch 431, train loss: 3523.18, average train loss: 4146.22, base loss: 38798.00
[INFO 2017-07-14 03:57:12,024 demo.py:68] epoch 432, train loss: 3918.66, average train loss: 4137.55, base loss: 38808.07
[INFO 2017-07-14 03:57:12,633 demo.py:68] epoch 433, train loss: 3429.86, average train loss: 4127.09, base loss: 38811.18
[INFO 2017-07-14 03:57:13,243 demo.py:68] epoch 434, train loss: 3331.66, average train loss: 4108.80, base loss: 38803.52
[INFO 2017-07-14 03:57:13,853 demo.py:68] epoch 435, train loss: 3981.93, average train loss: 4105.00, base loss: 38800.94
[INFO 2017-07-14 03:57:14,461 demo.py:68] epoch 436, train loss: 3503.19, average train loss: 4093.29, base loss: 38798.50
[INFO 2017-07-14 03:57:15,070 demo.py:68] epoch 437, train loss: 3743.74, average train loss: 4084.21, base loss: 38797.34
[INFO 2017-07-14 03:57:15,680 demo.py:68] epoch 438, train loss: 3244.40, average train loss: 4068.63, base loss: 38805.55
[INFO 2017-07-14 03:57:16,291 demo.py:68] epoch 439, train loss: 3384.40, average train loss: 4053.20, base loss: 38811.66
[INFO 2017-07-14 03:57:16,901 demo.py:68] epoch 440, train loss: 3723.64, average train loss: 4042.62, base loss: 38793.62
[INFO 2017-07-14 03:57:17,513 demo.py:68] epoch 441, train loss: 2748.50, average train loss: 4021.92, base loss: 38768.02
[INFO 2017-07-14 03:57:18,125 demo.py:68] epoch 442, train loss: 3747.35, average train loss: 4014.94, base loss: 38778.06
[INFO 2017-07-14 03:57:18,734 demo.py:68] epoch 443, train loss: 3326.81, average train loss: 3996.24, base loss: 38790.98
[INFO 2017-07-14 03:57:19,345 demo.py:68] epoch 444, train loss: 2886.76, average train loss: 3981.99, base loss: 38796.27
[INFO 2017-07-14 03:57:19,955 demo.py:68] epoch 445, train loss: 3699.89, average train loss: 3975.60, base loss: 38799.37
[INFO 2017-07-14 03:57:20,562 demo.py:68] epoch 446, train loss: 3228.85, average train loss: 3962.03, base loss: 38801.01
[INFO 2017-07-14 03:57:21,172 demo.py:68] epoch 447, train loss: 3014.96, average train loss: 3946.39, base loss: 38782.35
[INFO 2017-07-14 03:57:21,784 demo.py:68] epoch 448, train loss: 3443.03, average train loss: 3937.01, base loss: 38791.00
[INFO 2017-07-14 03:57:22,395 demo.py:68] epoch 449, train loss: 3238.05, average train loss: 3923.26, base loss: 38796.87
[INFO 2017-07-14 03:57:23,004 demo.py:68] epoch 450, train loss: 3429.49, average train loss: 3913.71, base loss: 38779.43
[INFO 2017-07-14 03:57:23,614 demo.py:68] epoch 451, train loss: 3489.05, average train loss: 3901.13, base loss: 38772.91
[INFO 2017-07-14 03:57:24,224 demo.py:68] epoch 452, train loss: 3033.92, average train loss: 3879.89, base loss: 38761.84
[INFO 2017-07-14 03:57:24,838 demo.py:68] epoch 453, train loss: 2824.92, average train loss: 3865.93, base loss: 38769.37
[INFO 2017-07-14 03:57:25,450 demo.py:68] epoch 454, train loss: 2951.79, average train loss: 3852.72, base loss: 38756.42
[INFO 2017-07-14 03:57:26,062 demo.py:68] epoch 455, train loss: 3487.30, average train loss: 3841.77, base loss: 38754.95
[INFO 2017-07-14 03:57:26,673 demo.py:68] epoch 456, train loss: 3104.80, average train loss: 3828.04, base loss: 38776.15
[INFO 2017-07-14 03:57:27,284 demo.py:68] epoch 457, train loss: 3371.23, average train loss: 3817.82, base loss: 38782.57
[INFO 2017-07-14 03:57:27,896 demo.py:68] epoch 458, train loss: 3243.44, average train loss: 3807.22, base loss: 38775.38
[INFO 2017-07-14 03:57:28,509 demo.py:68] epoch 459, train loss: 3070.02, average train loss: 3792.10, base loss: 38760.21
[INFO 2017-07-14 03:57:29,119 demo.py:68] epoch 460, train loss: 3178.31, average train loss: 3780.64, base loss: 38767.16
[INFO 2017-07-14 03:57:29,730 demo.py:68] epoch 461, train loss: 3231.03, average train loss: 3761.73, base loss: 38775.68
[INFO 2017-07-14 03:57:30,341 demo.py:68] epoch 462, train loss: 3246.50, average train loss: 3751.82, base loss: 38780.45
[INFO 2017-07-14 03:57:30,953 demo.py:68] epoch 463, train loss: 3116.49, average train loss: 3739.59, base loss: 38785.35
[INFO 2017-07-14 03:57:31,563 demo.py:68] epoch 464, train loss: 3362.93, average train loss: 3726.55, base loss: 38783.60
[INFO 2017-07-14 03:57:32,175 demo.py:68] epoch 465, train loss: 3297.77, average train loss: 3721.01, base loss: 38765.97
[INFO 2017-07-14 03:57:32,787 demo.py:68] epoch 466, train loss: 2908.51, average train loss: 3707.63, base loss: 38762.72
[INFO 2017-07-14 03:57:33,399 demo.py:68] epoch 467, train loss: 2996.40, average train loss: 3696.94, base loss: 38772.30
[INFO 2017-07-14 03:57:34,009 demo.py:68] epoch 468, train loss: 3350.98, average train loss: 3686.03, base loss: 38785.27
[INFO 2017-07-14 03:57:34,619 demo.py:68] epoch 469, train loss: 3133.25, average train loss: 3673.86, base loss: 38769.46
[INFO 2017-07-14 03:57:35,230 demo.py:68] epoch 470, train loss: 3136.68, average train loss: 3665.98, base loss: 38770.06
[INFO 2017-07-14 03:57:35,841 demo.py:68] epoch 471, train loss: 2856.85, average train loss: 3656.01, base loss: 38763.82
[INFO 2017-07-14 03:57:36,452 demo.py:68] epoch 472, train loss: 2750.07, average train loss: 3644.89, base loss: 38747.04
[INFO 2017-07-14 03:57:37,061 demo.py:68] epoch 473, train loss: 2886.77, average train loss: 3627.84, base loss: 38762.51
[INFO 2017-07-14 03:57:37,671 demo.py:68] epoch 474, train loss: 2802.47, average train loss: 3612.41, base loss: 38752.56
[INFO 2017-07-14 03:57:38,281 demo.py:68] epoch 475, train loss: 2994.72, average train loss: 3601.71, base loss: 38751.25
[INFO 2017-07-14 03:57:38,891 demo.py:68] epoch 476, train loss: 2550.14, average train loss: 3585.72, base loss: 38754.47
[INFO 2017-07-14 03:57:39,501 demo.py:68] epoch 477, train loss: 2870.18, average train loss: 3575.01, base loss: 38757.67
[INFO 2017-07-14 03:57:40,109 demo.py:68] epoch 478, train loss: 2569.64, average train loss: 3562.39, base loss: 38734.74
[INFO 2017-07-14 03:57:40,720 demo.py:68] epoch 479, train loss: 3083.90, average train loss: 3549.88, base loss: 38748.70
[INFO 2017-07-14 03:57:41,330 demo.py:68] epoch 480, train loss: 2864.57, average train loss: 3533.55, base loss: 38730.82
[INFO 2017-07-14 03:57:41,942 demo.py:68] epoch 481, train loss: 2971.00, average train loss: 3518.28, base loss: 38731.10
[INFO 2017-07-14 03:57:42,552 demo.py:68] epoch 482, train loss: 2867.32, average train loss: 3503.44, base loss: 38724.98
[INFO 2017-07-14 03:57:43,164 demo.py:68] epoch 483, train loss: 2698.47, average train loss: 3488.66, base loss: 38720.08
[INFO 2017-07-14 03:57:43,774 demo.py:68] epoch 484, train loss: 3426.72, average train loss: 3483.92, base loss: 38718.62
[INFO 2017-07-14 03:57:44,386 demo.py:68] epoch 485, train loss: 2974.00, average train loss: 3473.41, base loss: 38749.05
[INFO 2017-07-14 03:57:44,994 demo.py:68] epoch 486, train loss: 2664.40, average train loss: 3463.47, base loss: 38759.59
[INFO 2017-07-14 03:57:45,604 demo.py:68] epoch 487, train loss: 2630.14, average train loss: 3446.91, base loss: 38744.16
[INFO 2017-07-14 03:57:46,216 demo.py:68] epoch 488, train loss: 2740.26, average train loss: 3431.71, base loss: 38750.41
[INFO 2017-07-14 03:57:46,827 demo.py:68] epoch 489, train loss: 2940.46, average train loss: 3422.28, base loss: 38771.19
[INFO 2017-07-14 03:57:47,437 demo.py:68] epoch 490, train loss: 2760.63, average train loss: 3410.96, base loss: 38777.77
[INFO 2017-07-14 03:57:48,046 demo.py:68] epoch 491, train loss: 2726.07, average train loss: 3397.79, base loss: 38767.41
[INFO 2017-07-14 03:57:48,656 demo.py:68] epoch 492, train loss: 3119.20, average train loss: 3387.69, base loss: 38769.43
[INFO 2017-07-14 03:57:49,268 demo.py:68] epoch 493, train loss: 2475.48, average train loss: 3376.32, base loss: 38758.10
[INFO 2017-07-14 03:57:49,879 demo.py:68] epoch 494, train loss: 3005.52, average train loss: 3367.71, base loss: 38764.25
[INFO 2017-07-14 03:57:50,488 demo.py:68] epoch 495, train loss: 2976.17, average train loss: 3361.53, base loss: 38770.36
[INFO 2017-07-14 03:57:51,098 demo.py:68] epoch 496, train loss: 2782.95, average train loss: 3350.67, base loss: 38797.30
[INFO 2017-07-14 03:57:51,709 demo.py:68] epoch 497, train loss: 2607.13, average train loss: 3342.65, base loss: 38801.99
[INFO 2017-07-14 03:57:52,318 demo.py:68] epoch 498, train loss: 2903.60, average train loss: 3336.13, base loss: 38791.91
[INFO 2017-07-14 03:57:52,930 demo.py:68] epoch 499, train loss: 2875.67, average train loss: 3328.08, base loss: 38808.23
[INFO 2017-07-14 03:57:52,930 demo.py:70] epoch 499, testing
[INFO 2017-07-14 03:57:55,670 demo.py:113] average test loss: 2680.47, base loss: 38786.76
[INFO 2017-07-14 03:57:55,670 demo.py:114] improve_loss: 36106.29, improve_percent: 0.93
[INFO 2017-07-14 03:57:55,670 demo.py:116] average test endpoint error: 0.12
[INFO 2017-07-14 03:57:55,671 base_demo.py:87] model save to ./model.pth
[INFO 2017-07-14 03:57:55,686 base_demo.py:91] current best improved percent: 0.93
[INFO 2017-07-14 03:57:56,317 demo.py:68] epoch 500, train loss: 2914.81, average train loss: 3317.54, base loss: 38817.62
[INFO 2017-07-14 03:57:56,953 demo.py:68] epoch 501, train loss: 2806.21, average train loss: 3307.69, base loss: 38828.70
[INFO 2017-07-14 03:57:57,591 demo.py:68] epoch 502, train loss: 3249.00, average train loss: 3302.68, base loss: 38842.06
[INFO 2017-07-14 03:57:58,232 demo.py:68] epoch 503, train loss: 2972.50, average train loss: 3292.65, base loss: 38834.67
[INFO 2017-07-14 03:57:58,867 demo.py:68] epoch 504, train loss: 2473.15, average train loss: 3277.76, base loss: 38835.62
[INFO 2017-07-14 03:57:59,504 demo.py:68] epoch 505, train loss: 2555.13, average train loss: 3264.50, base loss: 38838.18
[INFO 2017-07-14 03:58:00,139 demo.py:68] epoch 506, train loss: 2590.83, average train loss: 3247.99, base loss: 38831.10
[INFO 2017-07-14 03:58:00,774 demo.py:68] epoch 507, train loss: 2854.37, average train loss: 3241.36, base loss: 38851.80
[INFO 2017-07-14 03:58:01,408 demo.py:68] epoch 508, train loss: 3095.39, average train loss: 3233.20, base loss: 38852.71
[INFO 2017-07-14 03:58:02,044 demo.py:68] epoch 509, train loss: 2846.15, average train loss: 3223.17, base loss: 38843.44
[INFO 2017-07-14 03:58:02,679 demo.py:68] epoch 510, train loss: 2787.39, average train loss: 3198.68, base loss: 38825.99
[INFO 2017-07-14 03:58:03,316 demo.py:68] epoch 511, train loss: 2813.57, average train loss: 3188.66, base loss: 38831.97
[INFO 2017-07-14 03:58:03,951 demo.py:68] epoch 512, train loss: 2577.64, average train loss: 3181.12, base loss: 38800.83
[INFO 2017-07-14 03:58:04,587 demo.py:68] epoch 513, train loss: 2885.01, average train loss: 3172.83, base loss: 38804.64
[INFO 2017-07-14 03:58:05,223 demo.py:68] epoch 514, train loss: 2723.47, average train loss: 3153.39, base loss: 38805.17
[INFO 2017-07-14 03:58:05,858 demo.py:68] epoch 515, train loss: 2586.72, average train loss: 3138.70, base loss: 38793.51
[INFO 2017-07-14 03:58:06,492 demo.py:68] epoch 516, train loss: 2628.43, average train loss: 3126.65, base loss: 38767.61
[INFO 2017-07-14 03:58:07,128 demo.py:68] epoch 517, train loss: 2648.27, average train loss: 3116.76, base loss: 38762.18
