[INFO 2017-07-11 21:09:29,140 demo.py:148] Namespace(batch_size=64, bg_move=False, bg_noise=0.5, bidirection=False, data='mnist', display=False, fg_noise=0.1, image_size=64, init_model_path='', learning_rate=0.001, method='unsupervised', motion_range=2, num_frame=3, num_objects=1, save_dir='./', save_display=False, save_display_dir='./', test=False, test_epoch=10, test_gt=False, test_interval=100, train=True, train_epoch=2000)
[INFO 2017-07-11 21:09:31,912 demo.py:63] epoch 0, train loss: 104066.27, average train loss: 104066.27, base loss: 12643.26
[INFO 2017-07-11 21:09:32,817 demo.py:63] epoch 1, train loss: 100619.86, average train loss: 102343.07, base loss: 12848.51
[INFO 2017-07-11 21:09:33,719 demo.py:63] epoch 2, train loss: 96960.77, average train loss: 100548.97, base loss: 12624.03
[INFO 2017-07-11 21:09:34,624 demo.py:63] epoch 3, train loss: 93334.16, average train loss: 98745.27, base loss: 12633.03
[INFO 2017-07-11 21:09:35,524 demo.py:63] epoch 4, train loss: 89496.72, average train loss: 96895.56, base loss: 12660.40
[INFO 2017-07-11 21:09:36,423 demo.py:63] epoch 5, train loss: 85342.68, average train loss: 94970.08, base loss: 12558.20
[INFO 2017-07-11 21:09:37,326 demo.py:63] epoch 6, train loss: 82977.70, average train loss: 93256.88, base loss: 12922.64
[INFO 2017-07-11 21:09:38,226 demo.py:63] epoch 7, train loss: 78962.53, average train loss: 91470.09, base loss: 13104.77
[INFO 2017-07-11 21:09:39,126 demo.py:63] epoch 8, train loss: 74795.16, average train loss: 89617.32, base loss: 13051.30
[INFO 2017-07-11 21:09:40,027 demo.py:63] epoch 9, train loss: 70350.01, average train loss: 87690.59, base loss: 13008.28
[INFO 2017-07-11 21:09:40,927 demo.py:63] epoch 10, train loss: 66559.59, average train loss: 85769.59, base loss: 12973.79
[INFO 2017-07-11 21:09:41,827 demo.py:63] epoch 11, train loss: 62267.70, average train loss: 83811.10, base loss: 13002.95
[INFO 2017-07-11 21:09:42,734 demo.py:63] epoch 12, train loss: 57644.41, average train loss: 81798.27, base loss: 13049.26
[INFO 2017-07-11 21:09:43,635 demo.py:63] epoch 13, train loss: 53036.52, average train loss: 79743.86, base loss: 13121.17
[INFO 2017-07-11 21:09:44,541 demo.py:63] epoch 14, train loss: 46761.01, average train loss: 77545.01, base loss: 13064.61
[INFO 2017-07-11 21:09:45,442 demo.py:63] epoch 15, train loss: 41330.32, average train loss: 75281.59, base loss: 13092.94
[INFO 2017-07-11 21:09:46,342 demo.py:63] epoch 16, train loss: 35809.05, average train loss: 72959.67, base loss: 13125.27
[INFO 2017-07-11 21:09:47,251 demo.py:63] epoch 17, train loss: 31459.23, average train loss: 70654.09, base loss: 13153.24
[INFO 2017-07-11 21:09:48,155 demo.py:63] epoch 18, train loss: 26173.70, average train loss: 68313.02, base loss: 13119.52
[INFO 2017-07-11 21:09:49,054 demo.py:63] epoch 19, train loss: 22166.83, average train loss: 66005.71, base loss: 13074.64
[INFO 2017-07-11 21:09:49,955 demo.py:63] epoch 20, train loss: 19007.21, average train loss: 63767.69, base loss: 13026.08
[INFO 2017-07-11 21:09:50,860 demo.py:63] epoch 21, train loss: 16800.96, average train loss: 61632.84, base loss: 13007.41
[INFO 2017-07-11 21:09:51,760 demo.py:63] epoch 22, train loss: 15102.60, average train loss: 59609.78, base loss: 12966.60
[INFO 2017-07-11 21:09:52,662 demo.py:63] epoch 23, train loss: 14267.76, average train loss: 57720.53, base loss: 12962.04
[INFO 2017-07-11 21:09:53,568 demo.py:63] epoch 24, train loss: 12772.24, average train loss: 55922.60, base loss: 12916.47
[INFO 2017-07-11 21:09:54,473 demo.py:63] epoch 25, train loss: 12101.48, average train loss: 54237.17, base loss: 12883.24
[INFO 2017-07-11 21:09:55,381 demo.py:63] epoch 26, train loss: 11036.95, average train loss: 52637.16, base loss: 12836.21
[INFO 2017-07-11 21:09:56,282 demo.py:63] epoch 27, train loss: 11861.62, average train loss: 51180.89, base loss: 12848.87
[INFO 2017-07-11 21:09:57,182 demo.py:63] epoch 28, train loss: 11610.45, average train loss: 49816.40, base loss: 12874.74
[INFO 2017-07-11 21:09:58,088 demo.py:63] epoch 29, train loss: 11323.95, average train loss: 48533.31, base loss: 12886.91
[INFO 2017-07-11 21:09:58,992 demo.py:63] epoch 30, train loss: 10780.11, average train loss: 47315.47, base loss: 12888.01
[INFO 2017-07-11 21:09:59,894 demo.py:63] epoch 31, train loss: 11680.00, average train loss: 46201.86, base loss: 12934.84
[INFO 2017-07-11 21:10:00,802 demo.py:63] epoch 32, train loss: 11377.84, average train loss: 45146.59, base loss: 12985.68
[INFO 2017-07-11 21:10:01,703 demo.py:63] epoch 33, train loss: 10384.11, average train loss: 44124.16, base loss: 12997.92
[INFO 2017-07-11 21:10:02,608 demo.py:63] epoch 34, train loss: 10556.27, average train loss: 43165.08, base loss: 12995.75
[INFO 2017-07-11 21:10:03,514 demo.py:63] epoch 35, train loss: 9793.37, average train loss: 42238.09, base loss: 12996.57
[INFO 2017-07-11 21:10:04,423 demo.py:63] epoch 36, train loss: 9737.21, average train loss: 41359.69, base loss: 12982.54
[INFO 2017-07-11 21:10:05,322 demo.py:63] epoch 37, train loss: 9942.08, average train loss: 40532.91, base loss: 12990.24
[INFO 2017-07-11 21:10:06,228 demo.py:63] epoch 38, train loss: 9780.99, average train loss: 39744.40, base loss: 13014.90
[INFO 2017-07-11 21:10:07,134 demo.py:63] epoch 39, train loss: 9455.36, average train loss: 38987.17, base loss: 13025.36
[INFO 2017-07-11 21:10:08,038 demo.py:63] epoch 40, train loss: 9741.61, average train loss: 38273.86, base loss: 13038.33
[INFO 2017-07-11 21:10:08,938 demo.py:63] epoch 41, train loss: 9459.18, average train loss: 37587.80, base loss: 13056.69
[INFO 2017-07-11 21:10:09,837 demo.py:63] epoch 42, train loss: 9057.44, average train loss: 36924.30, base loss: 13064.89
[INFO 2017-07-11 21:10:10,737 demo.py:63] epoch 43, train loss: 8649.00, average train loss: 36281.68, base loss: 13044.76
[INFO 2017-07-11 21:10:11,637 demo.py:63] epoch 44, train loss: 8734.80, average train loss: 35669.53, base loss: 13031.88
[INFO 2017-07-11 21:10:12,543 demo.py:63] epoch 45, train loss: 9261.90, average train loss: 35095.45, base loss: 13030.85
[INFO 2017-07-11 21:10:13,441 demo.py:63] epoch 46, train loss: 9003.00, average train loss: 34540.29, base loss: 13028.83
[INFO 2017-07-11 21:10:14,350 demo.py:63] epoch 47, train loss: 8892.53, average train loss: 34005.96, base loss: 13032.33
[INFO 2017-07-11 21:10:15,254 demo.py:63] epoch 48, train loss: 9157.55, average train loss: 33498.85, base loss: 13039.49
[INFO 2017-07-11 21:10:16,155 demo.py:63] epoch 49, train loss: 9296.24, average train loss: 33014.80, base loss: 13064.01
[INFO 2017-07-11 21:10:17,055 demo.py:63] epoch 50, train loss: 8823.52, average train loss: 32540.46, base loss: 13057.13
[INFO 2017-07-11 21:10:17,953 demo.py:63] epoch 51, train loss: 8642.44, average train loss: 32080.88, base loss: 13049.51
[INFO 2017-07-11 21:10:18,853 demo.py:63] epoch 52, train loss: 8539.09, average train loss: 31636.70, base loss: 13049.72
[INFO 2017-07-11 21:10:19,753 demo.py:63] epoch 53, train loss: 8764.15, average train loss: 31213.13, base loss: 13060.51
[INFO 2017-07-11 21:10:20,656 demo.py:63] epoch 54, train loss: 8340.26, average train loss: 30797.26, base loss: 13055.05
[INFO 2017-07-11 21:10:21,557 demo.py:63] epoch 55, train loss: 8718.70, average train loss: 30403.00, base loss: 13063.31
[INFO 2017-07-11 21:10:22,456 demo.py:63] epoch 56, train loss: 8138.58, average train loss: 30012.40, base loss: 13060.99
[INFO 2017-07-11 21:10:23,355 demo.py:63] epoch 57, train loss: 8318.44, average train loss: 29638.37, base loss: 13068.05
[INFO 2017-07-11 21:10:24,259 demo.py:63] epoch 58, train loss: 8668.09, average train loss: 29282.94, base loss: 13073.91
[INFO 2017-07-11 21:10:25,163 demo.py:63] epoch 59, train loss: 7584.63, average train loss: 28921.30, base loss: 13064.58
[INFO 2017-07-11 21:10:26,063 demo.py:63] epoch 60, train loss: 8249.20, average train loss: 28582.41, base loss: 13062.88
[INFO 2017-07-11 21:10:26,967 demo.py:63] epoch 61, train loss: 7391.53, average train loss: 28240.62, base loss: 13030.03
[INFO 2017-07-11 21:10:27,868 demo.py:63] epoch 62, train loss: 7890.92, average train loss: 27917.61, base loss: 13020.76
[INFO 2017-07-11 21:10:28,768 demo.py:63] epoch 63, train loss: 8595.77, average train loss: 27615.71, base loss: 13032.16
[INFO 2017-07-11 21:10:29,673 demo.py:63] epoch 64, train loss: 7803.67, average train loss: 27310.91, base loss: 13024.72
[INFO 2017-07-11 21:10:30,574 demo.py:63] epoch 65, train loss: 8381.35, average train loss: 27024.10, base loss: 13028.43
[INFO 2017-07-11 21:10:31,482 demo.py:63] epoch 66, train loss: 8946.50, average train loss: 26754.28, base loss: 13053.40
[INFO 2017-07-11 21:10:32,386 demo.py:63] epoch 67, train loss: 8471.11, average train loss: 26485.41, base loss: 13050.52
[INFO 2017-07-11 21:10:33,280 demo.py:63] epoch 68, train loss: 8322.99, average train loss: 26222.19, base loss: 13049.10
[INFO 2017-07-11 21:10:34,180 demo.py:63] epoch 69, train loss: 8035.66, average train loss: 25962.38, base loss: 13050.75
[INFO 2017-07-11 21:10:35,081 demo.py:63] epoch 70, train loss: 8142.45, average train loss: 25711.40, base loss: 13047.15
[INFO 2017-07-11 21:10:35,978 demo.py:63] epoch 71, train loss: 7191.59, average train loss: 25454.18, base loss: 13041.11
[INFO 2017-07-11 21:10:36,875 demo.py:63] epoch 72, train loss: 8221.45, average train loss: 25218.11, base loss: 13052.49
[INFO 2017-07-11 21:10:37,771 demo.py:63] epoch 73, train loss: 8086.31, average train loss: 24986.60, base loss: 13045.88
[INFO 2017-07-11 21:10:38,672 demo.py:63] epoch 74, train loss: 8419.10, average train loss: 24765.70, base loss: 13054.97
[INFO 2017-07-11 21:10:39,574 demo.py:63] epoch 75, train loss: 7026.55, average train loss: 24532.29, base loss: 13038.63
[INFO 2017-07-11 21:10:40,472 demo.py:63] epoch 76, train loss: 7941.85, average train loss: 24316.83, base loss: 13043.17
[INFO 2017-07-11 21:10:41,370 demo.py:63] epoch 77, train loss: 7447.03, average train loss: 24100.55, base loss: 13041.10
[INFO 2017-07-11 21:10:42,264 demo.py:63] epoch 78, train loss: 7495.63, average train loss: 23890.36, base loss: 13033.02
[INFO 2017-07-11 21:10:43,168 demo.py:63] epoch 79, train loss: 7608.93, average train loss: 23686.84, base loss: 13032.87
[INFO 2017-07-11 21:10:44,065 demo.py:63] epoch 80, train loss: 7992.12, average train loss: 23493.08, base loss: 13043.08
[INFO 2017-07-11 21:10:44,978 demo.py:63] epoch 81, train loss: 7758.70, average train loss: 23301.20, base loss: 13044.87
[INFO 2017-07-11 21:10:45,871 demo.py:63] epoch 82, train loss: 7884.54, average train loss: 23115.46, base loss: 13050.76
[INFO 2017-07-11 21:10:46,765 demo.py:63] epoch 83, train loss: 7751.22, average train loss: 22932.55, base loss: 13048.37
[INFO 2017-07-11 21:10:47,667 demo.py:63] epoch 84, train loss: 7435.43, average train loss: 22750.23, base loss: 13050.52
[INFO 2017-07-11 21:10:48,566 demo.py:63] epoch 85, train loss: 8131.19, average train loss: 22580.24, base loss: 13066.31
[INFO 2017-07-11 21:10:49,466 demo.py:63] epoch 86, train loss: 7495.02, average train loss: 22406.85, base loss: 13062.47
[INFO 2017-07-11 21:10:50,367 demo.py:63] epoch 87, train loss: 7155.35, average train loss: 22233.53, base loss: 13050.26
[INFO 2017-07-11 21:10:51,261 demo.py:63] epoch 88, train loss: 7384.47, average train loss: 22066.69, base loss: 13044.87
[INFO 2017-07-11 21:10:52,157 demo.py:63] epoch 89, train loss: 7652.79, average train loss: 21906.54, base loss: 13050.86
[INFO 2017-07-11 21:10:53,059 demo.py:63] epoch 90, train loss: 7267.29, average train loss: 21745.67, base loss: 13044.17
[INFO 2017-07-11 21:10:53,955 demo.py:63] epoch 91, train loss: 7404.02, average train loss: 21589.78, base loss: 13043.40
[INFO 2017-07-11 21:10:54,850 demo.py:63] epoch 92, train loss: 7223.85, average train loss: 21435.31, base loss: 13050.61
[INFO 2017-07-11 21:10:55,743 demo.py:63] epoch 93, train loss: 7477.88, average train loss: 21286.82, base loss: 13050.09
[INFO 2017-07-11 21:10:56,634 demo.py:63] epoch 94, train loss: 6797.40, average train loss: 21134.30, base loss: 13035.24
[INFO 2017-07-11 21:10:57,532 demo.py:63] epoch 95, train loss: 7092.44, average train loss: 20988.03, base loss: 13034.46
[INFO 2017-07-11 21:10:58,429 demo.py:63] epoch 96, train loss: 7720.98, average train loss: 20851.26, base loss: 13040.52
[INFO 2017-07-11 21:10:59,330 demo.py:63] epoch 97, train loss: 7082.87, average train loss: 20710.77, base loss: 13042.34
[INFO 2017-07-11 21:11:00,229 demo.py:63] epoch 98, train loss: 7325.79, average train loss: 20575.56, base loss: 13045.19
[INFO 2017-07-11 21:11:01,132 demo.py:63] epoch 99, train loss: 7104.45, average train loss: 20440.85, base loss: 13041.96
[INFO 2017-07-11 21:11:01,132 demo.py:65] epoch 99, testing
[INFO 2017-07-11 21:11:06,071 demo.py:99] average test loss: 7062.13, base loss: 12694.82
[INFO 2017-07-11 21:11:06,071 demo.py:100] improve_loss: 5632.69, improve_percent: 0.44
[INFO 2017-07-11 21:11:06,071 demo.py:102] average test endpoint error: 0.05
[INFO 2017-07-11 21:11:06,074 base_demo.py:87] model save to ./model.pth
[INFO 2017-07-11 21:11:06,083 base_demo.py:91] current best improved percent: 0.44
[INFO 2017-07-11 21:11:07,001 demo.py:63] epoch 100, train loss: 8154.24, average train loss: 19481.73, base loss: 13054.16
[INFO 2017-07-11 21:11:07,894 demo.py:63] epoch 101, train loss: 7427.78, average train loss: 18549.81, base loss: 13056.55
[INFO 2017-07-11 21:11:08,792 demo.py:63] epoch 102, train loss: 7388.67, average train loss: 17654.09, base loss: 13063.87
[INFO 2017-07-11 21:11:09,694 demo.py:63] epoch 103, train loss: 7620.07, average train loss: 16796.95, base loss: 13074.28
[INFO 2017-07-11 21:11:10,591 demo.py:63] epoch 104, train loss: 7543.96, average train loss: 15977.42, base loss: 13083.92
[INFO 2017-07-11 21:11:11,488 demo.py:63] epoch 105, train loss: 7205.07, average train loss: 15196.05, base loss: 13099.45
[INFO 2017-07-11 21:11:12,383 demo.py:63] epoch 106, train loss: 7008.45, average train loss: 14436.35, base loss: 13075.01
[INFO 2017-07-11 21:11:13,278 demo.py:63] epoch 107, train loss: 6920.01, average train loss: 13715.93, base loss: 13055.93
[INFO 2017-07-11 21:11:14,176 demo.py:63] epoch 108, train loss: 7066.83, average train loss: 13038.65, base loss: 13063.51
[INFO 2017-07-11 21:11:15,072 demo.py:63] epoch 109, train loss: 6803.85, average train loss: 12403.18, base loss: 13055.36
[INFO 2017-07-11 21:11:15,975 demo.py:63] epoch 110, train loss: 7542.19, average train loss: 11813.01, base loss: 13069.27
[INFO 2017-07-11 21:11:16,873 demo.py:63] epoch 111, train loss: 7428.40, average train loss: 11264.62, base loss: 13067.65
[INFO 2017-07-11 21:11:17,766 demo.py:63] epoch 112, train loss: 6918.16, average train loss: 10757.35, base loss: 13062.06
[INFO 2017-07-11 21:11:18,661 demo.py:63] epoch 113, train loss: 6558.09, average train loss: 10292.57, base loss: 13048.71
[INFO 2017-07-11 21:11:19,560 demo.py:63] epoch 114, train loss: 6843.37, average train loss: 9893.39, base loss: 13054.46
[INFO 2017-07-11 21:11:20,461 demo.py:63] epoch 115, train loss: 6685.83, average train loss: 9546.95, base loss: 13041.20
[INFO 2017-07-11 21:11:21,357 demo.py:63] epoch 116, train loss: 7608.79, average train loss: 9264.95, base loss: 13044.08
[INFO 2017-07-11 21:11:22,259 demo.py:63] epoch 117, train loss: 6839.82, average train loss: 9018.75, base loss: 13037.42
[INFO 2017-07-11 21:11:23,155 demo.py:63] epoch 118, train loss: 6800.23, average train loss: 8825.02, base loss: 13039.44
[INFO 2017-07-11 21:11:24,054 demo.py:63] epoch 119, train loss: 7138.57, average train loss: 8674.73, base loss: 13055.74
[INFO 2017-07-11 21:11:24,951 demo.py:63] epoch 120, train loss: 6658.57, average train loss: 8551.25, base loss: 13071.21
[INFO 2017-07-11 21:11:25,842 demo.py:63] epoch 121, train loss: 6809.37, average train loss: 8451.33, base loss: 13076.15
[INFO 2017-07-11 21:11:26,739 demo.py:63] epoch 122, train loss: 6604.36, average train loss: 8366.35, base loss: 13073.41
[INFO 2017-07-11 21:11:27,630 demo.py:63] epoch 123, train loss: 7106.06, average train loss: 8294.73, base loss: 13077.58
[INFO 2017-07-11 21:11:28,533 demo.py:63] epoch 124, train loss: 6800.56, average train loss: 8235.02, base loss: 13098.20
[INFO 2017-07-11 21:11:29,430 demo.py:63] epoch 125, train loss: 6737.77, average train loss: 8181.38, base loss: 13108.07
[INFO 2017-07-11 21:11:30,330 demo.py:63] epoch 126, train loss: 6979.03, average train loss: 8140.80, base loss: 13123.25
[INFO 2017-07-11 21:11:31,227 demo.py:63] epoch 127, train loss: 7161.19, average train loss: 8093.80, base loss: 13134.34
[INFO 2017-07-11 21:11:32,128 demo.py:63] epoch 128, train loss: 6668.28, average train loss: 8044.37, base loss: 13128.84
[INFO 2017-07-11 21:11:33,025 demo.py:63] epoch 129, train loss: 6635.18, average train loss: 7997.49, base loss: 13125.09
[INFO 2017-07-11 21:11:33,919 demo.py:63] epoch 130, train loss: 6622.04, average train loss: 7955.91, base loss: 13123.37
[INFO 2017-07-11 21:11:34,816 demo.py:63] epoch 131, train loss: 6173.94, average train loss: 7900.85, base loss: 13100.93
[INFO 2017-07-11 21:11:35,713 demo.py:63] epoch 132, train loss: 6925.40, average train loss: 7856.32, base loss: 13090.73
[INFO 2017-07-11 21:11:36,615 demo.py:63] epoch 133, train loss: 6164.42, average train loss: 7814.12, base loss: 13078.57
[INFO 2017-07-11 21:11:37,511 demo.py:63] epoch 134, train loss: 6677.66, average train loss: 7775.34, base loss: 13089.29
[INFO 2017-07-11 21:11:38,414 demo.py:63] epoch 135, train loss: 6529.63, average train loss: 7742.70, base loss: 13088.42
[INFO 2017-07-11 21:11:39,318 demo.py:63] epoch 136, train loss: 6496.66, average train loss: 7710.29, base loss: 13095.25
[INFO 2017-07-11 21:11:40,223 demo.py:63] epoch 137, train loss: 6317.69, average train loss: 7674.05, base loss: 13087.61
[INFO 2017-07-11 21:11:41,136 demo.py:63] epoch 138, train loss: 6477.89, average train loss: 7641.02, base loss: 13083.91
[INFO 2017-07-11 21:11:42,035 demo.py:63] epoch 139, train loss: 6035.22, average train loss: 7606.82, base loss: 13075.88
[INFO 2017-07-11 21:11:42,939 demo.py:63] epoch 140, train loss: 6493.14, average train loss: 7574.33, base loss: 13079.55
[INFO 2017-07-11 21:11:43,840 demo.py:63] epoch 141, train loss: 6545.12, average train loss: 7545.19, base loss: 13072.46
[INFO 2017-07-11 21:11:44,739 demo.py:63] epoch 142, train loss: 6244.59, average train loss: 7517.06, base loss: 13066.98
[INFO 2017-07-11 21:11:45,636 demo.py:63] epoch 143, train loss: 6141.46, average train loss: 7491.99, base loss: 13066.88
[INFO 2017-07-11 21:11:46,534 demo.py:63] epoch 144, train loss: 5951.22, average train loss: 7464.15, base loss: 13066.57
[INFO 2017-07-11 21:11:47,431 demo.py:63] epoch 145, train loss: 5865.75, average train loss: 7430.19, base loss: 13055.93
[INFO 2017-07-11 21:11:48,329 demo.py:63] epoch 146, train loss: 6681.90, average train loss: 7406.98, base loss: 13063.64
[INFO 2017-07-11 21:11:49,244 demo.py:63] epoch 147, train loss: 5615.85, average train loss: 7374.21, base loss: 13051.83
[INFO 2017-07-11 21:11:50,170 demo.py:63] epoch 148, train loss: 6407.05, average train loss: 7346.71, base loss: 13052.41
[INFO 2017-07-11 21:11:51,070 demo.py:63] epoch 149, train loss: 6269.61, average train loss: 7316.44, base loss: 13045.13
[INFO 2017-07-11 21:11:51,972 demo.py:63] epoch 150, train loss: 6289.30, average train loss: 7291.10, base loss: 13048.50
[INFO 2017-07-11 21:11:52,867 demo.py:63] epoch 151, train loss: 5481.41, average train loss: 7259.49, base loss: 13038.51
[INFO 2017-07-11 21:11:53,760 demo.py:63] epoch 152, train loss: 6670.53, average train loss: 7240.80, base loss: 13041.62
[INFO 2017-07-11 21:11:54,655 demo.py:63] epoch 153, train loss: 6177.86, average train loss: 7214.94, base loss: 13041.32
[INFO 2017-07-11 21:11:55,556 demo.py:63] epoch 154, train loss: 5959.68, average train loss: 7191.14, base loss: 13042.77
[INFO 2017-07-11 21:11:56,456 demo.py:63] epoch 155, train loss: 5493.72, average train loss: 7158.89, base loss: 13018.74
[INFO 2017-07-11 21:11:57,353 demo.py:63] epoch 156, train loss: 5886.11, average train loss: 7136.36, base loss: 13019.78
[INFO 2017-07-11 21:11:58,250 demo.py:63] epoch 157, train loss: 5787.79, average train loss: 7111.06, base loss: 13012.47
[INFO 2017-07-11 21:11:59,157 demo.py:63] epoch 158, train loss: 6503.70, average train loss: 7089.41, base loss: 13024.86
[INFO 2017-07-11 21:12:00,061 demo.py:63] epoch 159, train loss: 5952.27, average train loss: 7073.09, base loss: 13029.77
[INFO 2017-07-11 21:12:00,966 demo.py:63] epoch 160, train loss: 6175.92, average train loss: 7052.35, base loss: 13045.75
[INFO 2017-07-11 21:12:01,868 demo.py:63] epoch 161, train loss: 5699.78, average train loss: 7035.44, base loss: 13059.70
[INFO 2017-07-11 21:12:02,769 demo.py:63] epoch 162, train loss: 6312.73, average train loss: 7019.66, base loss: 13072.81
[INFO 2017-07-11 21:12:03,669 demo.py:63] epoch 163, train loss: 5779.85, average train loss: 6991.50, base loss: 13062.06
[INFO 2017-07-11 21:12:04,567 demo.py:63] epoch 164, train loss: 6172.11, average train loss: 6975.18, base loss: 13074.80
[INFO 2017-07-11 21:12:05,465 demo.py:63] epoch 165, train loss: 5885.30, average train loss: 6950.22, base loss: 13075.14
[INFO 2017-07-11 21:12:06,363 demo.py:63] epoch 166, train loss: 6258.88, average train loss: 6923.34, base loss: 13066.28
[INFO 2017-07-11 21:12:07,255 demo.py:63] epoch 167, train loss: 6131.00, average train loss: 6899.94, base loss: 13067.40
[INFO 2017-07-11 21:12:08,156 demo.py:63] epoch 168, train loss: 5988.67, average train loss: 6876.60, base loss: 13072.59
[INFO 2017-07-11 21:12:09,056 demo.py:63] epoch 169, train loss: 6156.98, average train loss: 6857.81, base loss: 13076.44
[INFO 2017-07-11 21:12:09,955 demo.py:63] epoch 170, train loss: 5648.04, average train loss: 6832.87, base loss: 13078.55
[INFO 2017-07-11 21:12:10,856 demo.py:63] epoch 171, train loss: 5867.07, average train loss: 6819.62, base loss: 13075.22
[INFO 2017-07-11 21:12:11,755 demo.py:63] epoch 172, train loss: 5678.10, average train loss: 6794.19, base loss: 13062.82
[INFO 2017-07-11 21:12:12,651 demo.py:63] epoch 173, train loss: 5914.83, average train loss: 6772.48, base loss: 13078.32
[INFO 2017-07-11 21:12:13,543 demo.py:63] epoch 174, train loss: 6336.93, average train loss: 6751.65, base loss: 13081.96
[INFO 2017-07-11 21:12:14,436 demo.py:63] epoch 175, train loss: 5510.91, average train loss: 6736.50, base loss: 13093.45
[INFO 2017-07-11 21:12:15,334 demo.py:63] epoch 176, train loss: 5791.59, average train loss: 6714.99, base loss: 13093.25
[INFO 2017-07-11 21:12:16,225 demo.py:63] epoch 177, train loss: 5626.19, average train loss: 6696.79, base loss: 13090.08
[INFO 2017-07-11 21:12:17,122 demo.py:63] epoch 178, train loss: 5107.35, average train loss: 6672.90, base loss: 13086.09
[INFO 2017-07-11 21:12:18,014 demo.py:63] epoch 179, train loss: 5943.23, average train loss: 6656.25, base loss: 13083.46
[INFO 2017-07-11 21:12:18,907 demo.py:63] epoch 180, train loss: 5667.67, average train loss: 6633.00, base loss: 13073.47
[INFO 2017-07-11 21:12:19,805 demo.py:63] epoch 181, train loss: 5708.71, average train loss: 6612.50, base loss: 13074.33
[INFO 2017-07-11 21:12:20,696 demo.py:63] epoch 182, train loss: 5904.85, average train loss: 6592.71, base loss: 13068.10
[INFO 2017-07-11 21:12:21,597 demo.py:63] epoch 183, train loss: 5711.49, average train loss: 6572.31, base loss: 13071.31
[INFO 2017-07-11 21:12:22,494 demo.py:63] epoch 184, train loss: 5519.71, average train loss: 6553.15, base loss: 13063.09
[INFO 2017-07-11 21:12:23,386 demo.py:63] epoch 185, train loss: 5586.76, average train loss: 6527.71, base loss: 13046.43
[INFO 2017-07-11 21:12:24,285 demo.py:63] epoch 186, train loss: 5925.61, average train loss: 6512.01, base loss: 13059.93
[INFO 2017-07-11 21:12:25,185 demo.py:63] epoch 187, train loss: 5488.72, average train loss: 6495.35, base loss: 13073.49
[INFO 2017-07-11 21:12:26,083 demo.py:63] epoch 188, train loss: 5446.07, average train loss: 6475.96, base loss: 13076.34
[INFO 2017-07-11 21:12:26,985 demo.py:63] epoch 189, train loss: 5790.96, average train loss: 6457.34, base loss: 13076.63
[INFO 2017-07-11 21:12:27,882 demo.py:63] epoch 190, train loss: 5466.63, average train loss: 6439.34, base loss: 13083.83
[INFO 2017-07-11 21:12:28,781 demo.py:63] epoch 191, train loss: 5720.35, average train loss: 6422.50, base loss: 13088.43
[INFO 2017-07-11 21:12:29,683 demo.py:63] epoch 192, train loss: 5987.42, average train loss: 6410.14, base loss: 13090.50
[INFO 2017-07-11 21:12:30,586 demo.py:63] epoch 193, train loss: 4940.35, average train loss: 6384.76, base loss: 13086.51
[INFO 2017-07-11 21:12:31,487 demo.py:63] epoch 194, train loss: 5146.19, average train loss: 6368.25, base loss: 13089.67
[INFO 2017-07-11 21:12:32,387 demo.py:63] epoch 195, train loss: 5570.14, average train loss: 6353.03, base loss: 13086.46
[INFO 2017-07-11 21:12:33,290 demo.py:63] epoch 196, train loss: 5252.44, average train loss: 6328.34, base loss: 13069.42
[INFO 2017-07-11 21:12:34,184 demo.py:63] epoch 197, train loss: 5530.32, average train loss: 6312.81, base loss: 13066.39
[INFO 2017-07-11 21:12:35,085 demo.py:63] epoch 198, train loss: 6015.46, average train loss: 6299.71, base loss: 13072.76
[INFO 2017-07-11 21:12:35,984 demo.py:63] epoch 199, train loss: 5339.71, average train loss: 6282.06, base loss: 13072.33
[INFO 2017-07-11 21:12:35,984 demo.py:65] epoch 199, testing
[INFO 2017-07-11 21:12:40,852 demo.py:99] average test loss: 5384.64, base loss: 12721.71
[INFO 2017-07-11 21:12:40,852 demo.py:100] improve_loss: 7337.06, improve_percent: 0.58
[INFO 2017-07-11 21:12:40,852 demo.py:102] average test endpoint error: 0.04
[INFO 2017-07-11 21:12:40,856 base_demo.py:87] model save to ./model.pth
[INFO 2017-07-11 21:12:40,864 base_demo.py:91] current best improved percent: 0.58
[INFO 2017-07-11 21:12:41,829 demo.py:63] epoch 200, train loss: 5606.05, average train loss: 6256.58, base loss: 13071.59
[INFO 2017-07-11 21:12:42,794 demo.py:63] epoch 201, train loss: 5420.76, average train loss: 6236.51, base loss: 13072.22
[INFO 2017-07-11 21:12:43,766 demo.py:63] epoch 202, train loss: 5329.97, average train loss: 6215.93, base loss: 13062.85
[INFO 2017-07-11 21:12:44,672 demo.py:63] epoch 203, train loss: 5234.05, average train loss: 6192.07, base loss: 13051.65
[INFO 2017-07-11 21:12:45,589 demo.py:63] epoch 204, train loss: 5490.80, average train loss: 6171.53, base loss: 13047.22
[INFO 2017-07-11 21:12:46,488 demo.py:63] epoch 205, train loss: 5397.83, average train loss: 6153.46, base loss: 13035.60
[INFO 2017-07-11 21:12:47,389 demo.py:63] epoch 206, train loss: 5274.82, average train loss: 6136.12, base loss: 13032.91
[INFO 2017-07-11 21:12:48,290 demo.py:63] epoch 207, train loss: 5845.90, average train loss: 6125.38, base loss: 13053.11
[INFO 2017-07-11 21:12:49,191 demo.py:63] epoch 208, train loss: 5705.32, average train loss: 6111.77, base loss: 13052.01
[INFO 2017-07-11 21:12:50,095 demo.py:63] epoch 209, train loss: 5668.99, average train loss: 6100.42, base loss: 13056.38
[INFO 2017-07-11 21:12:50,995 demo.py:63] epoch 210, train loss: 5075.62, average train loss: 6075.75, base loss: 13036.70
[INFO 2017-07-11 21:12:51,901 demo.py:63] epoch 211, train loss: 5167.97, average train loss: 6053.15, base loss: 13041.90
[INFO 2017-07-11 21:12:52,802 demo.py:63] epoch 212, train loss: 5665.59, average train loss: 6040.62, base loss: 13050.96
[INFO 2017-07-11 21:12:53,711 demo.py:63] epoch 213, train loss: 5462.09, average train loss: 6029.66, base loss: 13052.98
[INFO 2017-07-11 21:12:54,609 demo.py:63] epoch 214, train loss: 4975.38, average train loss: 6010.98, base loss: 13044.62
[INFO 2017-07-11 21:12:55,509 demo.py:63] epoch 215, train loss: 4961.95, average train loss: 5993.75, base loss: 13049.17
[INFO 2017-07-11 21:12:56,410 demo.py:63] epoch 216, train loss: 5022.71, average train loss: 5967.88, base loss: 13033.57
[INFO 2017-07-11 21:12:57,315 demo.py:63] epoch 217, train loss: 5560.32, average train loss: 5955.09, base loss: 13043.23
[INFO 2017-07-11 21:12:58,215 demo.py:63] epoch 218, train loss: 4937.59, average train loss: 5936.46, base loss: 13046.06
[INFO 2017-07-11 21:12:59,117 demo.py:63] epoch 219, train loss: 5038.51, average train loss: 5915.46, base loss: 13035.16
[INFO 2017-07-11 21:13:00,022 demo.py:63] epoch 220, train loss: 5080.78, average train loss: 5899.68, base loss: 13027.46
[INFO 2017-07-11 21:13:00,921 demo.py:63] epoch 221, train loss: 4775.35, average train loss: 5879.34, base loss: 13010.18
[INFO 2017-07-11 21:13:01,822 demo.py:63] epoch 222, train loss: 5424.41, average train loss: 5867.54, base loss: 13032.77
[INFO 2017-07-11 21:13:02,722 demo.py:63] epoch 223, train loss: 4708.05, average train loss: 5843.56, base loss: 13026.77
[INFO 2017-07-11 21:13:03,622 demo.py:63] epoch 224, train loss: 4855.13, average train loss: 5824.11, base loss: 13010.72
[INFO 2017-07-11 21:13:04,526 demo.py:63] epoch 225, train loss: 5376.84, average train loss: 5810.50, base loss: 13016.41
[INFO 2017-07-11 21:13:05,428 demo.py:63] epoch 226, train loss: 5186.22, average train loss: 5792.57, base loss: 13013.73
[INFO 2017-07-11 21:13:06,334 demo.py:63] epoch 227, train loss: 4895.21, average train loss: 5769.91, base loss: 13000.30
[INFO 2017-07-11 21:13:07,241 demo.py:63] epoch 228, train loss: 4896.29, average train loss: 5752.19, base loss: 12993.86
[INFO 2017-07-11 21:13:08,146 demo.py:63] epoch 229, train loss: 4814.65, average train loss: 5733.99, base loss: 12992.02
[INFO 2017-07-11 21:13:09,051 demo.py:63] epoch 230, train loss: 5509.88, average train loss: 5722.87, base loss: 13004.80
[INFO 2017-07-11 21:13:09,954 demo.py:63] epoch 231, train loss: 5085.52, average train loss: 5711.98, base loss: 13017.18
[INFO 2017-07-11 21:13:10,860 demo.py:63] epoch 232, train loss: 4843.31, average train loss: 5691.16, base loss: 13008.05
[INFO 2017-07-11 21:13:11,760 demo.py:63] epoch 233, train loss: 5213.08, average train loss: 5681.65, base loss: 13025.90
[INFO 2017-07-11 21:13:12,672 demo.py:63] epoch 234, train loss: 4907.63, average train loss: 5663.95, base loss: 13011.52
[INFO 2017-07-11 21:13:13,573 demo.py:63] epoch 235, train loss: 5129.90, average train loss: 5649.95, base loss: 13018.35
[INFO 2017-07-11 21:13:14,475 demo.py:63] epoch 236, train loss: 4832.88, average train loss: 5633.31, base loss: 13012.15
[INFO 2017-07-11 21:13:15,380 demo.py:63] epoch 237, train loss: 5053.46, average train loss: 5620.67, base loss: 13021.65
[INFO 2017-07-11 21:13:16,281 demo.py:63] epoch 238, train loss: 5341.25, average train loss: 5609.30, base loss: 13028.87
[INFO 2017-07-11 21:13:17,180 demo.py:63] epoch 239, train loss: 4849.42, average train loss: 5597.45, base loss: 13029.41
[INFO 2017-07-11 21:13:18,082 demo.py:63] epoch 240, train loss: 4922.33, average train loss: 5581.74, base loss: 13021.72
[INFO 2017-07-11 21:13:18,988 demo.py:63] epoch 241, train loss: 4796.42, average train loss: 5564.25, base loss: 13025.83
[INFO 2017-07-11 21:13:19,893 demo.py:63] epoch 242, train loss: 4745.47, average train loss: 5549.26, base loss: 13022.54
[INFO 2017-07-11 21:13:20,799 demo.py:63] epoch 243, train loss: 4423.65, average train loss: 5532.08, base loss: 13022.78
[INFO 2017-07-11 21:13:21,700 demo.py:63] epoch 244, train loss: 5118.90, average train loss: 5523.76, base loss: 13039.04
[INFO 2017-07-11 21:13:22,607 demo.py:63] epoch 245, train loss: 4761.95, average train loss: 5512.72, base loss: 13053.18
[INFO 2017-07-11 21:13:23,511 demo.py:63] epoch 246, train loss: 4711.48, average train loss: 5493.02, base loss: 13043.37
[INFO 2017-07-11 21:13:24,414 demo.py:63] epoch 247, train loss: 4786.63, average train loss: 5484.72, base loss: 13045.31
[INFO 2017-07-11 21:13:25,317 demo.py:63] epoch 248, train loss: 4570.10, average train loss: 5466.35, base loss: 13034.78
[INFO 2017-07-11 21:13:26,222 demo.py:63] epoch 249, train loss: 4836.61, average train loss: 5452.02, base loss: 13028.97
[INFO 2017-07-11 21:13:27,128 demo.py:63] epoch 250, train loss: 5029.08, average train loss: 5439.42, base loss: 13036.49
[INFO 2017-07-11 21:13:28,033 demo.py:63] epoch 251, train loss: 4693.26, average train loss: 5431.54, base loss: 13045.58
[INFO 2017-07-11 21:13:28,934 demo.py:63] epoch 252, train loss: 5380.11, average train loss: 5418.64, base loss: 13064.37
[INFO 2017-07-11 21:13:29,839 demo.py:63] epoch 253, train loss: 4664.40, average train loss: 5403.50, base loss: 13050.85
[INFO 2017-07-11 21:13:30,742 demo.py:63] epoch 254, train loss: 4936.48, average train loss: 5393.27, base loss: 13052.70
[INFO 2017-07-11 21:13:31,647 demo.py:63] epoch 255, train loss: 4657.76, average train loss: 5384.91, base loss: 13075.08
[INFO 2017-07-11 21:13:32,547 demo.py:63] epoch 256, train loss: 4465.09, average train loss: 5370.70, base loss: 13078.04
[INFO 2017-07-11 21:13:33,451 demo.py:63] epoch 257, train loss: 4842.56, average train loss: 5361.25, base loss: 13079.92
[INFO 2017-07-11 21:13:34,361 demo.py:63] epoch 258, train loss: 4413.88, average train loss: 5340.35, base loss: 13052.84
[INFO 2017-07-11 21:13:35,260 demo.py:63] epoch 259, train loss: 5093.20, average train loss: 5331.76, base loss: 13062.19
[INFO 2017-07-11 21:13:36,160 demo.py:63] epoch 260, train loss: 4541.84, average train loss: 5315.42, base loss: 13039.42
[INFO 2017-07-11 21:13:37,067 demo.py:63] epoch 261, train loss: 4643.96, average train loss: 5304.86, base loss: 13051.81
[INFO 2017-07-11 21:13:37,973 demo.py:63] epoch 262, train loss: 4454.91, average train loss: 5286.28, base loss: 13037.09
[INFO 2017-07-11 21:13:38,877 demo.py:63] epoch 263, train loss: 4450.97, average train loss: 5272.99, base loss: 13037.97
[INFO 2017-07-11 21:13:39,783 demo.py:63] epoch 264, train loss: 5144.29, average train loss: 5262.71, base loss: 13040.34
[INFO 2017-07-11 21:13:40,690 demo.py:63] epoch 265, train loss: 4962.16, average train loss: 5253.48, base loss: 13048.22
[INFO 2017-07-11 21:13:41,597 demo.py:63] epoch 266, train loss: 4842.90, average train loss: 5239.32, base loss: 13048.39
[INFO 2017-07-11 21:13:42,502 demo.py:63] epoch 267, train loss: 5037.72, average train loss: 5228.39, base loss: 13058.56
[INFO 2017-07-11 21:13:43,405 demo.py:63] epoch 268, train loss: 4771.26, average train loss: 5216.22, base loss: 13059.04
[INFO 2017-07-11 21:13:44,312 demo.py:63] epoch 269, train loss: 4882.16, average train loss: 5203.47, base loss: 13066.58
[INFO 2017-07-11 21:13:45,218 demo.py:63] epoch 270, train loss: 4695.51, average train loss: 5193.94, base loss: 13065.77
[INFO 2017-07-11 21:13:46,120 demo.py:63] epoch 271, train loss: 4649.72, average train loss: 5181.77, base loss: 13066.09
[INFO 2017-07-11 21:13:47,026 demo.py:63] epoch 272, train loss: 4732.57, average train loss: 5172.31, base loss: 13075.50
[INFO 2017-07-11 21:13:47,931 demo.py:63] epoch 273, train loss: 4744.22, average train loss: 5160.61, base loss: 13071.27
[INFO 2017-07-11 21:13:48,835 demo.py:63] epoch 274, train loss: 4789.67, average train loss: 5145.14, base loss: 13062.62
[INFO 2017-07-11 21:13:49,736 demo.py:63] epoch 275, train loss: 4627.27, average train loss: 5136.30, base loss: 13060.08
[INFO 2017-07-11 21:13:50,637 demo.py:63] epoch 276, train loss: 4302.93, average train loss: 5121.41, base loss: 13051.30
[INFO 2017-07-11 21:13:51,541 demo.py:63] epoch 277, train loss: 4876.70, average train loss: 5113.92, base loss: 13060.53
[INFO 2017-07-11 21:13:52,447 demo.py:63] epoch 278, train loss: 4664.43, average train loss: 5109.49, base loss: 13073.43
[INFO 2017-07-11 21:13:53,350 demo.py:63] epoch 279, train loss: 4458.99, average train loss: 5094.65, base loss: 13069.85
[INFO 2017-07-11 21:13:54,249 demo.py:63] epoch 280, train loss: 4766.42, average train loss: 5085.63, base loss: 13074.97
[INFO 2017-07-11 21:13:55,155 demo.py:63] epoch 281, train loss: 4453.34, average train loss: 5073.08, base loss: 13073.00
[INFO 2017-07-11 21:13:56,061 demo.py:63] epoch 282, train loss: 4730.69, average train loss: 5061.34, base loss: 13081.22
[INFO 2017-07-11 21:13:56,962 demo.py:63] epoch 283, train loss: 4339.35, average train loss: 5047.62, base loss: 13074.04
[INFO 2017-07-11 21:13:57,862 demo.py:63] epoch 284, train loss: 4729.00, average train loss: 5039.71, base loss: 13085.10
[INFO 2017-07-11 21:13:58,763 demo.py:63] epoch 285, train loss: 4965.86, average train loss: 5033.50, base loss: 13096.61
[INFO 2017-07-11 21:13:59,668 demo.py:63] epoch 286, train loss: 4698.87, average train loss: 5021.23, base loss: 13087.63
[INFO 2017-07-11 21:14:00,572 demo.py:63] epoch 287, train loss: 4467.06, average train loss: 5011.02, base loss: 13079.83
[INFO 2017-07-11 21:14:01,481 demo.py:63] epoch 288, train loss: 4482.12, average train loss: 5001.38, base loss: 13076.70
[INFO 2017-07-11 21:14:02,385 demo.py:63] epoch 289, train loss: 4613.90, average train loss: 4989.61, base loss: 13079.71
[INFO 2017-07-11 21:14:03,292 demo.py:63] epoch 290, train loss: 4521.29, average train loss: 4980.15, base loss: 13066.28
[INFO 2017-07-11 21:14:04,193 demo.py:63] epoch 291, train loss: 4401.58, average train loss: 4966.97, base loss: 13056.87
[INFO 2017-07-11 21:14:05,100 demo.py:63] epoch 292, train loss: 5080.69, average train loss: 4957.90, base loss: 13063.44
[INFO 2017-07-11 21:14:06,001 demo.py:63] epoch 293, train loss: 4449.87, average train loss: 4952.99, base loss: 13066.35
[INFO 2017-07-11 21:14:06,899 demo.py:63] epoch 294, train loss: 4496.86, average train loss: 4946.50, base loss: 13076.37
[INFO 2017-07-11 21:14:07,804 demo.py:63] epoch 295, train loss: 4713.95, average train loss: 4937.94, base loss: 13086.19
[INFO 2017-07-11 21:14:08,712 demo.py:63] epoch 296, train loss: 4243.30, average train loss: 4927.85, base loss: 13090.57
[INFO 2017-07-11 21:14:09,615 demo.py:63] epoch 297, train loss: 4671.56, average train loss: 4919.26, base loss: 13099.84
[INFO 2017-07-11 21:14:10,517 demo.py:63] epoch 298, train loss: 4624.43, average train loss: 4905.35, base loss: 13092.80
[INFO 2017-07-11 21:14:11,417 demo.py:63] epoch 299, train loss: 4684.46, average train loss: 4898.80, base loss: 13099.73
[INFO 2017-07-11 21:14:11,417 demo.py:65] epoch 299, testing
[INFO 2017-07-11 21:14:16,306 demo.py:99] average test loss: 4494.98, base loss: 12890.40
[INFO 2017-07-11 21:14:16,306 demo.py:100] improve_loss: 8395.42, improve_percent: 0.65
[INFO 2017-07-11 21:14:16,306 demo.py:102] average test endpoint error: 0.03
[INFO 2017-07-11 21:14:16,311 base_demo.py:87] model save to ./model.pth
[INFO 2017-07-11 21:14:16,320 base_demo.py:91] current best improved percent: 0.65
[INFO 2017-07-11 21:14:17,266 demo.py:63] epoch 300, train loss: 4158.22, average train loss: 4884.32, base loss: 13086.03
[INFO 2017-07-11 21:14:18,166 demo.py:63] epoch 301, train loss: 4602.86, average train loss: 4876.14, base loss: 13077.41
[INFO 2017-07-11 21:14:19,059 demo.py:63] epoch 302, train loss: 4261.30, average train loss: 4865.45, base loss: 13073.16
[INFO 2017-07-11 21:14:19,959 demo.py:63] epoch 303, train loss: 4638.55, average train loss: 4859.50, base loss: 13079.77
[INFO 2017-07-11 21:14:20,864 demo.py:63] epoch 304, train loss: 4738.84, average train loss: 4851.98, base loss: 13074.45
[INFO 2017-07-11 21:14:21,766 demo.py:63] epoch 305, train loss: 4916.43, average train loss: 4847.16, base loss: 13082.53
[INFO 2017-07-11 21:14:22,668 demo.py:63] epoch 306, train loss: 4213.45, average train loss: 4836.55, base loss: 13091.00
[INFO 2017-07-11 21:14:23,570 demo.py:63] epoch 307, train loss: 4337.32, average train loss: 4821.46, base loss: 13072.05
[INFO 2017-07-11 21:14:24,469 demo.py:63] epoch 308, train loss: 4340.98, average train loss: 4807.82, base loss: 13062.38
[INFO 2017-07-11 21:14:25,376 demo.py:63] epoch 309, train loss: 4230.15, average train loss: 4793.43, base loss: 13070.10
[INFO 2017-07-11 21:14:26,277 demo.py:63] epoch 310, train loss: 4892.20, average train loss: 4791.60, base loss: 13089.20
[INFO 2017-07-11 21:14:27,179 demo.py:63] epoch 311, train loss: 4468.94, average train loss: 4784.61, base loss: 13083.41
[INFO 2017-07-11 21:14:28,080 demo.py:63] epoch 312, train loss: 4609.79, average train loss: 4774.05, base loss: 13084.49
[INFO 2017-07-11 21:14:28,988 demo.py:63] epoch 313, train loss: 5001.01, average train loss: 4769.44, base loss: 13100.71
[INFO 2017-07-11 21:14:29,894 demo.py:63] epoch 314, train loss: 4673.40, average train loss: 4766.42, base loss: 13116.03
[INFO 2017-07-11 21:14:30,796 demo.py:63] epoch 315, train loss: 4151.10, average train loss: 4758.31, base loss: 13103.87
[INFO 2017-07-11 21:14:31,702 demo.py:63] epoch 316, train loss: 4175.42, average train loss: 4749.84, base loss: 13106.69
[INFO 2017-07-11 21:14:32,607 demo.py:63] epoch 317, train loss: 4844.05, average train loss: 4742.67, base loss: 13093.49
[INFO 2017-07-11 21:14:33,514 demo.py:63] epoch 318, train loss: 4856.52, average train loss: 4741.86, base loss: 13106.33
[INFO 2017-07-11 21:14:34,422 demo.py:63] epoch 319, train loss: 4104.29, average train loss: 4732.52, base loss: 13107.56
[INFO 2017-07-11 21:14:35,325 demo.py:63] epoch 320, train loss: 4681.30, average train loss: 4728.53, base loss: 13109.88
[INFO 2017-07-11 21:14:36,231 demo.py:63] epoch 321, train loss: 4571.19, average train loss: 4726.49, base loss: 13130.55
[INFO 2017-07-11 21:14:37,134 demo.py:63] epoch 322, train loss: 4316.68, average train loss: 4715.41, base loss: 13123.98
[INFO 2017-07-11 21:14:38,038 demo.py:63] epoch 323, train loss: 4581.53, average train loss: 4714.14, base loss: 13139.01
[INFO 2017-07-11 21:14:38,945 demo.py:63] epoch 324, train loss: 4354.38, average train loss: 4709.14, base loss: 13155.57
[INFO 2017-07-11 21:14:39,852 demo.py:63] epoch 325, train loss: 4136.90, average train loss: 4696.74, base loss: 13142.61
[INFO 2017-07-11 21:14:40,758 demo.py:63] epoch 326, train loss: 4801.23, average train loss: 4692.89, base loss: 13160.80
[INFO 2017-07-11 21:14:41,659 demo.py:63] epoch 327, train loss: 4055.45, average train loss: 4684.49, base loss: 13160.99
[INFO 2017-07-11 21:14:42,559 demo.py:63] epoch 328, train loss: 4478.97, average train loss: 4680.32, base loss: 13166.29
[INFO 2017-07-11 21:14:43,465 demo.py:63] epoch 329, train loss: 4553.77, average train loss: 4677.71, base loss: 13178.42
[INFO 2017-07-11 21:14:44,375 demo.py:63] epoch 330, train loss: 4443.24, average train loss: 4667.04, base loss: 13177.75
[INFO 2017-07-11 21:14:45,280 demo.py:63] epoch 331, train loss: 4587.90, average train loss: 4662.06, base loss: 13188.16
[INFO 2017-07-11 21:14:46,187 demo.py:63] epoch 332, train loss: 4158.02, average train loss: 4655.21, base loss: 13185.88
[INFO 2017-07-11 21:14:47,094 demo.py:63] epoch 333, train loss: 4410.09, average train loss: 4647.18, base loss: 13180.45
[INFO 2017-07-11 21:14:47,996 demo.py:63] epoch 334, train loss: 4222.16, average train loss: 4640.33, base loss: 13178.46
[INFO 2017-07-11 21:14:48,902 demo.py:63] epoch 335, train loss: 4248.56, average train loss: 4631.51, base loss: 13174.41
[INFO 2017-07-11 21:14:49,801 demo.py:63] epoch 336, train loss: 4527.38, average train loss: 4628.46, base loss: 13188.20
[INFO 2017-07-11 21:14:50,702 demo.py:63] epoch 337, train loss: 4082.23, average train loss: 4618.75, base loss: 13182.85
[INFO 2017-07-11 21:14:51,613 demo.py:63] epoch 338, train loss: 4732.46, average train loss: 4612.66, base loss: 13179.99
[INFO 2017-07-11 21:14:52,514 demo.py:63] epoch 339, train loss: 4406.42, average train loss: 4608.23, base loss: 13185.27
[INFO 2017-07-11 21:14:53,417 demo.py:63] epoch 340, train loss: 4122.56, average train loss: 4600.23, base loss: 13182.65
[INFO 2017-07-11 21:14:54,324 demo.py:63] epoch 341, train loss: 4232.93, average train loss: 4594.60, base loss: 13172.08
[INFO 2017-07-11 21:14:55,225 demo.py:63] epoch 342, train loss: 4331.00, average train loss: 4590.45, base loss: 13175.20
[INFO 2017-07-11 21:14:56,130 demo.py:63] epoch 343, train loss: 4377.38, average train loss: 4589.99, base loss: 13182.94
[INFO 2017-07-11 21:14:57,030 demo.py:63] epoch 344, train loss: 4764.51, average train loss: 4586.44, base loss: 13182.82
[INFO 2017-07-11 21:14:57,925 demo.py:63] epoch 345, train loss: 4217.09, average train loss: 4581.00, base loss: 13176.20
[INFO 2017-07-11 21:14:58,822 demo.py:63] epoch 346, train loss: 4457.37, average train loss: 4578.45, base loss: 13183.76
[INFO 2017-07-11 21:14:59,722 demo.py:63] epoch 347, train loss: 4002.76, average train loss: 4570.62, base loss: 13188.46
[INFO 2017-07-11 21:15:00,616 demo.py:63] epoch 348, train loss: 3981.39, average train loss: 4564.73, base loss: 13185.90
[INFO 2017-07-11 21:15:01,509 demo.py:63] epoch 349, train loss: 4429.68, average train loss: 4560.66, base loss: 13194.19
[INFO 2017-07-11 21:15:02,405 demo.py:63] epoch 350, train loss: 4190.91, average train loss: 4552.28, base loss: 13192.41
[INFO 2017-07-11 21:15:03,298 demo.py:63] epoch 351, train loss: 3744.45, average train loss: 4542.79, base loss: 13186.59
[INFO 2017-07-11 21:15:04,193 demo.py:63] epoch 352, train loss: 3975.98, average train loss: 4528.75, base loss: 13153.84
[INFO 2017-07-11 21:15:05,092 demo.py:63] epoch 353, train loss: 4211.26, average train loss: 4524.22, base loss: 13164.17
[INFO 2017-07-11 21:15:05,984 demo.py:63] epoch 354, train loss: 3816.18, average train loss: 4513.01, base loss: 13152.15
[INFO 2017-07-11 21:15:06,881 demo.py:63] epoch 355, train loss: 4252.70, average train loss: 4508.96, base loss: 13148.01
[INFO 2017-07-11 21:15:07,772 demo.py:63] epoch 356, train loss: 3888.83, average train loss: 4503.20, base loss: 13137.40
[INFO 2017-07-11 21:15:08,661 demo.py:63] epoch 357, train loss: 3973.61, average train loss: 4494.51, base loss: 13135.41
[INFO 2017-07-11 21:15:09,552 demo.py:63] epoch 358, train loss: 4393.92, average train loss: 4494.31, base loss: 13159.09
[INFO 2017-07-11 21:15:10,444 demo.py:63] epoch 359, train loss: 3905.76, average train loss: 4482.44, base loss: 13146.48
[INFO 2017-07-11 21:15:11,337 demo.py:63] epoch 360, train loss: 3637.62, average train loss: 4473.39, base loss: 13140.22
[INFO 2017-07-11 21:15:12,228 demo.py:63] epoch 361, train loss: 4046.72, average train loss: 4467.42, base loss: 13128.34
[INFO 2017-07-11 21:15:13,128 demo.py:63] epoch 362, train loss: 3770.50, average train loss: 4460.58, base loss: 13129.38
[INFO 2017-07-11 21:15:14,024 demo.py:63] epoch 363, train loss: 3852.38, average train loss: 4454.59, base loss: 13127.45
[INFO 2017-07-11 21:15:14,951 demo.py:63] epoch 364, train loss: 4227.44, average train loss: 4445.42, base loss: 13116.79
[INFO 2017-07-11 21:15:15,905 demo.py:63] epoch 365, train loss: 4323.83, average train loss: 4439.04, base loss: 13110.16
[INFO 2017-07-11 21:15:16,806 demo.py:63] epoch 366, train loss: 4183.78, average train loss: 4432.45, base loss: 13104.87
[INFO 2017-07-11 21:15:17,711 demo.py:63] epoch 367, train loss: 3726.69, average train loss: 4419.34, base loss: 13086.48
[INFO 2017-07-11 21:15:18,612 demo.py:63] epoch 368, train loss: 4049.79, average train loss: 4412.12, base loss: 13078.33
[INFO 2017-07-11 21:15:19,514 demo.py:63] epoch 369, train loss: 4345.89, average train loss: 4406.76, base loss: 13071.28
[INFO 2017-07-11 21:15:20,407 demo.py:63] epoch 370, train loss: 4587.36, average train loss: 4405.68, base loss: 13087.26
[INFO 2017-07-11 21:15:21,321 demo.py:63] epoch 371, train loss: 4241.26, average train loss: 4401.60, base loss: 13110.29
[INFO 2017-07-11 21:15:22,234 demo.py:63] epoch 372, train loss: 3665.90, average train loss: 4390.93, base loss: 13096.36
[INFO 2017-07-11 21:15:23,132 demo.py:63] epoch 373, train loss: 3877.00, average train loss: 4382.26, base loss: 13080.44
[INFO 2017-07-11 21:15:24,034 demo.py:63] epoch 374, train loss: 3931.75, average train loss: 4373.68, base loss: 13077.05
[INFO 2017-07-11 21:15:24,929 demo.py:63] epoch 375, train loss: 4160.54, average train loss: 4369.01, base loss: 13084.33
[INFO 2017-07-11 21:15:25,826 demo.py:63] epoch 376, train loss: 4163.36, average train loss: 4367.61, base loss: 13088.93
[INFO 2017-07-11 21:15:26,733 demo.py:63] epoch 377, train loss: 3925.91, average train loss: 4358.11, base loss: 13084.05
[INFO 2017-07-11 21:15:27,641 demo.py:63] epoch 378, train loss: 3745.76, average train loss: 4348.92, base loss: 13078.10
[INFO 2017-07-11 21:15:28,539 demo.py:63] epoch 379, train loss: 4228.36, average train loss: 4346.61, base loss: 13088.35
[INFO 2017-07-11 21:15:29,434 demo.py:63] epoch 380, train loss: 4075.48, average train loss: 4339.70, base loss: 13083.91
[INFO 2017-07-11 21:15:30,353 demo.py:63] epoch 381, train loss: 3850.50, average train loss: 4333.68, base loss: 13083.94
[INFO 2017-07-11 21:15:31,261 demo.py:63] epoch 382, train loss: 3922.72, average train loss: 4325.60, base loss: 13067.50
[INFO 2017-07-11 21:15:32,175 demo.py:63] epoch 383, train loss: 3917.43, average train loss: 4321.38, base loss: 13070.50
[INFO 2017-07-11 21:15:33,083 demo.py:63] epoch 384, train loss: 4122.36, average train loss: 4315.31, base loss: 13067.10
[INFO 2017-07-11 21:15:33,982 demo.py:63] epoch 385, train loss: 3914.16, average train loss: 4304.79, base loss: 13062.78
[INFO 2017-07-11 21:15:34,894 demo.py:63] epoch 386, train loss: 4279.63, average train loss: 4300.60, base loss: 13074.87
[INFO 2017-07-11 21:15:35,793 demo.py:63] epoch 387, train loss: 4115.91, average train loss: 4297.09, base loss: 13078.77
[INFO 2017-07-11 21:15:36,696 demo.py:63] epoch 388, train loss: 3969.81, average train loss: 4291.97, base loss: 13081.02
[INFO 2017-07-11 21:15:37,618 demo.py:63] epoch 389, train loss: 3874.26, average train loss: 4284.57, base loss: 13071.61
[INFO 2017-07-11 21:15:38,535 demo.py:63] epoch 390, train loss: 3969.52, average train loss: 4279.05, base loss: 13079.39
[INFO 2017-07-11 21:15:39,455 demo.py:63] epoch 391, train loss: 3591.69, average train loss: 4270.95, base loss: 13081.18
[INFO 2017-07-11 21:15:40,371 demo.py:63] epoch 392, train loss: 4025.99, average train loss: 4260.41, base loss: 13075.73
[INFO 2017-07-11 21:15:41,295 demo.py:63] epoch 393, train loss: 3654.47, average train loss: 4252.45, base loss: 13063.53
[INFO 2017-07-11 21:15:42,240 demo.py:63] epoch 394, train loss: 4279.37, average train loss: 4250.28, base loss: 13075.81
[INFO 2017-07-11 21:15:43,145 demo.py:63] epoch 395, train loss: 3899.92, average train loss: 4242.14, base loss: 13073.11
[INFO 2017-07-11 21:15:44,048 demo.py:63] epoch 396, train loss: 4007.89, average train loss: 4239.78, base loss: 13089.73
[INFO 2017-07-11 21:15:44,968 demo.py:63] epoch 397, train loss: 4041.17, average train loss: 4233.48, base loss: 13089.96
[INFO 2017-07-11 21:15:45,888 demo.py:63] epoch 398, train loss: 3749.92, average train loss: 4224.73, base loss: 13087.09
[INFO 2017-07-11 21:15:46,810 demo.py:63] epoch 399, train loss: 3572.33, average train loss: 4213.61, base loss: 13077.62
[INFO 2017-07-11 21:15:46,810 demo.py:65] epoch 399, testing
[INFO 2017-07-11 21:15:51,782 demo.py:99] average test loss: 3959.63, base loss: 13377.17
[INFO 2017-07-11 21:15:51,782 demo.py:100] improve_loss: 9417.54, improve_percent: 0.70
[INFO 2017-07-11 21:15:51,782 demo.py:102] average test endpoint error: 0.03
[INFO 2017-07-11 21:15:51,784 base_demo.py:87] model save to ./model.pth
[INFO 2017-07-11 21:15:51,793 base_demo.py:91] current best improved percent: 0.70
[INFO 2017-07-11 21:15:52,730 demo.py:63] epoch 400, train loss: 4054.29, average train loss: 4212.57, base loss: 13092.97
[INFO 2017-07-11 21:15:53,627 demo.py:63] epoch 401, train loss: 3837.91, average train loss: 4204.92, base loss: 13097.54
[INFO 2017-07-11 21:15:54,529 demo.py:63] epoch 402, train loss: 4285.49, average train loss: 4205.17, base loss: 13123.53
[INFO 2017-07-11 21:15:55,429 demo.py:63] epoch 403, train loss: 4035.08, average train loss: 4199.13, base loss: 13130.35
[INFO 2017-07-11 21:15:56,334 demo.py:63] epoch 404, train loss: 4064.86, average train loss: 4192.39, base loss: 13134.28
[INFO 2017-07-11 21:15:57,239 demo.py:63] epoch 405, train loss: 3956.72, average train loss: 4182.79, base loss: 13134.60
[INFO 2017-07-11 21:15:58,140 demo.py:63] epoch 406, train loss: 3885.48, average train loss: 4179.51, base loss: 13138.35
[INFO 2017-07-11 21:15:59,062 demo.py:63] epoch 407, train loss: 3449.39, average train loss: 4170.64, base loss: 13137.71
[INFO 2017-07-11 21:15:59,965 demo.py:63] epoch 408, train loss: 4149.28, average train loss: 4168.72, base loss: 13155.14
[INFO 2017-07-11 21:16:00,870 demo.py:63] epoch 409, train loss: 3814.51, average train loss: 4164.56, base loss: 13157.54
[INFO 2017-07-11 21:16:01,770 demo.py:63] epoch 410, train loss: 3757.13, average train loss: 4153.21, base loss: 13149.77
[INFO 2017-07-11 21:16:02,675 demo.py:63] epoch 411, train loss: 3802.52, average train loss: 4146.55, base loss: 13150.75
[INFO 2017-07-11 21:16:03,576 demo.py:63] epoch 412, train loss: 3498.73, average train loss: 4135.44, base loss: 13135.41
[INFO 2017-07-11 21:16:04,481 demo.py:63] epoch 413, train loss: 3610.71, average train loss: 4121.53, base loss: 13116.01
[INFO 2017-07-11 21:16:05,386 demo.py:63] epoch 414, train loss: 3838.66, average train loss: 4113.19, base loss: 13115.13
[INFO 2017-07-11 21:16:06,301 demo.py:63] epoch 415, train loss: 3762.98, average train loss: 4109.30, base loss: 13133.73
[INFO 2017-07-11 21:16:07,203 demo.py:63] epoch 416, train loss: 3723.52, average train loss: 4104.79, base loss: 13137.13
[INFO 2017-07-11 21:16:08,107 demo.py:63] epoch 417, train loss: 3571.66, average train loss: 4092.06, base loss: 13142.35
[INFO 2017-07-11 21:16:09,011 demo.py:63] epoch 418, train loss: 3984.34, average train loss: 4083.34, base loss: 13137.95
[INFO 2017-07-11 21:16:09,910 demo.py:63] epoch 419, train loss: 3339.17, average train loss: 4075.69, base loss: 13119.56
[INFO 2017-07-11 21:16:10,811 demo.py:63] epoch 420, train loss: 3790.08, average train loss: 4066.78, base loss: 13122.94
[INFO 2017-07-11 21:16:11,714 demo.py:63] epoch 421, train loss: 4134.68, average train loss: 4062.41, base loss: 13127.18
[INFO 2017-07-11 21:16:12,617 demo.py:63] epoch 422, train loss: 3592.45, average train loss: 4055.17, base loss: 13118.61
[INFO 2017-07-11 21:16:13,529 demo.py:63] epoch 423, train loss: 3601.20, average train loss: 4045.37, base loss: 13102.79
[INFO 2017-07-11 21:16:14,430 demo.py:63] epoch 424, train loss: 3935.60, average train loss: 4041.18, base loss: 13097.27
[INFO 2017-07-11 21:16:15,330 demo.py:63] epoch 425, train loss: 3655.56, average train loss: 4036.36, base loss: 13105.58
[INFO 2017-07-11 21:16:16,230 demo.py:63] epoch 426, train loss: 3676.63, average train loss: 4025.12, base loss: 13086.58
[INFO 2017-07-11 21:16:17,134 demo.py:63] epoch 427, train loss: 4005.48, average train loss: 4024.62, base loss: 13093.82
[INFO 2017-07-11 21:16:18,040 demo.py:63] epoch 428, train loss: 3999.90, average train loss: 4019.83, base loss: 13098.53
[INFO 2017-07-11 21:16:18,938 demo.py:63] epoch 429, train loss: 3854.60, average train loss: 4012.84, base loss: 13092.37
[INFO 2017-07-11 21:16:19,838 demo.py:63] epoch 430, train loss: 3666.77, average train loss: 4005.07, base loss: 13085.54
[INFO 2017-07-11 21:16:20,739 demo.py:63] epoch 431, train loss: 3833.93, average train loss: 3997.53, base loss: 13068.53
[INFO 2017-07-11 21:16:21,637 demo.py:63] epoch 432, train loss: 3795.77, average train loss: 3993.91, base loss: 13077.33
[INFO 2017-07-11 21:16:22,537 demo.py:63] epoch 433, train loss: 3663.71, average train loss: 3986.45, base loss: 13073.48
[INFO 2017-07-11 21:16:23,436 demo.py:63] epoch 434, train loss: 4036.79, average train loss: 3984.59, base loss: 13089.60
[INFO 2017-07-11 21:16:24,339 demo.py:63] epoch 435, train loss: 3908.99, average train loss: 3981.20, base loss: 13085.64
[INFO 2017-07-11 21:16:25,240 demo.py:63] epoch 436, train loss: 3602.61, average train loss: 3971.95, base loss: 13072.78
[INFO 2017-07-11 21:16:26,144 demo.py:63] epoch 437, train loss: 3799.70, average train loss: 3969.12, base loss: 13075.00
[INFO 2017-07-11 21:16:27,044 demo.py:63] epoch 438, train loss: 3295.95, average train loss: 3954.76, base loss: 13059.63
[INFO 2017-07-11 21:16:27,966 demo.py:63] epoch 439, train loss: 3634.20, average train loss: 3947.04, base loss: 13060.04
[INFO 2017-07-11 21:16:28,872 demo.py:63] epoch 440, train loss: 3601.60, average train loss: 3941.83, base loss: 13063.18
[INFO 2017-07-11 21:16:29,773 demo.py:63] epoch 441, train loss: 3825.75, average train loss: 3937.75, base loss: 13071.72
[INFO 2017-07-11 21:16:30,677 demo.py:63] epoch 442, train loss: 4187.36, average train loss: 3936.32, base loss: 13084.03
[INFO 2017-07-11 21:16:31,578 demo.py:63] epoch 443, train loss: 3797.42, average train loss: 3930.52, base loss: 13087.21
[INFO 2017-07-11 21:16:32,483 demo.py:63] epoch 444, train loss: 3891.93, average train loss: 3921.79, base loss: 13080.13
[INFO 2017-07-11 21:16:33,385 demo.py:63] epoch 445, train loss: 3734.77, average train loss: 3916.97, base loss: 13088.73
[INFO 2017-07-11 21:16:34,283 demo.py:63] epoch 446, train loss: 3653.26, average train loss: 3908.93, base loss: 13078.65
[INFO 2017-07-11 21:16:35,196 demo.py:63] epoch 447, train loss: 3776.26, average train loss: 3906.66, base loss: 13087.72
[INFO 2017-07-11 21:16:36,100 demo.py:63] epoch 448, train loss: 3763.07, average train loss: 3904.48, base loss: 13101.44
[INFO 2017-07-11 21:16:37,002 demo.py:63] epoch 449, train loss: 3682.21, average train loss: 3897.01, base loss: 13095.81
[INFO 2017-07-11 21:16:37,907 demo.py:63] epoch 450, train loss: 3740.05, average train loss: 3892.50, base loss: 13092.64
[INFO 2017-07-11 21:16:38,813 demo.py:63] epoch 451, train loss: 3614.90, average train loss: 3891.20, base loss: 13099.19
[INFO 2017-07-11 21:16:39,718 demo.py:63] epoch 452, train loss: 3524.46, average train loss: 3886.69, base loss: 13100.57
[INFO 2017-07-11 21:16:40,617 demo.py:63] epoch 453, train loss: 3734.20, average train loss: 3881.92, base loss: 13104.74
[INFO 2017-07-11 21:16:41,518 demo.py:63] epoch 454, train loss: 3529.81, average train loss: 3879.05, base loss: 13110.21
[INFO 2017-07-11 21:16:42,438 demo.py:63] epoch 455, train loss: 3494.87, average train loss: 3871.47, base loss: 13109.80
[INFO 2017-07-11 21:16:43,340 demo.py:63] epoch 456, train loss: 3767.55, average train loss: 3870.26, base loss: 13119.69
[INFO 2017-07-11 21:16:44,245 demo.py:63] epoch 457, train loss: 3449.92, average train loss: 3865.02, base loss: 13113.75
[INFO 2017-07-11 21:16:45,145 demo.py:63] epoch 458, train loss: 4057.61, average train loss: 3861.66, base loss: 13115.57
[INFO 2017-07-11 21:16:46,044 demo.py:63] epoch 459, train loss: 3611.68, average train loss: 3858.72, base loss: 13121.41
[INFO 2017-07-11 21:16:46,943 demo.py:63] epoch 460, train loss: 3809.61, average train loss: 3860.44, base loss: 13140.37
[INFO 2017-07-11 21:16:47,842 demo.py:63] epoch 461, train loss: 3868.39, average train loss: 3858.66, base loss: 13152.04
[INFO 2017-07-11 21:16:48,747 demo.py:63] epoch 462, train loss: 3650.63, average train loss: 3857.46, base loss: 13159.76
[INFO 2017-07-11 21:16:49,674 demo.py:63] epoch 463, train loss: 3646.46, average train loss: 3855.40, base loss: 13167.00
[INFO 2017-07-11 21:16:50,574 demo.py:63] epoch 464, train loss: 3426.72, average train loss: 3847.39, base loss: 13163.42
[INFO 2017-07-11 21:16:51,473 demo.py:63] epoch 465, train loss: 3482.83, average train loss: 3838.98, base loss: 13155.32
[INFO 2017-07-11 21:16:52,379 demo.py:63] epoch 466, train loss: 3769.79, average train loss: 3834.84, base loss: 13157.16
[INFO 2017-07-11 21:16:53,285 demo.py:63] epoch 467, train loss: 3392.58, average train loss: 3831.50, base loss: 13161.73
[INFO 2017-07-11 21:16:54,184 demo.py:63] epoch 468, train loss: 3586.30, average train loss: 3826.87, base loss: 13158.05
[INFO 2017-07-11 21:16:55,084 demo.py:63] epoch 469, train loss: 4266.27, average train loss: 3826.07, base loss: 13172.50
[INFO 2017-07-11 21:16:55,990 demo.py:63] epoch 470, train loss: 3814.39, average train loss: 3818.34, base loss: 13165.55
[INFO 2017-07-11 21:16:56,909 demo.py:63] epoch 471, train loss: 3627.90, average train loss: 3812.21, base loss: 13155.27
[INFO 2017-07-11 21:16:57,810 demo.py:63] epoch 472, train loss: 3764.80, average train loss: 3813.20, base loss: 13168.62
[INFO 2017-07-11 21:16:58,715 demo.py:63] epoch 473, train loss: 3629.39, average train loss: 3810.72, base loss: 13179.87
[INFO 2017-07-11 21:16:59,615 demo.py:63] epoch 474, train loss: 3574.31, average train loss: 3807.15, base loss: 13178.24
[INFO 2017-07-11 21:17:00,515 demo.py:63] epoch 475, train loss: 3902.96, average train loss: 3804.57, base loss: 13179.38
[INFO 2017-07-11 21:17:01,421 demo.py:63] epoch 476, train loss: 3876.17, average train loss: 3801.70, base loss: 13190.15
[INFO 2017-07-11 21:17:02,321 demo.py:63] epoch 477, train loss: 3406.20, average train loss: 3796.50, base loss: 13184.36
[INFO 2017-07-11 21:17:03,221 demo.py:63] epoch 478, train loss: 3596.08, average train loss: 3795.00, base loss: 13190.89
[INFO 2017-07-11 21:17:04,150 demo.py:63] epoch 479, train loss: 3779.31, average train loss: 3790.51, base loss: 13190.95
[INFO 2017-07-11 21:17:05,055 demo.py:63] epoch 480, train loss: 3543.04, average train loss: 3785.19, base loss: 13188.42
[INFO 2017-07-11 21:17:05,959 demo.py:63] epoch 481, train loss: 3777.31, average train loss: 3784.46, base loss: 13187.44
